[0.141s] Invoking command in '/home/maya/Documents/projects/agri-grasp-ros2/build/robotiq_description': CMAKE_PREFIX_PATH=${CMAKE_PREFIX_PATH}:/opt/ros/jazzy DEBUGINFOD_URLS=https://debuginfod.ubuntu.com /usr/bin/cmake /home/maya/Documents/projects/agri-grasp-ros2/src/ros2_robotiq_gripper/robotiq_description -DCMAKE_INSTALL_PREFIX=/home/maya/Documents/projects/agri-grasp-ros2/install/robotiq_description
[0.156s] -- Found ament_cmake: 2.5.6 (/opt/ros/jazzy/share/ament_cmake/cmake)
[0.306s] -- Override CMake install command with custom implementation using symlinks instead of copying resources
[0.375s] -- Configuring done (0.2s)
[0.379s] -- Generating done (0.0s)
[0.380s] -- Build files have been written to: /home/maya/Documents/projects/agri-grasp-ros2/build/robotiq_description
[0.383s] Invoked command in '/home/maya/Documents/projects/agri-grasp-ros2/build/robotiq_description' returned '0': CMAKE_PREFIX_PATH=${CMAKE_PREFIX_PATH}:/opt/ros/jazzy DEBUGINFOD_URLS=https://debuginfod.ubuntu.com /usr/bin/cmake /home/maya/Documents/projects/agri-grasp-ros2/src/ros2_robotiq_gripper/robotiq_description -DCMAKE_INSTALL_PREFIX=/home/maya/Documents/projects/agri-grasp-ros2/install/robotiq_description
[0.385s] Invoking command in '/home/maya/Documents/projects/agri-grasp-ros2/build/robotiq_description': CMAKE_PREFIX_PATH=${CMAKE_PREFIX_PATH}:/opt/ros/jazzy DEBUGINFOD_URLS=https://debuginfod.ubuntu.com /usr/bin/cmake --build /home/maya/Documents/projects/agri-grasp-ros2/build/robotiq_description -- -j22 -l22
[0.424s] Invoked command in '/home/maya/Documents/projects/agri-grasp-ros2/build/robotiq_description' returned '0': CMAKE_PREFIX_PATH=${CMAKE_PREFIX_PATH}:/opt/ros/jazzy DEBUGINFOD_URLS=https://debuginfod.ubuntu.com /usr/bin/cmake --build /home/maya/Documents/projects/agri-grasp-ros2/build/robotiq_description -- -j22 -l22
[0.431s] Invoking command in '/home/maya/Documents/projects/agri-grasp-ros2/build/robotiq_description': CMAKE_PREFIX_PATH=${CMAKE_PREFIX_PATH}:/opt/ros/jazzy DEBUGINFOD_URLS=https://debuginfod.ubuntu.com /usr/bin/cmake --install /home/maya/Documents/projects/agri-grasp-ros2/build/robotiq_description
[0.437s] -- Install configuration: ""
[0.437s] -- Execute custom install script
[0.437s] -- Up-to-date symlink: /home/maya/Documents/projects/agri-grasp-ros2/install/robotiq_description/share/robotiq_description/config/robotiq_controllers.yaml
[0.438s] -- Up-to-date symlink: /home/maya/Documents/projects/agri-grasp-ros2/install/robotiq_description/share/robotiq_description/launch/gazebo.launch.py
[0.438s] -- Up-to-date symlink: /home/maya/Documents/projects/agri-grasp-ros2/install/robotiq_description/share/robotiq_description/launch/robotiq_control.launch.py
[0.438s] -- Up-to-date symlink: /home/maya/Documents/projects/agri-grasp-ros2/install/robotiq_description/share/robotiq_description/launch/view_gripper.launch.py
[0.438s] -- Up-to-date symlink: /home/maya/Documents/projects/agri-grasp-ros2/install/robotiq_description/share/robotiq_description/meshes/collision/2f_140/robotiq_2f_140_base_link.stl
[0.438s] -- Up-to-date symlink: /home/maya/Documents/projects/agri-grasp-ros2/install/robotiq_description/share/robotiq_description/meshes/collision/2f_140/robotiq_2f_140_coupling.stl
[0.438s] -- Up-to-date symlink: /home/maya/Documents/projects/agri-grasp-ros2/install/robotiq_description/share/robotiq_description/meshes/collision/2f_140/robotiq_2f_140_inner_finger.stl
[0.438s] -- Up-to-date symlink: /home/maya/Documents/projects/agri-grasp-ros2/install/robotiq_description/share/robotiq_description/meshes/collision/2f_140/robotiq_2f_140_inner_knuckle.stl
[0.438s] -- Up-to-date symlink: /home/maya/Documents/projects/agri-grasp-ros2/install/robotiq_description/share/robotiq_description/meshes/collision/2f_140/robotiq_2f_140_outer_finger.stl
[0.438s] -- Up-to-date symlink: /home/maya/Documents/projects/agri-grasp-ros2/install/robotiq_description/share/robotiq_description/meshes/collision/2f_140/robotiq_2f_140_outer_knuckle.stl
[0.439s] -- Up-to-date symlink: /home/maya/Documents/projects/agri-grasp-ros2/install/robotiq_description/share/robotiq_description/meshes/collision/2f_85/left_finger.stl
[0.439s] -- Up-to-date symlink: /home/maya/Documents/projects/agri-grasp-ros2/install/robotiq_description/share/robotiq_description/meshes/collision/2f_85/left_finger_tip.stl
[0.439s] -- Up-to-date symlink: /home/maya/Documents/projects/agri-grasp-ros2/install/robotiq_description/share/robotiq_description/meshes/collision/2f_85/left_inner_knuckle.stl
[0.439s] -- Up-to-date symlink: /home/maya/Documents/projects/agri-grasp-ros2/install/robotiq_description/share/robotiq_description/meshes/collision/2f_85/left_knuckle.stl
[0.439s] -- Up-to-date symlink: /home/maya/Documents/projects/agri-grasp-ros2/install/robotiq_description/share/robotiq_description/meshes/collision/2f_85/right_finger.stl
[0.439s] -- Up-to-date symlink: /home/maya/Documents/projects/agri-grasp-ros2/install/robotiq_description/share/robotiq_description/meshes/collision/2f_85/right_finger_tip.stl
[0.439s] -- Up-to-date symlink: /home/maya/Documents/projects/agri-grasp-ros2/install/robotiq_description/share/robotiq_description/meshes/collision/2f_85/right_inner_knuckle.stl
[0.439s] -- Up-to-date symlink: /home/maya/Documents/projects/agri-grasp-ros2/install/robotiq_description/share/robotiq_description/meshes/collision/2f_85/right_knuckle.stl
[0.439s] -- Up-to-date symlink: /home/maya/Documents/projects/agri-grasp-ros2/install/robotiq_description/share/robotiq_description/meshes/collision/2f_85/robotiq_base.stl
[0.439s] -- Up-to-date symlink: /home/maya/Documents/projects/agri-grasp-ros2/install/robotiq_description/share/robotiq_description/meshes/collision/2f_85/ur_to_robotiq_adapter.stl
[0.440s] -- Up-to-date symlink: /home/maya/Documents/projects/agri-grasp-ros2/install/robotiq_description/share/robotiq_description/meshes/visual/2f_140/robotiq_2f_140_base_link.stl
[0.440s] -- Up-to-date symlink: /home/maya/Documents/projects/agri-grasp-ros2/install/robotiq_description/share/robotiq_description/meshes/visual/2f_140/robotiq_2f_140_coupling.stl
[0.440s] -- Up-to-date symlink: /home/maya/Documents/projects/agri-grasp-ros2/install/robotiq_description/share/robotiq_description/meshes/visual/2f_140/robotiq_2f_140_inner_finger.stl
[0.440s] -- Up-to-date symlink: /home/maya/Documents/projects/agri-grasp-ros2/install/robotiq_description/share/robotiq_description/meshes/visual/2f_140/robotiq_2f_140_inner_knuckle.stl
[0.440s] -- Up-to-date symlink: /home/maya/Documents/projects/agri-grasp-ros2/install/robotiq_description/share/robotiq_description/meshes/visual/2f_140/robotiq_2f_140_outer_finger.stl
[0.440s] -- Up-to-date symlink: /home/maya/Documents/projects/agri-grasp-ros2/install/robotiq_description/share/robotiq_description/meshes/visual/2f_140/robotiq_2f_140_outer_knuckle.stl
[0.440s] -- Up-to-date symlink: /home/maya/Documents/projects/agri-grasp-ros2/install/robotiq_description/share/robotiq_description/meshes/visual/2f_85/left_finger.dae
[0.440s] -- Up-to-date symlink: /home/maya/Documents/projects/agri-grasp-ros2/install/robotiq_description/share/robotiq_description/meshes/visual/2f_85/left_finger_tip.dae
[0.440s] -- Up-to-date symlink: /home/maya/Documents/projects/agri-grasp-ros2/install/robotiq_description/share/robotiq_description/meshes/visual/2f_85/left_inner_knuckle.dae
[0.440s] -- Up-to-date symlink: /home/maya/Documents/projects/agri-grasp-ros2/install/robotiq_description/share/robotiq_description/meshes/visual/2f_85/left_knuckle.dae
[0.441s] -- Up-to-date symlink: /home/maya/Documents/projects/agri-grasp-ros2/install/robotiq_description/share/robotiq_description/meshes/visual/2f_85/right_finger.dae
[0.441s] -- Up-to-date symlink: /home/maya/Documents/projects/agri-grasp-ros2/install/robotiq_description/share/robotiq_description/meshes/visual/2f_85/right_finger_tip.dae
[0.441s] -- Up-to-date symlink: /home/maya/Documents/projects/agri-grasp-ros2/install/robotiq_description/share/robotiq_description/meshes/visual/2f_85/right_inner_knuckle.dae
[0.441s] -- Up-to-date symlink: /home/maya/Documents/projects/agri-grasp-ros2/install/robotiq_description/share/robotiq_description/meshes/visual/2f_85/right_knuckle.dae
[0.441s] -- Up-to-date symlink: /home/maya/Documents/projects/agri-grasp-ros2/install/robotiq_description/share/robotiq_description/meshes/visual/2f_85/robotiq_base.dae
[0.441s] -- Up-to-date symlink: /home/maya/Documents/projects/agri-grasp-ros2/install/robotiq_description/share/robotiq_description/meshes/visual/2f_85/ur_to_robotiq_adapter.dae
[0.441s] -- Up-to-date symlink: /home/maya/Documents/projects/agri-grasp-ros2/install/robotiq_description/share/robotiq_description/models/tree_branch/model.config
[0.441s] -- Up-to-date symlink: /home/maya/Documents/projects/agri-grasp-ros2/install/robotiq_description/share/robotiq_description/models/tree_branch/model.sdf
[0.441s] -- Up-to-date symlink: /home/maya/Documents/projects/agri-grasp-ros2/install/robotiq_description/share/robotiq_description/models/tree_branch/tree_branch.stl
[0.442s] -- Up-to-date symlink: /home/maya/Documents/projects/agri-grasp-ros2/install/robotiq_description/share/robotiq_description/rviz/view_urdf.rviz
[0.442s] -- Up-to-date symlink: /home/maya/Documents/projects/agri-grasp-ros2/install/robotiq_description/share/robotiq_description/urdf/2f_140.ros2_control.xacro
[0.442s] -- Up-to-date symlink: /home/maya/Documents/projects/agri-grasp-ros2/install/robotiq_description/share/robotiq_description/urdf/2f_85.ros2_control.xacro
[0.442s] -- Up-to-date symlink: /home/maya/Documents/projects/agri-grasp-ros2/install/robotiq_description/share/robotiq_description/urdf/robotiq_2f_140.xacro
[0.442s] -- Up-to-date symlink: /home/maya/Documents/projects/agri-grasp-ros2/install/robotiq_description/share/robotiq_description/urdf/robotiq_2f_140_gripper.urdf.xacro
[0.442s] -- Up-to-date symlink: /home/maya/Documents/projects/agri-grasp-ros2/install/robotiq_description/share/robotiq_description/urdf/robotiq_2f_140_macro.urdf.xacro
[0.442s] -- Up-to-date symlink: /home/maya/Documents/projects/agri-grasp-ros2/install/robotiq_description/share/robotiq_description/urdf/robotiq_2f_85_gripper.urdf.xacro
[0.442s] -- Up-to-date symlink: /home/maya/Documents/projects/agri-grasp-ros2/install/robotiq_description/share/robotiq_description/urdf/robotiq_2f_85_macro.urdf.xacro
[0.442s] -- Up-to-date symlink: /home/maya/Documents/projects/agri-grasp-ros2/install/robotiq_description/share/robotiq_description/urdf/ur_to_robotiq_adapter.urdf.xacro
[0.442s] -- Up-to-date symlink: /home/maya/Documents/projects/agri-grasp-ros2/install/robotiq_description/share/robotiq_description/worlds/agri_grasp.world
[0.443s] -- Up-to-date symlink: /home/maya/Documents/projects/agri-grasp-ros2/install/robotiq_description/share/ament_index/resource_index/package_run_dependencies/robotiq_description
[0.443s] -- Up-to-date symlink: /home/maya/Documents/projects/agri-grasp-ros2/install/robotiq_description/share/ament_index/resource_index/parent_prefix_path/robotiq_description
[0.443s] -- Up-to-date symlink: /home/maya/Documents/projects/agri-grasp-ros2/install/robotiq_description/share/robotiq_description/environment/ament_prefix_path.sh
[0.443s] -- Up-to-date symlink: /home/maya/Documents/projects/agri-grasp-ros2/install/robotiq_description/share/robotiq_description/environment/ament_prefix_path.dsv
[0.443s] -- Up-to-date symlink: /home/maya/Documents/projects/agri-grasp-ros2/install/robotiq_description/share/robotiq_description/environment/path.sh
[0.443s] -- Up-to-date symlink: /home/maya/Documents/projects/agri-grasp-ros2/install/robotiq_description/share/robotiq_description/environment/path.dsv
[0.444s] -- Up-to-date symlink: /home/maya/Documents/projects/agri-grasp-ros2/install/robotiq_description/share/robotiq_description/local_setup.bash
[0.444s] -- Up-to-date symlink: /home/maya/Documents/projects/agri-grasp-ros2/install/robotiq_description/share/robotiq_description/local_setup.sh
[0.444s] -- Up-to-date symlink: /home/maya/Documents/projects/agri-grasp-ros2/install/robotiq_description/share/robotiq_description/local_setup.zsh
[0.444s] -- Up-to-date symlink: /home/maya/Documents/projects/agri-grasp-ros2/install/robotiq_description/share/robotiq_description/local_setup.dsv
[0.444s] -- Symlinking: /home/maya/Documents/projects/agri-grasp-ros2/install/robotiq_description/share/robotiq_description/package.dsv
[0.451s] -- Up-to-date symlink: /home/maya/Documents/projects/agri-grasp-ros2/install/robotiq_description/share/ament_index/resource_index/packages/robotiq_description
[0.451s] -- Up-to-date symlink: /home/maya/Documents/projects/agri-grasp-ros2/install/robotiq_description/share/robotiq_description/cmake/robotiq_descriptionConfig.cmake
[0.451s] -- Up-to-date symlink: /home/maya/Documents/projects/agri-grasp-ros2/install/robotiq_description/share/robotiq_description/cmake/robotiq_descriptionConfig-version.cmake
[0.451s] -- Up-to-date symlink: /home/maya/Documents/projects/agri-grasp-ros2/install/robotiq_description/share/robotiq_description/package.xml
[0.466s] Invoked command in '/home/maya/Documents/projects/agri-grasp-ros2/build/robotiq_description' returned '0': CMAKE_PREFIX_PATH=${CMAKE_PREFIX_PATH}:/opt/ros/jazzy DEBUGINFOD_URLS=https://debuginfod.ubuntu.com /usr/bin/cmake --install /home/maya/Documents/projects/agri-grasp-ros2/build/robotiq_description
