-- The C compiler identification is GNU 13.3.0
-- The CXX compiler identification is GNU 13.3.0
-- Detecting C compiler ABI info
-- Detecting C compiler ABI info - done
-- Check for working C compiler: /usr/bin/cc - skipped
-- Detecting C compile features
-- Detecting C compile features - done
-- Detecting CXX compiler ABI info
-- Detecting CXX compiler ABI info - done
-- Check for working CXX compiler: /usr/bin/c++ - skipped
-- Detecting CXX compile features
-- Detecting CXX compile features - done
-- Found ament_cmake: 2.5.6 (/opt/ros/jazzy/share/ament_cmake/cmake)
-- Found Python3: /usr/bin/python3 (found version "3.12.3") found components: Interpreter 
-- Override CMake install command with custom implementation using symlinks instead of copying resources
-- Configuring done (0.9s)
-- Generating done (0.0s)
-- Build files have been written to: /home/maya/Documents/projects/agri-grasp-ros2/build/fruit_models
-- Install configuration: ""
-- Execute custom install script
-- Symlinking: /home/maya/Documents/projects/agri-grasp-ros2/install/fruit_models/share/fruit_models/models/apple/apple.stl
-- Symlinking: /home/maya/Documents/projects/agri-grasp-ros2/install/fruit_models/share/fruit_models/models/apple/apple_config.xml
-- Symlinking: /home/maya/Documents/projects/agri-grasp-ros2/install/fruit_models/share/fruit_models/models/apple/apple_model.sdf
-- Symlinking: /home/maya/Documents/projects/agri-grasp-ros2/install/fruit_models/share/fruit_models/models/orange/model.config
-- Symlinking: /home/maya/Documents/projects/agri-grasp-ros2/install/fruit_models/share/fruit_models/models/orange/model.sdf
-- Symlinking: /home/maya/Documents/projects/agri-grasp-ros2/install/fruit_models/share/fruit_models/models/orange/orange.stl
-- Symlinking: /home/maya/Documents/projects/agri-grasp-ros2/install/fruit_models/share/fruit_models/models/peach/peach.stl
-- Symlinking: /home/maya/Documents/projects/agri-grasp-ros2/install/fruit_models/share/fruit_models/models/peach/peach_config.xml
-- Symlinking: /home/maya/Documents/projects/agri-grasp-ros2/install/fruit_models/share/fruit_models/models/peach/peach_model.sdf
-- Symlinking: /home/maya/Documents/projects/agri-grasp-ros2/install/fruit_models/share/fruit_models/models/pear/pear.stl
-- Symlinking: /home/maya/Documents/projects/agri-grasp-ros2/install/fruit_models/share/fruit_models/models/pear/pear_config.xml
-- Symlinking: /home/maya/Documents/projects/agri-grasp-ros2/install/fruit_models/share/fruit_models/models/pear/pear_model.sdf
-- Symlinking: /home/maya/Documents/projects/agri-grasp-ros2/install/fruit_models/share/fruit_models/models/tree_branch/model.config
-- Symlinking: /home/maya/Documents/projects/agri-grasp-ros2/install/fruit_models/share/fruit_models/models/tree_branch/model.sdf
-- Symlinking: /home/maya/Documents/projects/agri-grasp-ros2/install/fruit_models/share/fruit_models/models/tree_branch/tree_branch.stl
-- Symlinking: /home/maya/Documents/projects/agri-grasp-ros2/install/fruit_models/share/ament_index/resource_index/package_run_dependencies/fruit_models
-- Symlinking: /home/maya/Documents/projects/agri-grasp-ros2/install/fruit_models/share/ament_index/resource_index/parent_prefix_path/fruit_models
-- Symlinking: /home/maya/Documents/projects/agri-grasp-ros2/install/fruit_models/share/fruit_models/environment/ament_prefix_path.sh
-- Symlinking: /home/maya/Documents/projects/agri-grasp-ros2/install/fruit_models/share/fruit_models/environment/ament_prefix_path.dsv
-- Symlinking: /home/maya/Documents/projects/agri-grasp-ros2/install/fruit_models/share/fruit_models/environment/path.sh
-- Symlinking: /home/maya/Documents/projects/agri-grasp-ros2/install/fruit_models/share/fruit_models/environment/path.dsv
-- Symlinking: /home/maya/Documents/projects/agri-grasp-ros2/install/fruit_models/share/fruit_models/local_setup.bash
-- Symlinking: /home/maya/Documents/projects/agri-grasp-ros2/install/fruit_models/share/fruit_models/local_setup.sh
-- Symlinking: /home/maya/Documents/projects/agri-grasp-ros2/install/fruit_models/share/fruit_models/local_setup.zsh
-- Symlinking: /home/maya/Documents/projects/agri-grasp-ros2/install/fruit_models/share/fruit_models/local_setup.dsv
-- Symlinking: /home/maya/Documents/projects/agri-grasp-ros2/install/fruit_models/share/fruit_models/package.dsv
-- Symlinking: /home/maya/Documents/projects/agri-grasp-ros2/install/fruit_models/share/ament_index/resource_index/packages/fruit_models
-- Symlinking: /home/maya/Documents/projects/agri-grasp-ros2/install/fruit_models/share/fruit_models/cmake/fruit_modelsConfig.cmake
-- Symlinking: /home/maya/Documents/projects/agri-grasp-ros2/install/fruit_models/share/fruit_models/cmake/fruit_modelsConfig-version.cmake
-- Symlinking: /home/maya/Documents/projects/agri-grasp-ros2/install/fruit_models/share/fruit_models/package.xml
