[0.059s] DEBUG:colcon:Command line arguments: ['/usr/bin/colcon', 'build', '--symlink-install']
[0.059s] DEBUG:colcon:Parsed command line arguments: Namespace(log_base=None, log_level=None, verb_name='build', build_base='build', install_base='install', merge_install=False, symlink_install=True, test_result_base=None, continue_on_error=False, executor='parallel', parallel_workers=22, event_handlers=None, ignore_user_meta=False, metas=['./colcon.meta'], base_paths=['.'], packages_ignore=None, packages_ignore_regex=None, paths=None, packages_up_to=None, packages_up_to_regex=None, packages_above=None, packages_above_and_dependencies=None, packages_above_depth=None, packages_select_by_dep=None, packages_skip_by_dep=None, packages_skip_up_to=None, packages_select_build_failed=False, packages_skip_build_finished=False, packages_select_test_failures=False, packages_skip_test_passed=False, packages_select=None, packages_skip=None, packages_select_regex=None, packages_skip_regex=None, packages_start=None, packages_end=None, allow_overriding=[], cmake_args=None, cmake_target=None, cmake_target_skip_unavailable=False, cmake_clean_cache=False, cmake_clean_first=False, cmake_force_configure=False, ament_cmake_args=None, catkin_cmake_args=None, catkin_skip_building_tests=False, mixin_files=None, mixin=None, verb_parser=<colcon_mixin.mixin.mixin_argument.MixinArgumentDecorator object at 0x77592c694590>, verb_extension=<colcon_core.verb.build.BuildVerb object at 0x77592c7b1010>, main=<bound method BuildVerb.main of <colcon_core.verb.build.BuildVerb object at 0x77592c7b1010>>, mixin_verb=('build',))
[0.079s] Level 1:colcon.colcon_core.package_discovery:discover_packages(colcon_meta) check parameters
[0.079s] Level 1:colcon.colcon_core.package_discovery:discover_packages(recursive) check parameters
[0.079s] Level 1:colcon.colcon_core.package_discovery:discover_packages(ignore) check parameters
[0.079s] Level 1:colcon.colcon_core.package_discovery:discover_packages(path) check parameters
[0.079s] Level 1:colcon.colcon_core.package_discovery:discover_packages(colcon_meta) discover
[0.079s] Level 1:colcon.colcon_core.package_discovery:discover_packages(recursive) discover
[0.079s] INFO:colcon.colcon_core.package_discovery:Crawling recursively for packages in '/home/maya/Documents/projects/agri-grasp-ros2'
[0.079s] Level 1:colcon.colcon_core.package_identification:_identify(.) by extensions ['ignore', 'ignore_ament_install']
[0.079s] Level 1:colcon.colcon_core.package_identification:_identify(.) by extension 'ignore'
[0.079s] Level 1:colcon.colcon_core.package_identification:_identify(.) by extension 'ignore_ament_install'
[0.079s] Level 1:colcon.colcon_core.package_identification:_identify(.) by extensions ['colcon_pkg']
[0.079s] Level 1:colcon.colcon_core.package_identification:_identify(.) by extension 'colcon_pkg'
[0.079s] Level 1:colcon.colcon_core.package_identification:_identify(.) by extensions ['colcon_meta']
[0.079s] Level 1:colcon.colcon_core.package_identification:_identify(.) by extension 'colcon_meta'
[0.079s] Level 1:colcon.colcon_core.package_identification:_identify(.) by extensions ['ros']
[0.079s] Level 1:colcon.colcon_core.package_identification:_identify(.) by extension 'ros'
[0.093s] Level 1:colcon.colcon_core.package_identification:_identify(.) by extensions ['cmake', 'python']
[0.093s] Level 1:colcon.colcon_core.package_identification:_identify(.) by extension 'cmake'
[0.093s] Level 1:colcon.colcon_core.package_identification:_identify(.) by extension 'python'
[0.093s] Level 1:colcon.colcon_core.package_identification:_identify(.) by extensions ['python_setup_py']
[0.093s] Level 1:colcon.colcon_core.package_identification:_identify(.) by extension 'python_setup_py'
[0.093s] Level 1:colcon.colcon_core.package_identification:_identify(build) by extensions ['ignore', 'ignore_ament_install']
[0.093s] Level 1:colcon.colcon_core.package_identification:_identify(build) by extension 'ignore'
[0.093s] Level 1:colcon.colcon_core.package_identification:_identify(build) ignored
[0.093s] Level 1:colcon.colcon_core.package_identification:_identify(docs) by extensions ['ignore', 'ignore_ament_install']
[0.093s] Level 1:colcon.colcon_core.package_identification:_identify(docs) by extension 'ignore'
[0.093s] Level 1:colcon.colcon_core.package_identification:_identify(docs) by extension 'ignore_ament_install'
[0.093s] Level 1:colcon.colcon_core.package_identification:_identify(docs) by extensions ['colcon_pkg']
[0.093s] Level 1:colcon.colcon_core.package_identification:_identify(docs) by extension 'colcon_pkg'
[0.093s] Level 1:colcon.colcon_core.package_identification:_identify(docs) by extensions ['colcon_meta']
[0.093s] Level 1:colcon.colcon_core.package_identification:_identify(docs) by extension 'colcon_meta'
[0.093s] Level 1:colcon.colcon_core.package_identification:_identify(docs) by extensions ['ros']
[0.093s] Level 1:colcon.colcon_core.package_identification:_identify(docs) by extension 'ros'
[0.093s] Level 1:colcon.colcon_core.package_identification:_identify(docs) by extensions ['cmake', 'python']
[0.093s] Level 1:colcon.colcon_core.package_identification:_identify(docs) by extension 'cmake'
[0.093s] Level 1:colcon.colcon_core.package_identification:_identify(docs) by extension 'python'
[0.093s] Level 1:colcon.colcon_core.package_identification:_identify(docs) by extensions ['python_setup_py']
[0.093s] Level 1:colcon.colcon_core.package_identification:_identify(docs) by extension 'python_setup_py'
[0.093s] Level 1:colcon.colcon_core.package_identification:_identify(install) by extensions ['ignore', 'ignore_ament_install']
[0.093s] Level 1:colcon.colcon_core.package_identification:_identify(install) by extension 'ignore'
[0.093s] Level 1:colcon.colcon_core.package_identification:_identify(install) ignored
[0.094s] Level 1:colcon.colcon_core.package_identification:_identify(log) by extensions ['ignore', 'ignore_ament_install']
[0.094s] Level 1:colcon.colcon_core.package_identification:_identify(log) by extension 'ignore'
[0.094s] Level 1:colcon.colcon_core.package_identification:_identify(log) ignored
[0.094s] Level 1:colcon.colcon_core.package_identification:_identify(matlab) by extensions ['ignore', 'ignore_ament_install']
[0.094s] Level 1:colcon.colcon_core.package_identification:_identify(matlab) by extension 'ignore'
[0.094s] Level 1:colcon.colcon_core.package_identification:_identify(matlab) by extension 'ignore_ament_install'
[0.094s] Level 1:colcon.colcon_core.package_identification:_identify(matlab) by extensions ['colcon_pkg']
[0.094s] Level 1:colcon.colcon_core.package_identification:_identify(matlab) by extension 'colcon_pkg'
[0.094s] Level 1:colcon.colcon_core.package_identification:_identify(matlab) by extensions ['colcon_meta']
[0.094s] Level 1:colcon.colcon_core.package_identification:_identify(matlab) by extension 'colcon_meta'
[0.094s] Level 1:colcon.colcon_core.package_identification:_identify(matlab) by extensions ['ros']
[0.094s] Level 1:colcon.colcon_core.package_identification:_identify(matlab) by extension 'ros'
[0.094s] Level 1:colcon.colcon_core.package_identification:_identify(matlab) by extensions ['cmake', 'python']
[0.094s] Level 1:colcon.colcon_core.package_identification:_identify(matlab) by extension 'cmake'
[0.094s] Level 1:colcon.colcon_core.package_identification:_identify(matlab) by extension 'python'
[0.094s] Level 1:colcon.colcon_core.package_identification:_identify(matlab) by extensions ['python_setup_py']
[0.094s] Level 1:colcon.colcon_core.package_identification:_identify(matlab) by extension 'python_setup_py'
[0.094s] Level 1:colcon.colcon_core.package_identification:_identify(src) by extensions ['ignore', 'ignore_ament_install']
[0.094s] Level 1:colcon.colcon_core.package_identification:_identify(src) by extension 'ignore'
[0.094s] Level 1:colcon.colcon_core.package_identification:_identify(src) by extension 'ignore_ament_install'
[0.094s] Level 1:colcon.colcon_core.package_identification:_identify(src) by extensions ['colcon_pkg']
[0.094s] Level 1:colcon.colcon_core.package_identification:_identify(src) by extension 'colcon_pkg'
[0.094s] Level 1:colcon.colcon_core.package_identification:_identify(src) by extensions ['colcon_meta']
[0.094s] Level 1:colcon.colcon_core.package_identification:_identify(src) by extension 'colcon_meta'
[0.094s] Level 1:colcon.colcon_core.package_identification:_identify(src) by extensions ['ros']
[0.094s] Level 1:colcon.colcon_core.package_identification:_identify(src) by extension 'ros'
[0.094s] Level 1:colcon.colcon_core.package_identification:_identify(src) by extensions ['cmake', 'python']
[0.094s] Level 1:colcon.colcon_core.package_identification:_identify(src) by extension 'cmake'
[0.094s] Level 1:colcon.colcon_core.package_identification:_identify(src) by extension 'python'
[0.094s] Level 1:colcon.colcon_core.package_identification:_identify(src) by extensions ['python_setup_py']
[0.094s] Level 1:colcon.colcon_core.package_identification:_identify(src) by extension 'python_setup_py'
[0.094s] Level 1:colcon.colcon_core.package_identification:_identify(src/fruit_models) by extensions ['ignore', 'ignore_ament_install']
[0.094s] Level 1:colcon.colcon_core.package_identification:_identify(src/fruit_models) by extension 'ignore'
[0.094s] Level 1:colcon.colcon_core.package_identification:_identify(src/fruit_models) by extension 'ignore_ament_install'
[0.094s] Level 1:colcon.colcon_core.package_identification:_identify(src/fruit_models) by extensions ['colcon_pkg']
[0.094s] Level 1:colcon.colcon_core.package_identification:_identify(src/fruit_models) by extension 'colcon_pkg'
[0.094s] Level 1:colcon.colcon_core.package_identification:_identify(src/fruit_models) by extensions ['colcon_meta']
[0.094s] Level 1:colcon.colcon_core.package_identification:_identify(src/fruit_models) by extension 'colcon_meta'
[0.094s] Level 1:colcon.colcon_core.package_identification:_identify(src/fruit_models) by extensions ['ros']
[0.094s] Level 1:colcon.colcon_core.package_identification:_identify(src/fruit_models) by extension 'ros'
[0.096s] DEBUG:colcon.colcon_core.package_identification:Package 'src/fruit_models' with type 'ros.ament_cmake' and name 'fruit_models'
[0.096s] Level 1:colcon.colcon_core.package_identification:_identify(src/ros2_robotiq_gripper) by extensions ['ignore', 'ignore_ament_install']
[0.096s] Level 1:colcon.colcon_core.package_identification:_identify(src/ros2_robotiq_gripper) by extension 'ignore'
[0.096s] Level 1:colcon.colcon_core.package_identification:_identify(src/ros2_robotiq_gripper) by extension 'ignore_ament_install'
[0.096s] Level 1:colcon.colcon_core.package_identification:_identify(src/ros2_robotiq_gripper) by extensions ['colcon_pkg']
[0.096s] Level 1:colcon.colcon_core.package_identification:_identify(src/ros2_robotiq_gripper) by extension 'colcon_pkg'
[0.096s] Level 1:colcon.colcon_core.package_identification:_identify(src/ros2_robotiq_gripper) by extensions ['colcon_meta']
[0.096s] Level 1:colcon.colcon_core.package_identification:_identify(src/ros2_robotiq_gripper) by extension 'colcon_meta'
[0.096s] Level 1:colcon.colcon_core.package_identification:_identify(src/ros2_robotiq_gripper) by extensions ['ros']
[0.096s] Level 1:colcon.colcon_core.package_identification:_identify(src/ros2_robotiq_gripper) by extension 'ros'
[0.096s] Level 1:colcon.colcon_core.package_identification:_identify(src/ros2_robotiq_gripper) by extensions ['cmake', 'python']
[0.096s] Level 1:colcon.colcon_core.package_identification:_identify(src/ros2_robotiq_gripper) by extension 'cmake'
[0.096s] Level 1:colcon.colcon_core.package_identification:_identify(src/ros2_robotiq_gripper) by extension 'python'
[0.096s] Level 1:colcon.colcon_core.package_identification:_identify(src/ros2_robotiq_gripper) by extensions ['python_setup_py']
[0.096s] Level 1:colcon.colcon_core.package_identification:_identify(src/ros2_robotiq_gripper) by extension 'python_setup_py'
[0.096s] Level 1:colcon.colcon_core.package_identification:_identify(src/ros2_robotiq_gripper/robotiq_controllers) by extensions ['ignore', 'ignore_ament_install']
[0.096s] Level 1:colcon.colcon_core.package_identification:_identify(src/ros2_robotiq_gripper/robotiq_controllers) by extension 'ignore'
[0.096s] Level 1:colcon.colcon_core.package_identification:_identify(src/ros2_robotiq_gripper/robotiq_controllers) by extension 'ignore_ament_install'
[0.096s] Level 1:colcon.colcon_core.package_identification:_identify(src/ros2_robotiq_gripper/robotiq_controllers) by extensions ['colcon_pkg']
[0.096s] Level 1:colcon.colcon_core.package_identification:_identify(src/ros2_robotiq_gripper/robotiq_controllers) by extension 'colcon_pkg'
[0.096s] Level 1:colcon.colcon_core.package_identification:_identify(src/ros2_robotiq_gripper/robotiq_controllers) by extensions ['colcon_meta']
[0.096s] Level 1:colcon.colcon_core.package_identification:_identify(src/ros2_robotiq_gripper/robotiq_controllers) by extension 'colcon_meta'
[0.096s] Level 1:colcon.colcon_core.package_identification:_identify(src/ros2_robotiq_gripper/robotiq_controllers) by extensions ['ros']
[0.096s] Level 1:colcon.colcon_core.package_identification:_identify(src/ros2_robotiq_gripper/robotiq_controllers) by extension 'ros'
[0.096s] DEBUG:colcon.colcon_core.package_identification:Package 'src/ros2_robotiq_gripper/robotiq_controllers' with type 'ros.ament_cmake' and name 'robotiq_controllers'
[0.097s] Level 1:colcon.colcon_core.package_identification:_identify(src/ros2_robotiq_gripper/robotiq_description) by extensions ['ignore', 'ignore_ament_install']
[0.097s] Level 1:colcon.colcon_core.package_identification:_identify(src/ros2_robotiq_gripper/robotiq_description) by extension 'ignore'
[0.097s] Level 1:colcon.colcon_core.package_identification:_identify(src/ros2_robotiq_gripper/robotiq_description) by extension 'ignore_ament_install'
[0.097s] Level 1:colcon.colcon_core.package_identification:_identify(src/ros2_robotiq_gripper/robotiq_description) by extensions ['colcon_pkg']
[0.097s] Level 1:colcon.colcon_core.package_identification:_identify(src/ros2_robotiq_gripper/robotiq_description) by extension 'colcon_pkg'
[0.097s] Level 1:colcon.colcon_core.package_identification:_identify(src/ros2_robotiq_gripper/robotiq_description) by extensions ['colcon_meta']
[0.097s] Level 1:colcon.colcon_core.package_identification:_identify(src/ros2_robotiq_gripper/robotiq_description) by extension 'colcon_meta'
[0.097s] Level 1:colcon.colcon_core.package_identification:_identify(src/ros2_robotiq_gripper/robotiq_description) by extensions ['ros']
[0.097s] Level 1:colcon.colcon_core.package_identification:_identify(src/ros2_robotiq_gripper/robotiq_description) by extension 'ros'
[0.097s] DEBUG:colcon.colcon_core.package_identification:Package 'src/ros2_robotiq_gripper/robotiq_description' with type 'ros.ament_cmake' and name 'robotiq_description'
[0.097s] Level 1:colcon.colcon_core.package_identification:_identify(src/ros2_robotiq_gripper/robotiq_driver) by extensions ['ignore', 'ignore_ament_install']
[0.097s] Level 1:colcon.colcon_core.package_identification:_identify(src/ros2_robotiq_gripper/robotiq_driver) by extension 'ignore'
[0.097s] Level 1:colcon.colcon_core.package_identification:_identify(src/ros2_robotiq_gripper/robotiq_driver) ignored
[0.097s] Level 1:colcon.colcon_core.package_identification:_identify(src/ros2_robotiq_gripper/robotiq_hardware_tests) by extensions ['ignore', 'ignore_ament_install']
[0.097s] Level 1:colcon.colcon_core.package_identification:_identify(src/ros2_robotiq_gripper/robotiq_hardware_tests) by extension 'ignore'
[0.097s] Level 1:colcon.colcon_core.package_identification:_identify(src/ros2_robotiq_gripper/robotiq_hardware_tests) ignored
[0.097s] Level 1:colcon.colcon_core.package_identification:_identify(stl) by extensions ['ignore', 'ignore_ament_install']
[0.097s] Level 1:colcon.colcon_core.package_identification:_identify(stl) by extension 'ignore'
[0.097s] Level 1:colcon.colcon_core.package_identification:_identify(stl) by extension 'ignore_ament_install'
[0.097s] Level 1:colcon.colcon_core.package_identification:_identify(stl) by extensions ['colcon_pkg']
[0.097s] Level 1:colcon.colcon_core.package_identification:_identify(stl) by extension 'colcon_pkg'
[0.097s] Level 1:colcon.colcon_core.package_identification:_identify(stl) by extensions ['colcon_meta']
[0.097s] Level 1:colcon.colcon_core.package_identification:_identify(stl) by extension 'colcon_meta'
[0.097s] Level 1:colcon.colcon_core.package_identification:_identify(stl) by extensions ['ros']
[0.097s] Level 1:colcon.colcon_core.package_identification:_identify(stl) by extension 'ros'
[0.097s] Level 1:colcon.colcon_core.package_identification:_identify(stl) by extensions ['cmake', 'python']
[0.097s] Level 1:colcon.colcon_core.package_identification:_identify(stl) by extension 'cmake'
[0.097s] Level 1:colcon.colcon_core.package_identification:_identify(stl) by extension 'python'
[0.098s] Level 1:colcon.colcon_core.package_identification:_identify(stl) by extensions ['python_setup_py']
[0.098s] Level 1:colcon.colcon_core.package_identification:_identify(stl) by extension 'python_setup_py'
[0.098s] Level 1:colcon.colcon_core.package_discovery:discover_packages(recursive) using defaults
[0.098s] Level 1:colcon.colcon_core.package_discovery:discover_packages(ignore) discover
[0.098s] Level 1:colcon.colcon_core.package_discovery:discover_packages(ignore) using defaults
[0.098s] Level 1:colcon.colcon_core.package_discovery:discover_packages(path) discover
[0.098s] Level 1:colcon.colcon_core.package_discovery:discover_packages(path) using defaults
[0.107s] Level 1:colcon.colcon_core.package_discovery:discover_packages(prefix_path) check parameters
[0.107s] Level 1:colcon.colcon_core.package_discovery:discover_packages(prefix_path) discover
[0.108s] WARNING:colcon.colcon_ros.prefix_path.ament:The path '/home/maya/Documents/projects/agri-grasp-ros2/install/robotiq_description' in the environment variable AMENT_PREFIX_PATH doesn't exist
[0.108s] WARNING:colcon.colcon_ros.prefix_path.ament:The path '/home/maya/Documents/projects/agri-grasp-ros2/install/robotiq_controllers' in the environment variable AMENT_PREFIX_PATH doesn't exist
[0.108s] WARNING:colcon.colcon_ros.prefix_path.ament:The path '/home/maya/Documents/projects/agri-grasp-ros2/install/fruit_models' in the environment variable AMENT_PREFIX_PATH doesn't exist
[0.108s] WARNING:colcon.colcon_ros.prefix_path.catkin:The path '/home/maya/Documents/projects/agri-grasp-ros2/install/robotiq_description' in the environment variable CMAKE_PREFIX_PATH doesn't exist
[0.108s] WARNING:colcon.colcon_ros.prefix_path.catkin:The path '/home/maya/Documents/projects/agri-grasp-ros2/install/robotiq_controllers' in the environment variable CMAKE_PREFIX_PATH doesn't exist
[0.108s] WARNING:colcon.colcon_ros.prefix_path.catkin:The path '/home/maya/Documents/projects/agri-grasp-ros2/install/fruit_models' in the environment variable CMAKE_PREFIX_PATH doesn't exist
[0.108s] DEBUG:colcon.colcon_installed_package_information.package_discovery:Found 0 installed packages in /home/maya/Documents/projects/agri-grasp-ros2/install
[0.109s] DEBUG:colcon.colcon_installed_package_information.package_discovery:Found 364 installed packages in /opt/ros/jazzy
[0.110s] Level 1:colcon.colcon_core.package_discovery:discover_packages(prefix_path) using defaults
[0.134s] Level 5:colcon.colcon_core.verb:set package 'fruit_models' build argument 'cmake_args' from command line to 'None'
[0.134s] Level 5:colcon.colcon_core.verb:set package 'fruit_models' build argument 'cmake_target' from command line to 'None'
[0.134s] Level 5:colcon.colcon_core.verb:set package 'fruit_models' build argument 'cmake_target_skip_unavailable' from command line to 'False'
[0.134s] Level 5:colcon.colcon_core.verb:set package 'fruit_models' build argument 'cmake_clean_cache' from command line to 'False'
[0.134s] Level 5:colcon.colcon_core.verb:set package 'fruit_models' build argument 'cmake_clean_first' from command line to 'False'
[0.134s] Level 5:colcon.colcon_core.verb:set package 'fruit_models' build argument 'cmake_force_configure' from command line to 'False'
[0.134s] Level 5:colcon.colcon_core.verb:set package 'fruit_models' build argument 'ament_cmake_args' from command line to 'None'
[0.134s] Level 5:colcon.colcon_core.verb:set package 'fruit_models' build argument 'catkin_cmake_args' from command line to 'None'
[0.134s] Level 5:colcon.colcon_core.verb:set package 'fruit_models' build argument 'catkin_skip_building_tests' from command line to 'False'
[0.134s] DEBUG:colcon.colcon_core.verb:Building package 'fruit_models' with the following arguments: {'ament_cmake_args': None, 'build_base': '/home/maya/Documents/projects/agri-grasp-ros2/build/fruit_models', 'catkin_cmake_args': None, 'catkin_skip_building_tests': False, 'cmake_args': None, 'cmake_clean_cache': False, 'cmake_clean_first': False, 'cmake_force_configure': False, 'cmake_target': None, 'cmake_target_skip_unavailable': False, 'install_base': '/home/maya/Documents/projects/agri-grasp-ros2/install/fruit_models', 'merge_install': False, 'path': '/home/maya/Documents/projects/agri-grasp-ros2/src/fruit_models', 'symlink_install': True, 'test_result_base': None}
[0.135s] Level 5:colcon.colcon_core.verb:set package 'robotiq_controllers' build argument 'cmake_args' from command line to 'None'
[0.135s] Level 5:colcon.colcon_core.verb:set package 'robotiq_controllers' build argument 'cmake_target' from command line to 'None'
[0.135s] Level 5:colcon.colcon_core.verb:set package 'robotiq_controllers' build argument 'cmake_target_skip_unavailable' from command line to 'False'
[0.135s] Level 5:colcon.colcon_core.verb:set package 'robotiq_controllers' build argument 'cmake_clean_cache' from command line to 'False'
[0.135s] Level 5:colcon.colcon_core.verb:set package 'robotiq_controllers' build argument 'cmake_clean_first' from command line to 'False'
[0.135s] Level 5:colcon.colcon_core.verb:set package 'robotiq_controllers' build argument 'cmake_force_configure' from command line to 'False'
[0.135s] Level 5:colcon.colcon_core.verb:set package 'robotiq_controllers' build argument 'ament_cmake_args' from command line to 'None'
[0.135s] Level 5:colcon.colcon_core.verb:set package 'robotiq_controllers' build argument 'catkin_cmake_args' from command line to 'None'
[0.135s] Level 5:colcon.colcon_core.verb:set package 'robotiq_controllers' build argument 'catkin_skip_building_tests' from command line to 'False'
[0.135s] DEBUG:colcon.colcon_core.verb:Building package 'robotiq_controllers' with the following arguments: {'ament_cmake_args': None, 'build_base': '/home/maya/Documents/projects/agri-grasp-ros2/build/robotiq_controllers', 'catkin_cmake_args': None, 'catkin_skip_building_tests': False, 'cmake_args': None, 'cmake_clean_cache': False, 'cmake_clean_first': False, 'cmake_force_configure': False, 'cmake_target': None, 'cmake_target_skip_unavailable': False, 'install_base': '/home/maya/Documents/projects/agri-grasp-ros2/install/robotiq_controllers', 'merge_install': False, 'path': '/home/maya/Documents/projects/agri-grasp-ros2/src/ros2_robotiq_gripper/robotiq_controllers', 'symlink_install': True, 'test_result_base': None}
[0.135s] Level 5:colcon.colcon_core.verb:set package 'robotiq_description' build argument 'cmake_args' from command line to 'None'
[0.135s] Level 5:colcon.colcon_core.verb:set package 'robotiq_description' build argument 'cmake_target' from command line to 'None'
[0.135s] Level 5:colcon.colcon_core.verb:set package 'robotiq_description' build argument 'cmake_target_skip_unavailable' from command line to 'False'
[0.135s] Level 5:colcon.colcon_core.verb:set package 'robotiq_description' build argument 'cmake_clean_cache' from command line to 'False'
[0.135s] Level 5:colcon.colcon_core.verb:set package 'robotiq_description' build argument 'cmake_clean_first' from command line to 'False'
[0.135s] Level 5:colcon.colcon_core.verb:set package 'robotiq_description' build argument 'cmake_force_configure' from command line to 'False'
[0.135s] Level 5:colcon.colcon_core.verb:set package 'robotiq_description' build argument 'ament_cmake_args' from command line to 'None'
[0.135s] Level 5:colcon.colcon_core.verb:set package 'robotiq_description' build argument 'catkin_cmake_args' from command line to 'None'
[0.135s] Level 5:colcon.colcon_core.verb:set package 'robotiq_description' build argument 'catkin_skip_building_tests' from command line to 'False'
[0.135s] DEBUG:colcon.colcon_core.verb:Building package 'robotiq_description' with the following arguments: {'ament_cmake_args': None, 'build_base': '/home/maya/Documents/projects/agri-grasp-ros2/build/robotiq_description', 'catkin_cmake_args': None, 'catkin_skip_building_tests': False, 'cmake_args': None, 'cmake_clean_cache': False, 'cmake_clean_first': False, 'cmake_force_configure': False, 'cmake_target': None, 'cmake_target_skip_unavailable': False, 'install_base': '/home/maya/Documents/projects/agri-grasp-ros2/install/robotiq_description', 'merge_install': False, 'path': '/home/maya/Documents/projects/agri-grasp-ros2/src/ros2_robotiq_gripper/robotiq_description', 'symlink_install': True, 'test_result_base': None}
[0.135s] INFO:colcon.colcon_core.executor:Executing jobs using 'parallel' executor
[0.136s] DEBUG:colcon.colcon_parallel_executor.executor.parallel:run_until_complete
[0.136s] INFO:colcon.colcon_ros.task.ament_cmake.build:Building ROS package in '/home/maya/Documents/projects/agri-grasp-ros2/src/fruit_models' with build type 'ament_cmake'
[0.136s] INFO:colcon.colcon_cmake.task.cmake.build:Building CMake package in '/home/maya/Documents/projects/agri-grasp-ros2/src/fruit_models'
[0.137s] INFO:colcon.colcon_core.plugin_system:Skipping extension 'colcon_core.shell.bat': Not used on non-Windows systems
[0.137s] INFO:colcon.colcon_core.shell:Skip shell extension 'powershell' for command environment: Not usable outside of PowerShell
[0.137s] DEBUG:colcon.colcon_core.shell:Skip shell extension 'dsv' for command environment
[0.139s] INFO:colcon.colcon_ros.task.ament_cmake.build:Building ROS package in '/home/maya/Documents/projects/agri-grasp-ros2/src/ros2_robotiq_gripper/robotiq_controllers' with build type 'ament_cmake'
[0.139s] INFO:colcon.colcon_cmake.task.cmake.build:Building CMake package in '/home/maya/Documents/projects/agri-grasp-ros2/src/ros2_robotiq_gripper/robotiq_controllers'
[0.139s] INFO:colcon.colcon_core.shell:Skip shell extension 'powershell' for command environment: Not usable outside of PowerShell
[0.139s] DEBUG:colcon.colcon_core.shell:Skip shell extension 'dsv' for command environment
[0.141s] INFO:colcon.colcon_ros.task.ament_cmake.build:Building ROS package in '/home/maya/Documents/projects/agri-grasp-ros2/src/ros2_robotiq_gripper/robotiq_description' with build type 'ament_cmake'
[0.141s] INFO:colcon.colcon_cmake.task.cmake.build:Building CMake package in '/home/maya/Documents/projects/agri-grasp-ros2/src/ros2_robotiq_gripper/robotiq_description'
[0.141s] INFO:colcon.colcon_core.shell:Skip shell extension 'powershell' for command environment: Not usable outside of PowerShell
[0.141s] DEBUG:colcon.colcon_core.shell:Skip shell extension 'dsv' for command environment
[0.145s] DEBUG:colcon.colcon_core.event_handler.log_command:Invoking command in '/home/maya/Documents/projects/agri-grasp-ros2/build/fruit_models': CMAKE_PREFIX_PATH=${CMAKE_PREFIX_PATH}:/opt/ros/jazzy DEBUGINFOD_URLS=https://debuginfod.ubuntu.com /usr/bin/cmake /home/maya/Documents/projects/agri-grasp-ros2/src/fruit_models -DAMENT_CMAKE_SYMLINK_INSTALL=1 -DCMAKE_INSTALL_PREFIX=/home/maya/Documents/projects/agri-grasp-ros2/install/fruit_models
[0.147s] DEBUG:colcon.colcon_core.event_handler.log_command:Invoking command in '/home/maya/Documents/projects/agri-grasp-ros2/build/robotiq_controllers': CMAKE_PREFIX_PATH=${CMAKE_PREFIX_PATH}:/opt/ros/jazzy DEBUGINFOD_URLS=https://debuginfod.ubuntu.com /usr/bin/cmake /home/maya/Documents/projects/agri-grasp-ros2/src/ros2_robotiq_gripper/robotiq_controllers -DAMENT_CMAKE_SYMLINK_INSTALL=1 -DCMAKE_INSTALL_PREFIX=/home/maya/Documents/projects/agri-grasp-ros2/install/robotiq_controllers
[0.149s] DEBUG:colcon.colcon_core.event_handler.log_command:Invoking command in '/home/maya/Documents/projects/agri-grasp-ros2/build/robotiq_description': CMAKE_PREFIX_PATH=${CMAKE_PREFIX_PATH}:/opt/ros/jazzy DEBUGINFOD_URLS=https://debuginfod.ubuntu.com /usr/bin/cmake /home/maya/Documents/projects/agri-grasp-ros2/src/ros2_robotiq_gripper/robotiq_description -DAMENT_CMAKE_SYMLINK_INSTALL=1 -DCMAKE_INSTALL_PREFIX=/home/maya/Documents/projects/agri-grasp-ros2/install/robotiq_description
[0.685s] DEBUG:colcon.colcon_core.event_handler.log_command:Invoked command in '/home/maya/Documents/projects/agri-grasp-ros2/build/fruit_models' returned '0': CMAKE_PREFIX_PATH=${CMAKE_PREFIX_PATH}:/opt/ros/jazzy DEBUGINFOD_URLS=https://debuginfod.ubuntu.com /usr/bin/cmake /home/maya/Documents/projects/agri-grasp-ros2/src/fruit_models -DAMENT_CMAKE_SYMLINK_INSTALL=1 -DCMAKE_INSTALL_PREFIX=/home/maya/Documents/projects/agri-grasp-ros2/install/fruit_models
[0.686s] DEBUG:colcon.colcon_core.event_handler.log_command:Invoking command in '/home/maya/Documents/projects/agri-grasp-ros2/build/fruit_models': CMAKE_PREFIX_PATH=${CMAKE_PREFIX_PATH}:/opt/ros/jazzy DEBUGINFOD_URLS=https://debuginfod.ubuntu.com /usr/bin/cmake --build /home/maya/Documents/projects/agri-grasp-ros2/build/fruit_models -- -j22 -l22
[0.705s] DEBUG:colcon.colcon_core.event_handler.log_command:Invoked command in '/home/maya/Documents/projects/agri-grasp-ros2/build/robotiq_description' returned '0': CMAKE_PREFIX_PATH=${CMAKE_PREFIX_PATH}:/opt/ros/jazzy DEBUGINFOD_URLS=https://debuginfod.ubuntu.com /usr/bin/cmake /home/maya/Documents/projects/agri-grasp-ros2/src/ros2_robotiq_gripper/robotiq_description -DAMENT_CMAKE_SYMLINK_INSTALL=1 -DCMAKE_INSTALL_PREFIX=/home/maya/Documents/projects/agri-grasp-ros2/install/robotiq_description
[0.706s] DEBUG:colcon.colcon_core.event_handler.log_command:Invoking command in '/home/maya/Documents/projects/agri-grasp-ros2/build/robotiq_description': CMAKE_PREFIX_PATH=${CMAKE_PREFIX_PATH}:/opt/ros/jazzy DEBUGINFOD_URLS=https://debuginfod.ubuntu.com /usr/bin/cmake --build /home/maya/Documents/projects/agri-grasp-ros2/build/robotiq_description -- -j22 -l22
[0.720s] DEBUG:colcon.colcon_core.event_handler.log_command:Invoked command in '/home/maya/Documents/projects/agri-grasp-ros2/build/fruit_models' returned '0': CMAKE_PREFIX_PATH=${CMAKE_PREFIX_PATH}:/opt/ros/jazzy DEBUGINFOD_URLS=https://debuginfod.ubuntu.com /usr/bin/cmake --build /home/maya/Documents/projects/agri-grasp-ros2/build/fruit_models -- -j22 -l22
[0.728s] DEBUG:colcon.colcon_core.event_handler.log_command:Invoking command in '/home/maya/Documents/projects/agri-grasp-ros2/build/fruit_models': CMAKE_PREFIX_PATH=${CMAKE_PREFIX_PATH}:/opt/ros/jazzy DEBUGINFOD_URLS=https://debuginfod.ubuntu.com /usr/bin/cmake --install /home/maya/Documents/projects/agri-grasp-ros2/build/fruit_models
[0.738s] DEBUG:colcon.colcon_core.event_handler.log_command:Invoked command in '/home/maya/Documents/projects/agri-grasp-ros2/build/robotiq_description' returned '0': CMAKE_PREFIX_PATH=${CMAKE_PREFIX_PATH}:/opt/ros/jazzy DEBUGINFOD_URLS=https://debuginfod.ubuntu.com /usr/bin/cmake --build /home/maya/Documents/projects/agri-grasp-ros2/build/robotiq_description -- -j22 -l22
[0.739s] DEBUG:colcon.colcon_core.event_handler.log_command:Invoking command in '/home/maya/Documents/projects/agri-grasp-ros2/build/robotiq_description': CMAKE_PREFIX_PATH=${CMAKE_PREFIX_PATH}:/opt/ros/jazzy DEBUGINFOD_URLS=https://debuginfod.ubuntu.com /usr/bin/cmake --install /home/maya/Documents/projects/agri-grasp-ros2/build/robotiq_description
[0.944s] Level 1:colcon.colcon_core.environment:create_environment_scripts_only(fruit_models)
[0.944s] DEBUG:colcon.colcon_core.event_handler.log_command:Invoked command in '/home/maya/Documents/projects/agri-grasp-ros2/build/fruit_models' returned '0': CMAKE_PREFIX_PATH=${CMAKE_PREFIX_PATH}:/opt/ros/jazzy DEBUGINFOD_URLS=https://debuginfod.ubuntu.com /usr/bin/cmake --install /home/maya/Documents/projects/agri-grasp-ros2/build/fruit_models
[0.946s] Level 1:colcon.colcon_core.environment:checking '/home/maya/Documents/projects/agri-grasp-ros2/install/fruit_models' for CMake module files
[0.947s] Level 1:colcon.colcon_core.environment:checking '/home/maya/Documents/projects/agri-grasp-ros2/install/fruit_models' for CMake config files
[0.947s] Level 1:colcon.colcon_core.shell:create_environment_hook('fruit_models', 'cmake_prefix_path')
[0.947s] INFO:colcon.colcon_core.shell:Creating environment hook '/home/maya/Documents/projects/agri-grasp-ros2/install/fruit_models/share/fruit_models/hook/cmake_prefix_path.ps1'
[0.947s] INFO:colcon.colcon_core.shell:Creating environment descriptor '/home/maya/Documents/projects/agri-grasp-ros2/install/fruit_models/share/fruit_models/hook/cmake_prefix_path.dsv'
[0.948s] INFO:colcon.colcon_core.shell:Creating environment hook '/home/maya/Documents/projects/agri-grasp-ros2/install/fruit_models/share/fruit_models/hook/cmake_prefix_path.sh'
[0.948s] Level 1:colcon.colcon_core.environment:checking '/home/maya/Documents/projects/agri-grasp-ros2/install/fruit_models/bin'
[0.948s] Level 1:colcon.colcon_core.environment:checking '/home/maya/Documents/projects/agri-grasp-ros2/install/fruit_models/lib/pkgconfig/fruit_models.pc'
[0.948s] Level 1:colcon.colcon_core.environment:checking '/home/maya/Documents/projects/agri-grasp-ros2/install/fruit_models/lib/python3.12/site-packages'
[0.948s] Level 1:colcon.colcon_core.environment:checking '/home/maya/Documents/projects/agri-grasp-ros2/install/fruit_models/bin'
[0.949s] INFO:colcon.colcon_core.shell:Creating package script '/home/maya/Documents/projects/agri-grasp-ros2/install/fruit_models/share/fruit_models/package.ps1'
[0.949s] INFO:colcon.colcon_core.shell:Creating package descriptor '/home/maya/Documents/projects/agri-grasp-ros2/install/fruit_models/share/fruit_models/package.dsv'
[0.949s] INFO:colcon.colcon_core.shell:Creating package script '/home/maya/Documents/projects/agri-grasp-ros2/install/fruit_models/share/fruit_models/package.sh'
[0.950s] INFO:colcon.colcon_core.shell:Creating package script '/home/maya/Documents/projects/agri-grasp-ros2/install/fruit_models/share/fruit_models/package.bash'
[0.950s] INFO:colcon.colcon_core.shell:Creating package script '/home/maya/Documents/projects/agri-grasp-ros2/install/fruit_models/share/fruit_models/package.zsh'
[0.950s] Level 1:colcon.colcon_core.environment:create_file_with_runtime_dependencies(/home/maya/Documents/projects/agri-grasp-ros2/install/fruit_models/share/colcon-core/packages/fruit_models)
[0.951s] Level 1:colcon.colcon_core.environment:create_environment_scripts_only(fruit_models)
[0.951s] Level 1:colcon.colcon_core.environment:checking '/home/maya/Documents/projects/agri-grasp-ros2/install/fruit_models' for CMake module files
[0.951s] Level 1:colcon.colcon_core.environment:checking '/home/maya/Documents/projects/agri-grasp-ros2/install/fruit_models' for CMake config files
[0.951s] Level 1:colcon.colcon_core.shell:create_environment_hook('fruit_models', 'cmake_prefix_path')
[0.951s] INFO:colcon.colcon_core.shell:Creating environment hook '/home/maya/Documents/projects/agri-grasp-ros2/install/fruit_models/share/fruit_models/hook/cmake_prefix_path.ps1'
[0.951s] INFO:colcon.colcon_core.shell:Creating environment descriptor '/home/maya/Documents/projects/agri-grasp-ros2/install/fruit_models/share/fruit_models/hook/cmake_prefix_path.dsv'
[0.951s] INFO:colcon.colcon_core.shell:Creating environment hook '/home/maya/Documents/projects/agri-grasp-ros2/install/fruit_models/share/fruit_models/hook/cmake_prefix_path.sh'
[0.952s] Level 1:colcon.colcon_core.environment:checking '/home/maya/Documents/projects/agri-grasp-ros2/install/fruit_models/bin'
[0.952s] Level 1:colcon.colcon_core.environment:checking '/home/maya/Documents/projects/agri-grasp-ros2/install/fruit_models/lib/pkgconfig/fruit_models.pc'
[0.952s] Level 1:colcon.colcon_core.environment:checking '/home/maya/Documents/projects/agri-grasp-ros2/install/fruit_models/lib/python3.12/site-packages'
[0.952s] Level 1:colcon.colcon_core.environment:checking '/home/maya/Documents/projects/agri-grasp-ros2/install/fruit_models/bin'
[0.952s] INFO:colcon.colcon_core.shell:Creating package script '/home/maya/Documents/projects/agri-grasp-ros2/install/fruit_models/share/fruit_models/package.ps1'
[0.952s] INFO:colcon.colcon_core.shell:Creating package descriptor '/home/maya/Documents/projects/agri-grasp-ros2/install/fruit_models/share/fruit_models/package.dsv'
[0.953s] INFO:colcon.colcon_core.shell:Creating package script '/home/maya/Documents/projects/agri-grasp-ros2/install/fruit_models/share/fruit_models/package.sh'
[0.953s] INFO:colcon.colcon_core.shell:Creating package script '/home/maya/Documents/projects/agri-grasp-ros2/install/fruit_models/share/fruit_models/package.bash'
[0.953s] INFO:colcon.colcon_core.shell:Creating package script '/home/maya/Documents/projects/agri-grasp-ros2/install/fruit_models/share/fruit_models/package.zsh'
[0.953s] Level 1:colcon.colcon_core.environment:create_file_with_runtime_dependencies(/home/maya/Documents/projects/agri-grasp-ros2/install/fruit_models/share/colcon-core/packages/fruit_models)
[1.191s] Level 1:colcon.colcon_core.environment:create_environment_scripts_only(robotiq_description)
[1.192s] DEBUG:colcon.colcon_core.event_handler.log_command:Invoked command in '/home/maya/Documents/projects/agri-grasp-ros2/build/robotiq_description' returned '0': CMAKE_PREFIX_PATH=${CMAKE_PREFIX_PATH}:/opt/ros/jazzy DEBUGINFOD_URLS=https://debuginfod.ubuntu.com /usr/bin/cmake --install /home/maya/Documents/projects/agri-grasp-ros2/build/robotiq_description
[1.192s] Level 1:colcon.colcon_core.environment:checking '/home/maya/Documents/projects/agri-grasp-ros2/install/robotiq_description' for CMake module files
[1.193s] Level 1:colcon.colcon_core.environment:checking '/home/maya/Documents/projects/agri-grasp-ros2/install/robotiq_description' for CMake config files
[1.193s] Level 1:colcon.colcon_core.shell:create_environment_hook('robotiq_description', 'cmake_prefix_path')
[1.193s] INFO:colcon.colcon_core.shell:Creating environment hook '/home/maya/Documents/projects/agri-grasp-ros2/install/robotiq_description/share/robotiq_description/hook/cmake_prefix_path.ps1'
[1.193s] INFO:colcon.colcon_core.shell:Creating environment descriptor '/home/maya/Documents/projects/agri-grasp-ros2/install/robotiq_description/share/robotiq_description/hook/cmake_prefix_path.dsv'
[1.194s] INFO:colcon.colcon_core.shell:Creating environment hook '/home/maya/Documents/projects/agri-grasp-ros2/install/robotiq_description/share/robotiq_description/hook/cmake_prefix_path.sh'
[1.194s] Level 1:colcon.colcon_core.environment:checking '/home/maya/Documents/projects/agri-grasp-ros2/install/robotiq_description/bin'
[1.194s] Level 1:colcon.colcon_core.environment:checking '/home/maya/Documents/projects/agri-grasp-ros2/install/robotiq_description/lib/pkgconfig/robotiq_description.pc'
[1.194s] Level 1:colcon.colcon_core.environment:checking '/home/maya/Documents/projects/agri-grasp-ros2/install/robotiq_description/lib/python3.12/site-packages'
[1.195s] Level 1:colcon.colcon_core.environment:checking '/home/maya/Documents/projects/agri-grasp-ros2/install/robotiq_description/bin'
[1.195s] INFO:colcon.colcon_core.shell:Creating package script '/home/maya/Documents/projects/agri-grasp-ros2/install/robotiq_description/share/robotiq_description/package.ps1'
[1.195s] INFO:colcon.colcon_core.shell:Creating package descriptor '/home/maya/Documents/projects/agri-grasp-ros2/install/robotiq_description/share/robotiq_description/package.dsv'
[1.195s] INFO:colcon.colcon_core.shell:Creating package script '/home/maya/Documents/projects/agri-grasp-ros2/install/robotiq_description/share/robotiq_description/package.sh'
[1.195s] INFO:colcon.colcon_core.shell:Creating package script '/home/maya/Documents/projects/agri-grasp-ros2/install/robotiq_description/share/robotiq_description/package.bash'
[1.196s] INFO:colcon.colcon_core.shell:Creating package script '/home/maya/Documents/projects/agri-grasp-ros2/install/robotiq_description/share/robotiq_description/package.zsh'
[1.196s] Level 1:colcon.colcon_core.environment:create_file_with_runtime_dependencies(/home/maya/Documents/projects/agri-grasp-ros2/install/robotiq_description/share/colcon-core/packages/robotiq_description)
[1.196s] Level 1:colcon.colcon_core.environment:create_environment_scripts_only(robotiq_description)
[1.196s] Level 1:colcon.colcon_core.environment:checking '/home/maya/Documents/projects/agri-grasp-ros2/install/robotiq_description' for CMake module files
[1.197s] Level 1:colcon.colcon_core.environment:checking '/home/maya/Documents/projects/agri-grasp-ros2/install/robotiq_description' for CMake config files
[1.197s] Level 1:colcon.colcon_core.shell:create_environment_hook('robotiq_description', 'cmake_prefix_path')
[1.197s] INFO:colcon.colcon_core.shell:Creating environment hook '/home/maya/Documents/projects/agri-grasp-ros2/install/robotiq_description/share/robotiq_description/hook/cmake_prefix_path.ps1'
[1.197s] INFO:colcon.colcon_core.shell:Creating environment descriptor '/home/maya/Documents/projects/agri-grasp-ros2/install/robotiq_description/share/robotiq_description/hook/cmake_prefix_path.dsv'
[1.198s] INFO:colcon.colcon_core.shell:Creating environment hook '/home/maya/Documents/projects/agri-grasp-ros2/install/robotiq_description/share/robotiq_description/hook/cmake_prefix_path.sh'
[1.198s] Level 1:colcon.colcon_core.environment:checking '/home/maya/Documents/projects/agri-grasp-ros2/install/robotiq_description/bin'
[1.198s] Level 1:colcon.colcon_core.environment:checking '/home/maya/Documents/projects/agri-grasp-ros2/install/robotiq_description/lib/pkgconfig/robotiq_description.pc'
[1.198s] Level 1:colcon.colcon_core.environment:checking '/home/maya/Documents/projects/agri-grasp-ros2/install/robotiq_description/lib/python3.12/site-packages'
[1.198s] Level 1:colcon.colcon_core.environment:checking '/home/maya/Documents/projects/agri-grasp-ros2/install/robotiq_description/bin'
[1.198s] INFO:colcon.colcon_core.shell:Creating package script '/home/maya/Documents/projects/agri-grasp-ros2/install/robotiq_description/share/robotiq_description/package.ps1'
[1.199s] INFO:colcon.colcon_core.shell:Creating package descriptor '/home/maya/Documents/projects/agri-grasp-ros2/install/robotiq_description/share/robotiq_description/package.dsv'
[1.199s] INFO:colcon.colcon_core.shell:Creating package script '/home/maya/Documents/projects/agri-grasp-ros2/install/robotiq_description/share/robotiq_description/package.sh'
[1.199s] INFO:colcon.colcon_core.shell:Creating package script '/home/maya/Documents/projects/agri-grasp-ros2/install/robotiq_description/share/robotiq_description/package.bash'
[1.199s] INFO:colcon.colcon_core.shell:Creating package script '/home/maya/Documents/projects/agri-grasp-ros2/install/robotiq_description/share/robotiq_description/package.zsh'
[1.199s] Level 1:colcon.colcon_core.environment:create_file_with_runtime_dependencies(/home/maya/Documents/projects/agri-grasp-ros2/install/robotiq_description/share/colcon-core/packages/robotiq_description)
[1.321s] DEBUG:colcon.colcon_core.event_handler.log_command:Invoked command in '/home/maya/Documents/projects/agri-grasp-ros2/build/robotiq_controllers' returned '0': CMAKE_PREFIX_PATH=${CMAKE_PREFIX_PATH}:/opt/ros/jazzy DEBUGINFOD_URLS=https://debuginfod.ubuntu.com /usr/bin/cmake /home/maya/Documents/projects/agri-grasp-ros2/src/ros2_robotiq_gripper/robotiq_controllers -DAMENT_CMAKE_SYMLINK_INSTALL=1 -DCMAKE_INSTALL_PREFIX=/home/maya/Documents/projects/agri-grasp-ros2/install/robotiq_controllers
[1.322s] DEBUG:colcon.colcon_core.event_handler.log_command:Invoking command in '/home/maya/Documents/projects/agri-grasp-ros2/build/robotiq_controllers': CMAKE_PREFIX_PATH=${CMAKE_PREFIX_PATH}:/opt/ros/jazzy DEBUGINFOD_URLS=https://debuginfod.ubuntu.com /usr/bin/cmake --build /home/maya/Documents/projects/agri-grasp-ros2/build/robotiq_controllers -- -j22 -l22
[4.129s] DEBUG:colcon.colcon_core.event_handler.log_command:Invoked command in '/home/maya/Documents/projects/agri-grasp-ros2/build/robotiq_controllers' returned '0': CMAKE_PREFIX_PATH=${CMAKE_PREFIX_PATH}:/opt/ros/jazzy DEBUGINFOD_URLS=https://debuginfod.ubuntu.com /usr/bin/cmake --build /home/maya/Documents/projects/agri-grasp-ros2/build/robotiq_controllers -- -j22 -l22
[4.130s] DEBUG:colcon.colcon_core.event_handler.log_command:Invoking command in '/home/maya/Documents/projects/agri-grasp-ros2/build/robotiq_controllers': CMAKE_PREFIX_PATH=${CMAKE_PREFIX_PATH}:/opt/ros/jazzy DEBUGINFOD_URLS=https://debuginfod.ubuntu.com /usr/bin/cmake --install /home/maya/Documents/projects/agri-grasp-ros2/build/robotiq_controllers
[4.295s] Level 1:colcon.colcon_core.environment:create_environment_scripts_only(robotiq_controllers)
[4.296s] Level 1:colcon.colcon_core.environment:checking '/home/maya/Documents/projects/agri-grasp-ros2/install/robotiq_controllers' for CMake module files
[4.296s] DEBUG:colcon.colcon_core.event_handler.log_command:Invoked command in '/home/maya/Documents/projects/agri-grasp-ros2/build/robotiq_controllers' returned '0': CMAKE_PREFIX_PATH=${CMAKE_PREFIX_PATH}:/opt/ros/jazzy DEBUGINFOD_URLS=https://debuginfod.ubuntu.com /usr/bin/cmake --install /home/maya/Documents/projects/agri-grasp-ros2/build/robotiq_controllers
[4.297s] Level 1:colcon.colcon_core.environment:checking '/home/maya/Documents/projects/agri-grasp-ros2/install/robotiq_controllers' for CMake config files
[4.297s] Level 1:colcon.colcon_core.shell:create_environment_hook('robotiq_controllers', 'cmake_prefix_path')
[4.297s] INFO:colcon.colcon_core.shell:Creating environment hook '/home/maya/Documents/projects/agri-grasp-ros2/install/robotiq_controllers/share/robotiq_controllers/hook/cmake_prefix_path.ps1'
[4.298s] INFO:colcon.colcon_core.shell:Creating environment descriptor '/home/maya/Documents/projects/agri-grasp-ros2/install/robotiq_controllers/share/robotiq_controllers/hook/cmake_prefix_path.dsv'
[4.298s] INFO:colcon.colcon_core.shell:Creating environment hook '/home/maya/Documents/projects/agri-grasp-ros2/install/robotiq_controllers/share/robotiq_controllers/hook/cmake_prefix_path.sh'
[4.299s] Level 1:colcon.colcon_core.environment:checking '/home/maya/Documents/projects/agri-grasp-ros2/install/robotiq_controllers/lib'
[4.299s] Level 1:colcon.colcon_core.shell:create_environment_hook('robotiq_controllers', 'ld_library_path_lib')
[4.299s] INFO:colcon.colcon_core.shell:Creating environment hook '/home/maya/Documents/projects/agri-grasp-ros2/install/robotiq_controllers/share/robotiq_controllers/hook/ld_library_path_lib.ps1'
[4.299s] INFO:colcon.colcon_core.shell:Creating environment descriptor '/home/maya/Documents/projects/agri-grasp-ros2/install/robotiq_controllers/share/robotiq_controllers/hook/ld_library_path_lib.dsv'
[4.300s] INFO:colcon.colcon_core.shell:Creating environment hook '/home/maya/Documents/projects/agri-grasp-ros2/install/robotiq_controllers/share/robotiq_controllers/hook/ld_library_path_lib.sh'
[4.300s] Level 1:colcon.colcon_core.environment:checking '/home/maya/Documents/projects/agri-grasp-ros2/install/robotiq_controllers/bin'
[4.300s] Level 1:colcon.colcon_core.environment:checking '/home/maya/Documents/projects/agri-grasp-ros2/install/robotiq_controllers/lib/pkgconfig/robotiq_controllers.pc'
[4.300s] Level 1:colcon.colcon_core.environment:checking '/home/maya/Documents/projects/agri-grasp-ros2/install/robotiq_controllers/lib/python3.12/site-packages'
[4.300s] Level 1:colcon.colcon_core.environment:checking '/home/maya/Documents/projects/agri-grasp-ros2/install/robotiq_controllers/bin'
[4.300s] INFO:colcon.colcon_core.shell:Creating package script '/home/maya/Documents/projects/agri-grasp-ros2/install/robotiq_controllers/share/robotiq_controllers/package.ps1'
[4.301s] INFO:colcon.colcon_core.shell:Creating package descriptor '/home/maya/Documents/projects/agri-grasp-ros2/install/robotiq_controllers/share/robotiq_controllers/package.dsv'
[4.301s] INFO:colcon.colcon_core.shell:Creating package script '/home/maya/Documents/projects/agri-grasp-ros2/install/robotiq_controllers/share/robotiq_controllers/package.sh'
[4.301s] INFO:colcon.colcon_core.shell:Creating package script '/home/maya/Documents/projects/agri-grasp-ros2/install/robotiq_controllers/share/robotiq_controllers/package.bash'
[4.301s] INFO:colcon.colcon_core.shell:Creating package script '/home/maya/Documents/projects/agri-grasp-ros2/install/robotiq_controllers/share/robotiq_controllers/package.zsh'
[4.301s] Level 1:colcon.colcon_core.environment:create_file_with_runtime_dependencies(/home/maya/Documents/projects/agri-grasp-ros2/install/robotiq_controllers/share/colcon-core/packages/robotiq_controllers)
[4.302s] Level 1:colcon.colcon_core.environment:create_environment_scripts_only(robotiq_controllers)
[4.302s] Level 1:colcon.colcon_core.environment:checking '/home/maya/Documents/projects/agri-grasp-ros2/install/robotiq_controllers' for CMake module files
[4.302s] Level 1:colcon.colcon_core.environment:checking '/home/maya/Documents/projects/agri-grasp-ros2/install/robotiq_controllers' for CMake config files
[4.302s] Level 1:colcon.colcon_core.shell:create_environment_hook('robotiq_controllers', 'cmake_prefix_path')
[4.302s] INFO:colcon.colcon_core.shell:Creating environment hook '/home/maya/Documents/projects/agri-grasp-ros2/install/robotiq_controllers/share/robotiq_controllers/hook/cmake_prefix_path.ps1'
[4.303s] INFO:colcon.colcon_core.shell:Creating environment descriptor '/home/maya/Documents/projects/agri-grasp-ros2/install/robotiq_controllers/share/robotiq_controllers/hook/cmake_prefix_path.dsv'
[4.303s] INFO:colcon.colcon_core.shell:Creating environment hook '/home/maya/Documents/projects/agri-grasp-ros2/install/robotiq_controllers/share/robotiq_controllers/hook/cmake_prefix_path.sh'
[4.303s] Level 1:colcon.colcon_core.environment:checking '/home/maya/Documents/projects/agri-grasp-ros2/install/robotiq_controllers/lib'
[4.303s] Level 1:colcon.colcon_core.shell:create_environment_hook('robotiq_controllers', 'ld_library_path_lib')
[4.303s] INFO:colcon.colcon_core.shell:Creating environment hook '/home/maya/Documents/projects/agri-grasp-ros2/install/robotiq_controllers/share/robotiq_controllers/hook/ld_library_path_lib.ps1'
[4.304s] INFO:colcon.colcon_core.shell:Creating environment descriptor '/home/maya/Documents/projects/agri-grasp-ros2/install/robotiq_controllers/share/robotiq_controllers/hook/ld_library_path_lib.dsv'
[4.304s] INFO:colcon.colcon_core.shell:Creating environment hook '/home/maya/Documents/projects/agri-grasp-ros2/install/robotiq_controllers/share/robotiq_controllers/hook/ld_library_path_lib.sh'
[4.304s] Level 1:colcon.colcon_core.environment:checking '/home/maya/Documents/projects/agri-grasp-ros2/install/robotiq_controllers/bin'
[4.304s] Level 1:colcon.colcon_core.environment:checking '/home/maya/Documents/projects/agri-grasp-ros2/install/robotiq_controllers/lib/pkgconfig/robotiq_controllers.pc'
[4.304s] Level 1:colcon.colcon_core.environment:checking '/home/maya/Documents/projects/agri-grasp-ros2/install/robotiq_controllers/lib/python3.12/site-packages'
[4.304s] Level 1:colcon.colcon_core.environment:checking '/home/maya/Documents/projects/agri-grasp-ros2/install/robotiq_controllers/bin'
[4.304s] INFO:colcon.colcon_core.shell:Creating package script '/home/maya/Documents/projects/agri-grasp-ros2/install/robotiq_controllers/share/robotiq_controllers/package.ps1'
[4.305s] INFO:colcon.colcon_core.shell:Creating package descriptor '/home/maya/Documents/projects/agri-grasp-ros2/install/robotiq_controllers/share/robotiq_controllers/package.dsv'
[4.305s] INFO:colcon.colcon_core.shell:Creating package script '/home/maya/Documents/projects/agri-grasp-ros2/install/robotiq_controllers/share/robotiq_controllers/package.sh'
[4.305s] INFO:colcon.colcon_core.shell:Creating package script '/home/maya/Documents/projects/agri-grasp-ros2/install/robotiq_controllers/share/robotiq_controllers/package.bash'
[4.305s] INFO:colcon.colcon_core.shell:Creating package script '/home/maya/Documents/projects/agri-grasp-ros2/install/robotiq_controllers/share/robotiq_controllers/package.zsh'
[4.306s] Level 1:colcon.colcon_core.environment:create_file_with_runtime_dependencies(/home/maya/Documents/projects/agri-grasp-ros2/install/robotiq_controllers/share/colcon-core/packages/robotiq_controllers)
[4.306s] DEBUG:colcon.colcon_parallel_executor.executor.parallel:closing loop
[4.307s] DEBUG:colcon.colcon_parallel_executor.executor.parallel:loop closed
[4.307s] DEBUG:colcon.colcon_parallel_executor.executor.parallel:run_until_complete finished with '0'
[4.307s] DEBUG:colcon.colcon_core.event_reactor:joining thread
[4.310s] INFO:colcon.colcon_core.plugin_system:Skipping extension 'colcon_notification.desktop_notification.terminal_notifier': Not used on non-Darwin systems
[4.310s] INFO:colcon.colcon_core.plugin_system:Skipping extension 'colcon_notification.desktop_notification.win32': Not used on non-Windows systems
[4.310s] INFO:colcon.colcon_notification.desktop_notification:Sending desktop notification using 'notify2'
[4.325s] DEBUG:colcon.colcon_core.event_reactor:joined thread
[4.325s] INFO:colcon.colcon_core.shell:Creating prefix script '/home/maya/Documents/projects/agri-grasp-ros2/install/local_setup.ps1'
[4.326s] INFO:colcon.colcon_core.shell:Creating prefix util module '/home/maya/Documents/projects/agri-grasp-ros2/install/_local_setup_util_ps1.py'
[4.327s] INFO:colcon.colcon_core.shell:Creating prefix chain script '/home/maya/Documents/projects/agri-grasp-ros2/install/setup.ps1'
[4.328s] INFO:colcon.colcon_core.shell:Creating prefix script '/home/maya/Documents/projects/agri-grasp-ros2/install/local_setup.sh'
[4.328s] INFO:colcon.colcon_core.shell:Creating prefix util module '/home/maya/Documents/projects/agri-grasp-ros2/install/_local_setup_util_sh.py'
[4.329s] INFO:colcon.colcon_core.shell:Creating prefix chain script '/home/maya/Documents/projects/agri-grasp-ros2/install/setup.sh'
[4.329s] INFO:colcon.colcon_core.shell:Creating prefix script '/home/maya/Documents/projects/agri-grasp-ros2/install/local_setup.bash'
[4.330s] INFO:colcon.colcon_core.shell:Creating prefix chain script '/home/maya/Documents/projects/agri-grasp-ros2/install/setup.bash'
[4.330s] INFO:colcon.colcon_core.shell:Creating prefix script '/home/maya/Documents/projects/agri-grasp-ros2/install/local_setup.zsh'
[4.330s] INFO:colcon.colcon_core.shell:Creating prefix chain script '/home/maya/Documents/projects/agri-grasp-ros2/install/setup.zsh'
