[0.015s] Invoking command in '/home/maya/Documents/projects/agri-grasp-ros2/build/robotiq_description': CMAKE_PREFIX_PATH=${CMAKE_PREFIX_PATH}:/opt/ros/jazzy DEBUGINFOD_URLS=https://debuginfod.ubuntu.com /usr/bin/cmake /home/maya/Documents/projects/agri-grasp-ros2/src/ros2_robotiq_gripper/robotiq_description -DCMAKE_INSTALL_PREFIX=/home/maya/Documents/projects/agri-grasp-ros2/install/robotiq_description
[0.144s] -- The C compiler identification is GNU 13.3.0
[0.252s] -- The CXX compiler identification is GNU 13.3.0
[0.279s] -- Detecting C compiler ABI info
[0.413s] -- Detecting C compiler ABI info - done
[0.425s] -- Check for working C compiler: /usr/bin/cc - skipped
[0.426s] -- Detecting C compile features
[0.427s] -- Detecting C compile features - done
[0.440s] -- Detecting CXX compiler ABI info
[0.577s] -- Detecting CXX compiler ABI info - done
[0.590s] -- Check for working CXX compiler: /usr/bin/c++ - skipped
[0.590s] -- Detecting CXX compile features
[0.591s] -- Detecting CXX compile features - done
[0.599s] -- Found ament_cmake: 2.5.6 (/opt/ros/jazzy/share/ament_cmake/cmake)
[0.789s] -- Found Python3: /usr/bin/python3 (found version "3.12.3") found components: Interpreter 
[1.032s] -- Configuring done (1.0s)
[1.035s] -- Generating done (0.0s)
[1.036s] -- Build files have been written to: /home/maya/Documents/projects/agri-grasp-ros2/build/robotiq_description
[1.044s] Invoked command in '/home/maya/Documents/projects/agri-grasp-ros2/build/robotiq_description' returned '0': CMAKE_PREFIX_PATH=${CMAKE_PREFIX_PATH}:/opt/ros/jazzy DEBUGINFOD_URLS=https://debuginfod.ubuntu.com /usr/bin/cmake /home/maya/Documents/projects/agri-grasp-ros2/src/ros2_robotiq_gripper/robotiq_description -DCMAKE_INSTALL_PREFIX=/home/maya/Documents/projects/agri-grasp-ros2/install/robotiq_description
[1.046s] Invoking command in '/home/maya/Documents/projects/agri-grasp-ros2/build/robotiq_description': CMAKE_PREFIX_PATH=${CMAKE_PREFIX_PATH}:/opt/ros/jazzy DEBUGINFOD_URLS=https://debuginfod.ubuntu.com /usr/bin/cmake --build /home/maya/Documents/projects/agri-grasp-ros2/build/robotiq_description -- -j22 -l22
[1.100s] Invoked command in '/home/maya/Documents/projects/agri-grasp-ros2/build/robotiq_description' returned '0': CMAKE_PREFIX_PATH=${CMAKE_PREFIX_PATH}:/opt/ros/jazzy DEBUGINFOD_URLS=https://debuginfod.ubuntu.com /usr/bin/cmake --build /home/maya/Documents/projects/agri-grasp-ros2/build/robotiq_description -- -j22 -l22
[1.114s] Invoking command in '/home/maya/Documents/projects/agri-grasp-ros2/build/robotiq_description': CMAKE_PREFIX_PATH=${CMAKE_PREFIX_PATH}:/opt/ros/jazzy DEBUGINFOD_URLS=https://debuginfod.ubuntu.com /usr/bin/cmake --install /home/maya/Documents/projects/agri-grasp-ros2/build/robotiq_description
[1.126s] -- Install configuration: ""
[1.126s] -- Installing: /home/maya/Documents/projects/agri-grasp-ros2/install/robotiq_description/share/robotiq_description/config
[1.126s] -- Installing: /home/maya/Documents/projects/agri-grasp-ros2/install/robotiq_description/share/robotiq_description/config/robotiq_controllers.yaml
[1.126s] -- Installing: /home/maya/Documents/projects/agri-grasp-ros2/install/robotiq_description/share/robotiq_description/launch
[1.126s] -- Installing: /home/maya/Documents/projects/agri-grasp-ros2/install/robotiq_description/share/robotiq_description/launch/view_gripper.launch.py
[1.126s] -- Installing: /home/maya/Documents/projects/agri-grasp-ros2/install/robotiq_description/share/robotiq_description/launch/gazebo.launch.py
[1.126s] -- Installing: /home/maya/Documents/projects/agri-grasp-ros2/install/robotiq_description/share/robotiq_description/launch/robotiq_control.launch.py
[1.127s] -- Installing: /home/maya/Documents/projects/agri-grasp-ros2/install/robotiq_description/share/robotiq_description/meshes
[1.127s] -- Installing: /home/maya/Documents/projects/agri-grasp-ros2/install/robotiq_description/share/robotiq_description/meshes/collision
[1.127s] -- Installing: /home/maya/Documents/projects/agri-grasp-ros2/install/robotiq_description/share/robotiq_description/meshes/collision/2f_85
[1.127s] -- Installing: /home/maya/Documents/projects/agri-grasp-ros2/install/robotiq_description/share/robotiq_description/meshes/collision/2f_85/left_inner_knuckle.stl
[1.127s] -- Installing: /home/maya/Documents/projects/agri-grasp-ros2/install/robotiq_description/share/robotiq_description/meshes/collision/2f_85/right_finger.stl
[1.127s] -- Installing: /home/maya/Documents/projects/agri-grasp-ros2/install/robotiq_description/share/robotiq_description/meshes/collision/2f_85/right_finger_tip.stl
[1.128s] -- Installing: /home/maya/Documents/projects/agri-grasp-ros2/install/robotiq_description/share/robotiq_description/meshes/collision/2f_85/ur_to_robotiq_adapter.stl
[1.128s] -- Installing: /home/maya/Documents/projects/agri-grasp-ros2/install/robotiq_description/share/robotiq_description/meshes/collision/2f_85/robotiq_base.stl
[1.128s] -- Installing: /home/maya/Documents/projects/agri-grasp-ros2/install/robotiq_description/share/robotiq_description/meshes/collision/2f_85/right_knuckle.stl
[1.128s] -- Installing: /home/maya/Documents/projects/agri-grasp-ros2/install/robotiq_description/share/robotiq_description/meshes/collision/2f_85/left_finger.stl
[1.129s] -- Installing: /home/maya/Documents/projects/agri-grasp-ros2/install/robotiq_description/share/robotiq_description/meshes/collision/2f_85/left_finger_tip.stl
[1.129s] -- Installing: /home/maya/Documents/projects/agri-grasp-ros2/install/robotiq_description/share/robotiq_description/meshes/collision/2f_85/right_inner_knuckle.stl
[1.129s] -- Installing: /home/maya/Documents/projects/agri-grasp-ros2/install/robotiq_description/share/robotiq_description/meshes/collision/2f_85/left_knuckle.stl
[1.129s] -- Installing: /home/maya/Documents/projects/agri-grasp-ros2/install/robotiq_description/share/robotiq_description/meshes/collision/2f_140
[1.129s] -- Installing: /home/maya/Documents/projects/agri-grasp-ros2/install/robotiq_description/share/robotiq_description/meshes/collision/2f_140/robotiq_2f_140_coupling.stl
[1.129s] -- Installing: /home/maya/Documents/projects/agri-grasp-ros2/install/robotiq_description/share/robotiq_description/meshes/collision/2f_140/robotiq_2f_140_outer_finger.stl
[1.129s] -- Installing: /home/maya/Documents/projects/agri-grasp-ros2/install/robotiq_description/share/robotiq_description/meshes/collision/2f_140/robotiq_2f_140_base_link.stl
[1.130s] -- Installing: /home/maya/Documents/projects/agri-grasp-ros2/install/robotiq_description/share/robotiq_description/meshes/collision/2f_140/robotiq_2f_140_inner_knuckle.stl
[1.130s] -- Installing: /home/maya/Documents/projects/agri-grasp-ros2/install/robotiq_description/share/robotiq_description/meshes/collision/2f_140/robotiq_2f_140_inner_finger.stl
[1.130s] -- Installing: /home/maya/Documents/projects/agri-grasp-ros2/install/robotiq_description/share/robotiq_description/meshes/collision/2f_140/robotiq_2f_140_outer_knuckle.stl
[1.131s] -- Installing: /home/maya/Documents/projects/agri-grasp-ros2/install/robotiq_description/share/robotiq_description/meshes/visual
[1.131s] -- Installing: /home/maya/Documents/projects/agri-grasp-ros2/install/robotiq_description/share/robotiq_description/meshes/visual/2f_85
[1.131s] -- Installing: /home/maya/Documents/projects/agri-grasp-ros2/install/robotiq_description/share/robotiq_description/meshes/visual/2f_85/right_finger_tip.dae
[1.131s] -- Installing: /home/maya/Documents/projects/agri-grasp-ros2/install/robotiq_description/share/robotiq_description/meshes/visual/2f_85/left_inner_knuckle.dae
[1.131s] -- Installing: /home/maya/Documents/projects/agri-grasp-ros2/install/robotiq_description/share/robotiq_description/meshes/visual/2f_85/left_finger.dae
[1.132s] -- Installing: /home/maya/Documents/projects/agri-grasp-ros2/install/robotiq_description/share/robotiq_description/meshes/visual/2f_85/right_finger.dae
[1.133s] -- Installing: /home/maya/Documents/projects/agri-grasp-ros2/install/robotiq_description/share/robotiq_description/meshes/visual/2f_85/robotiq_base.dae
[1.134s] -- Installing: /home/maya/Documents/projects/agri-grasp-ros2/install/robotiq_description/share/robotiq_description/meshes/visual/2f_85/left_finger_tip.dae
[1.135s] -- Installing: /home/maya/Documents/projects/agri-grasp-ros2/install/robotiq_description/share/robotiq_description/meshes/visual/2f_85/ur_to_robotiq_adapter.dae
[1.135s] -- Installing: /home/maya/Documents/projects/agri-grasp-ros2/install/robotiq_description/share/robotiq_description/meshes/visual/2f_85/right_knuckle.dae
[1.136s] -- Installing: /home/maya/Documents/projects/agri-grasp-ros2/install/robotiq_description/share/robotiq_description/meshes/visual/2f_85/right_inner_knuckle.dae
[1.136s] -- Installing: /home/maya/Documents/projects/agri-grasp-ros2/install/robotiq_description/share/robotiq_description/meshes/visual/2f_85/left_knuckle.dae
[1.136s] -- Installing: /home/maya/Documents/projects/agri-grasp-ros2/install/robotiq_description/share/robotiq_description/meshes/visual/2f_140
[1.137s] -- Installing: /home/maya/Documents/projects/agri-grasp-ros2/install/robotiq_description/share/robotiq_description/meshes/visual/2f_140/robotiq_2f_140_coupling.stl
[1.137s] -- Installing: /home/maya/Documents/projects/agri-grasp-ros2/install/robotiq_description/share/robotiq_description/meshes/visual/2f_140/robotiq_2f_140_outer_finger.stl
[1.138s] -- Installing: /home/maya/Documents/projects/agri-grasp-ros2/install/robotiq_description/share/robotiq_description/meshes/visual/2f_140/robotiq_2f_140_base_link.stl
[1.139s] -- Installing: /home/maya/Documents/projects/agri-grasp-ros2/install/robotiq_description/share/robotiq_description/meshes/visual/2f_140/robotiq_2f_140_inner_knuckle.stl
[1.140s] -- Installing: /home/maya/Documents/projects/agri-grasp-ros2/install/robotiq_description/share/robotiq_description/meshes/visual/2f_140/robotiq_2f_140_inner_finger.stl
[1.140s] -- Installing: /home/maya/Documents/projects/agri-grasp-ros2/install/robotiq_description/share/robotiq_description/meshes/visual/2f_140/robotiq_2f_140_outer_knuckle.stl
[1.141s] -- Installing: /home/maya/Documents/projects/agri-grasp-ros2/install/robotiq_description/share/robotiq_description/models
[1.141s] -- Installing: /home/maya/Documents/projects/agri-grasp-ros2/install/robotiq_description/share/robotiq_description/models/branch
[1.141s] -- Installing: /home/maya/Documents/projects/agri-grasp-ros2/install/robotiq_description/share/robotiq_description/models/branch/branch.stl
[1.176s] -- Installing: /home/maya/Documents/projects/agri-grasp-ros2/install/robotiq_description/share/robotiq_description/models/branch/model.sdf
[1.176s] -- Installing: /home/maya/Documents/projects/agri-grasp-ros2/install/robotiq_description/share/robotiq_description/models/branch/model.config
[1.177s] -- Installing: /home/maya/Documents/projects/agri-grasp-ros2/install/robotiq_description/share/robotiq_description/rviz
[1.177s] -- Installing: /home/maya/Documents/projects/agri-grasp-ros2/install/robotiq_description/share/robotiq_description/rviz/view_urdf.rviz
[1.177s] -- Installing: /home/maya/Documents/projects/agri-grasp-ros2/install/robotiq_description/share/robotiq_description/urdf
[1.177s] -- Installing: /home/maya/Documents/projects/agri-grasp-ros2/install/robotiq_description/share/robotiq_description/urdf/2f_85.ros2_control.xacro
[1.177s] -- Installing: /home/maya/Documents/projects/agri-grasp-ros2/install/robotiq_description/share/robotiq_description/urdf/2f_140.ros2_control.xacro
[1.177s] -- Installing: /home/maya/Documents/projects/agri-grasp-ros2/install/robotiq_description/share/robotiq_description/urdf/robotiq_2f_85_macro.urdf.xacro
[1.178s] -- Installing: /home/maya/Documents/projects/agri-grasp-ros2/install/robotiq_description/share/robotiq_description/urdf/robotiq_2f_140.xacro
[1.178s] -- Installing: /home/maya/Documents/projects/agri-grasp-ros2/install/robotiq_description/share/robotiq_description/urdf/robotiq_2f_85_gripper.urdf.xacro
[1.178s] -- Installing: /home/maya/Documents/projects/agri-grasp-ros2/install/robotiq_description/share/robotiq_description/urdf/robotiq_2f_140_macro.urdf.xacro
[1.179s] -- Installing: /home/maya/Documents/projects/agri-grasp-ros2/install/robotiq_description/share/robotiq_description/urdf/robotiq_2f_140_gripper.urdf.xacro
[1.179s] -- Installing: /home/maya/Documents/projects/agri-grasp-ros2/install/robotiq_description/share/robotiq_description/urdf/ur_to_robotiq_adapter.urdf.xacro
[1.179s] -- Installing: /home/maya/Documents/projects/agri-grasp-ros2/install/robotiq_description/share/robotiq_description/worlds
[1.179s] -- Installing: /home/maya/Documents/projects/agri-grasp-ros2/install/robotiq_description/share/robotiq_description/worlds/agri_grasp.world
[1.179s] -- Installing: /home/maya/Documents/projects/agri-grasp-ros2/install/robotiq_description/share/ament_index/resource_index/package_run_dependencies/robotiq_description
[1.179s] -- Installing: /home/maya/Documents/projects/agri-grasp-ros2/install/robotiq_description/share/ament_index/resource_index/parent_prefix_path/robotiq_description
[1.179s] -- Installing: /home/maya/Documents/projects/agri-grasp-ros2/install/robotiq_description/share/robotiq_description/environment/ament_prefix_path.sh
[1.179s] -- Installing: /home/maya/Documents/projects/agri-grasp-ros2/install/robotiq_description/share/robotiq_description/environment/ament_prefix_path.dsv
[1.179s] -- Installing: /home/maya/Documents/projects/agri-grasp-ros2/install/robotiq_description/share/robotiq_description/environment/path.sh
[1.179s] -- Installing: /home/maya/Documents/projects/agri-grasp-ros2/install/robotiq_description/share/robotiq_description/environment/path.dsv
[1.180s] -- Installing: /home/maya/Documents/projects/agri-grasp-ros2/install/robotiq_description/share/robotiq_description/local_setup.bash
[1.180s] -- Installing: /home/maya/Documents/projects/agri-grasp-ros2/install/robotiq_description/share/robotiq_description/local_setup.sh
[1.180s] -- Installing: /home/maya/Documents/projects/agri-grasp-ros2/install/robotiq_description/share/robotiq_description/local_setup.zsh
[1.180s] -- Installing: /home/maya/Documents/projects/agri-grasp-ros2/install/robotiq_description/share/robotiq_description/local_setup.dsv
[1.180s] -- Installing: /home/maya/Documents/projects/agri-grasp-ros2/install/robotiq_description/share/robotiq_description/package.dsv
[1.180s] -- Installing: /home/maya/Documents/projects/agri-grasp-ros2/install/robotiq_description/share/ament_index/resource_index/packages/robotiq_description
[1.180s] -- Installing: /home/maya/Documents/projects/agri-grasp-ros2/install/robotiq_description/share/robotiq_description/cmake/robotiq_descriptionConfig.cmake
[1.180s] -- Installing: /home/maya/Documents/projects/agri-grasp-ros2/install/robotiq_description/share/robotiq_description/cmake/robotiq_descriptionConfig-version.cmake
[1.180s] -- Installing: /home/maya/Documents/projects/agri-grasp-ros2/install/robotiq_description/share/robotiq_description/package.xml
[1.183s] Invoked command in '/home/maya/Documents/projects/agri-grasp-ros2/build/robotiq_description' returned '0': CMAKE_PREFIX_PATH=${CMAKE_PREFIX_PATH}:/opt/ros/jazzy DEBUGINFOD_URLS=https://debuginfod.ubuntu.com /usr/bin/cmake --install /home/maya/Documents/projects/agri-grasp-ros2/build/robotiq_description
