[0.016s] Invoking command in '/home/maya/Documents/projects/agri-grasp-ros2/build/robotiq_controllers': CMAKE_PREFIX_PATH=${CMAKE_PREFIX_PATH}:/opt/ros/jazzy DEBUGINFOD_URLS=https://debuginfod.ubuntu.com /usr/bin/cmake --build /home/maya/Documents/projects/agri-grasp-ros2/build/robotiq_controllers -- -j22 -l22
[0.091s] [100%] Built target robotiq_controllers
[0.109s] Invoked command in '/home/maya/Documents/projects/agri-grasp-ros2/build/robotiq_controllers' returned '0': CMAKE_PREFIX_PATH=${CMAKE_PREFIX_PATH}:/opt/ros/jazzy DEBUGINFOD_URLS=https://debuginfod.ubuntu.com /usr/bin/cmake --build /home/maya/Documents/projects/agri-grasp-ros2/build/robotiq_controllers -- -j22 -l22
[0.111s] Invoking command in '/home/maya/Documents/projects/agri-grasp-ros2/build/robotiq_controllers': CMAKE_PREFIX_PATH=${CMAKE_PREFIX_PATH}:/opt/ros/jazzy DEBUGINFOD_URLS=https://debuginfod.ubuntu.com /usr/bin/cmake --install /home/maya/Documents/projects/agri-grasp-ros2/build/robotiq_controllers
[0.119s] -- Install configuration: ""
[0.122s] -- Execute custom install script
[0.122s] -- Up-to-date symlink: /home/maya/Documents/projects/agri-grasp-ros2/install/robotiq_controllers/share/robotiq_controllers//controller_plugins.xml
[0.122s] -- Up-to-date symlink: /home/maya/Documents/projects/agri-grasp-ros2/install/robotiq_controllers/include/robotiq_controllers/robotiq_activation_controller.hpp
[0.122s] -- Up-to-date symlink: /home/maya/Documents/projects/agri-grasp-ros2/install/robotiq_controllers/share/robotiq_controllers/environment/library_path.sh
[0.123s] -- Up-to-date symlink: /home/maya/Documents/projects/agri-grasp-ros2/install/robotiq_controllers/share/robotiq_controllers/environment/library_path.dsv
[0.123s] -- Up-to-date symlink: /home/maya/Documents/projects/agri-grasp-ros2/install/robotiq_controllers/share/ament_index/resource_index/package_run_dependencies/robotiq_controllers
[0.123s] -- Up-to-date symlink: /home/maya/Documents/projects/agri-grasp-ros2/install/robotiq_controllers/share/ament_index/resource_index/parent_prefix_path/robotiq_controllers
[0.123s] -- Up-to-date symlink: /home/maya/Documents/projects/agri-grasp-ros2/install/robotiq_controllers/share/robotiq_controllers/environment/ament_prefix_path.sh
[0.124s] -- Up-to-date symlink: /home/maya/Documents/projects/agri-grasp-ros2/install/robotiq_controllers/share/robotiq_controllers/environment/ament_prefix_path.dsv
[0.124s] -- Up-to-date symlink: /home/maya/Documents/projects/agri-grasp-ros2/install/robotiq_controllers/share/robotiq_controllers/environment/path.sh
[0.124s] -- Up-to-date symlink: /home/maya/Documents/projects/agri-grasp-ros2/install/robotiq_controllers/share/robotiq_controllers/environment/path.dsv
[0.124s] -- Up-to-date symlink: /home/maya/Documents/projects/agri-grasp-ros2/install/robotiq_controllers/share/robotiq_controllers/local_setup.bash
[0.126s] -- Up-to-date symlink: /home/maya/Documents/projects/agri-grasp-ros2/install/robotiq_controllers/share/robotiq_controllers/local_setup.sh
[0.126s] -- Up-to-date symlink: /home/maya/Documents/projects/agri-grasp-ros2/install/robotiq_controllers/share/robotiq_controllers/local_setup.zsh
[0.127s] -- Up-to-date symlink: /home/maya/Documents/projects/agri-grasp-ros2/install/robotiq_controllers/share/robotiq_controllers/local_setup.dsv
[0.127s] -- Symlinking: /home/maya/Documents/projects/agri-grasp-ros2/install/robotiq_controllers/share/robotiq_controllers/package.dsv
[0.135s] -- Up-to-date symlink: /home/maya/Documents/projects/agri-grasp-ros2/install/robotiq_controllers/share/ament_index/resource_index/packages/robotiq_controllers
[0.136s] -- Up-to-date symlink: /home/maya/Documents/projects/agri-grasp-ros2/install/robotiq_controllers/share/ament_index/resource_index/controller_interface__pluginlib__plugin/robotiq_controllers
[0.136s] -- Up-to-date symlink: /home/maya/Documents/projects/agri-grasp-ros2/install/robotiq_controllers/share/robotiq_controllers/cmake/ament_cmake_export_include_directories-extras.cmake
[0.136s] -- Up-to-date symlink: /home/maya/Documents/projects/agri-grasp-ros2/install/robotiq_controllers/share/robotiq_controllers/cmake/ament_cmake_export_libraries-extras.cmake
[0.137s] -- Up-to-date symlink: /home/maya/Documents/projects/agri-grasp-ros2/install/robotiq_controllers/share/robotiq_controllers/cmake/ament_cmake_export_targets-extras.cmake
[0.137s] -- Up-to-date symlink: /home/maya/Documents/projects/agri-grasp-ros2/install/robotiq_controllers/share/robotiq_controllers/cmake/ament_cmake_export_dependencies-extras.cmake
[0.137s] -- Up-to-date symlink: /home/maya/Documents/projects/agri-grasp-ros2/install/robotiq_controllers/share/robotiq_controllers/cmake/robotiq_controllersConfig.cmake
[0.137s] -- Up-to-date symlink: /home/maya/Documents/projects/agri-grasp-ros2/install/robotiq_controllers/share/robotiq_controllers/cmake/robotiq_controllersConfig-version.cmake
[0.138s] -- Up-to-date symlink: /home/maya/Documents/projects/agri-grasp-ros2/install/robotiq_controllers/share/robotiq_controllers/package.xml
[0.138s] -- Up-to-date: /home/maya/Documents/projects/agri-grasp-ros2/install/robotiq_controllers/lib/librobotiq_controllers.so
[0.138s] -- Up-to-date: /home/maya/Documents/projects/agri-grasp-ros2/install/robotiq_controllers/share/robotiq_controllers/cmake/export_robotiq_controllersExport.cmake
[0.138s] -- Up-to-date: /home/maya/Documents/projects/agri-grasp-ros2/install/robotiq_controllers/share/robotiq_controllers/cmake/export_robotiq_controllersExport-noconfig.cmake
[0.153s] Invoked command in '/home/maya/Documents/projects/agri-grasp-ros2/build/robotiq_controllers' returned '0': CMAKE_PREFIX_PATH=${CMAKE_PREFIX_PATH}:/opt/ros/jazzy DEBUGINFOD_URLS=https://debuginfod.ubuntu.com /usr/bin/cmake --install /home/maya/Documents/projects/agri-grasp-ros2/build/robotiq_controllers
