[0.012s] Invoking command in '/home/maya/Documents/projects/agri-grasp-ros2/build/robotiq_controllers': CMAKE_PREFIX_PATH=${CMAKE_PREFIX_PATH}:/opt/ros/jazzy DEBUGINFOD_URLS=https://debuginfod.ubuntu.com /usr/bin/cmake /home/maya/Documents/projects/agri-grasp-ros2/src/ros2_robotiq_gripper/robotiq_controllers -DCMAKE_INSTALL_PREFIX=/home/maya/Documents/projects/agri-grasp-ros2/install/robotiq_controllers
[0.091s] -- The C compiler identification is GNU 13.3.0
[0.162s] -- The CXX compiler identification is GNU 13.3.0
[0.185s] -- Detecting C compiler ABI info
[0.305s] -- Detecting C compiler ABI info - done
[0.317s] -- Check for working C compiler: /usr/bin/cc - skipped
[0.317s] -- Detecting C compile features
[0.318s] -- Detecting C compile features - done
[0.332s] -- Detecting CXX compiler ABI info
[0.475s] -- Detecting CXX compiler ABI info - done
[0.490s] -- Check for working CXX compiler: /usr/bin/c++ - skipped
[0.490s] -- Detecting CXX compile features
[0.490s] -- Detecting CXX compile features - done
[0.495s] -- Found ament_cmake: 2.5.6 (/opt/ros/jazzy/share/ament_cmake/cmake)
[0.682s] -- Found Python3: /usr/bin/python3 (found version "3.12.3") found components: Interpreter 
[0.826s] -- Found controller_interface: 4.45.2 (/opt/ros/jazzy/share/controller_interface/cmake)
[0.944s] -- Found rosidl_generator_c: 4.6.9 (/opt/ros/jazzy/share/rosidl_generator_c/cmake)
[0.966s] -- Found rosidl_generator_cpp: 4.6.9 (/opt/ros/jazzy/share/rosidl_generator_cpp/cmake)
[0.996s] -- Using all available rosidl_typesupport_c: rosidl_typesupport_fastrtps_c;rosidl_typesupport_introspection_c
[1.023s] -- Using all available rosidl_typesupport_cpp: rosidl_typesupport_fastrtps_cpp;rosidl_typesupport_introspection_cpp
[1.344s] -- Found TinyXML2 via Config file: /usr/lib/x86_64-linux-gnu/cmake/tinyxml2
[1.409s] -- Found rmw_implementation_cmake: 7.3.3 (/opt/ros/jazzy/share/rmw_implementation_cmake/cmake)
[1.415s] -- Found rmw_fastrtps_cpp: 8.4.4 (/opt/ros/jazzy/share/rmw_fastrtps_cpp/cmake)
[1.452s] -- Found TinyXML2 via Config file: /usr/lib/x86_64-linux-gnu/cmake/tinyxml2
[1.539s] -- Found OpenSSL: /usr/lib/x86_64-linux-gnu/libcrypto.so (found version "3.0.13")  
[1.545s] -- Found TinyXML2 via Config file: /usr/lib/x86_64-linux-gnu/cmake/tinyxml2
[1.569s] -- Found FastRTPS: /opt/ros/jazzy/include (Required is at least version "2.13") 
[1.573s] -- Found TinyXML2 via Config file: /usr/lib/x86_64-linux-gnu/cmake/tinyxml2
[1.584s] -- Found TinyXML2 via Config file: /usr/lib/x86_64-linux-gnu/cmake/tinyxml2
[1.599s] -- Using RMW implementation 'rmw_fastrtps_cpp' as default
[1.993s] -- Found std_srvs: 5.3.8 (/opt/ros/jazzy/share/std_srvs/cmake)
[2.017s] -- Found ament_lint_auto: 0.17.5 (/opt/ros/jazzy/share/ament_lint_auto/cmake)
[2.159s] -- Added test 'cppcheck' to perform static code analysis on C / C++ code
[2.159s] -- Configured cppcheck include dirs: /home/maya/Documents/projects/agri-grasp-ros2/src/ros2_robotiq_gripper/robotiq_controllers/include
[2.160s] -- Configured cppcheck exclude dirs and/or files: 
[2.161s] -- Added test 'lint_cmake' to check CMake code style
[2.165s] -- Configuring done (2.1s)
[2.191s] -- Generating done (0.0s)
[2.197s] -- Build files have been written to: /home/maya/Documents/projects/agri-grasp-ros2/build/robotiq_controllers
[2.209s] Invoked command in '/home/maya/Documents/projects/agri-grasp-ros2/build/robotiq_controllers' returned '0': CMAKE_PREFIX_PATH=${CMAKE_PREFIX_PATH}:/opt/ros/jazzy DEBUGINFOD_URLS=https://debuginfod.ubuntu.com /usr/bin/cmake /home/maya/Documents/projects/agri-grasp-ros2/src/ros2_robotiq_gripper/robotiq_controllers -DCMAKE_INSTALL_PREFIX=/home/maya/Documents/projects/agri-grasp-ros2/install/robotiq_controllers
[2.211s] Invoking command in '/home/maya/Documents/projects/agri-grasp-ros2/build/robotiq_controllers': CMAKE_PREFIX_PATH=${CMAKE_PREFIX_PATH}:/opt/ros/jazzy DEBUGINFOD_URLS=https://debuginfod.ubuntu.com /usr/bin/cmake --build /home/maya/Documents/projects/agri-grasp-ros2/build/robotiq_controllers -- -j22 -l22
[2.286s] [ 50%] [32mBuilding CXX object CMakeFiles/robotiq_controllers.dir/src/robotiq_activation_controller.cpp.o[0m
[7.206s] [100%] [32m[1mLinking CXX shared library librobotiq_controllers.so[0m
[7.443s] [100%] Built target robotiq_controllers
[7.461s] Invoked command in '/home/maya/Documents/projects/agri-grasp-ros2/build/robotiq_controllers' returned '0': CMAKE_PREFIX_PATH=${CMAKE_PREFIX_PATH}:/opt/ros/jazzy DEBUGINFOD_URLS=https://debuginfod.ubuntu.com /usr/bin/cmake --build /home/maya/Documents/projects/agri-grasp-ros2/build/robotiq_controllers -- -j22 -l22
[7.463s] Invoking command in '/home/maya/Documents/projects/agri-grasp-ros2/build/robotiq_controllers': CMAKE_PREFIX_PATH=${CMAKE_PREFIX_PATH}:/opt/ros/jazzy DEBUGINFOD_URLS=https://debuginfod.ubuntu.com /usr/bin/cmake --install /home/maya/Documents/projects/agri-grasp-ros2/build/robotiq_controllers
[7.476s] -- Install configuration: ""
[7.476s] -- Installing: /home/maya/Documents/projects/agri-grasp-ros2/install/robotiq_controllers/share/robotiq_controllers/controller_plugins.xml
[7.477s] -- Installing: /home/maya/Documents/projects/agri-grasp-ros2/install/robotiq_controllers/lib/librobotiq_controllers.so
[7.478s] -- Set non-toolchain portion of runtime path of "/home/maya/Documents/projects/agri-grasp-ros2/install/robotiq_controllers/lib/librobotiq_controllers.so" to ""
[7.478s] -- Installing: /home/maya/Documents/projects/agri-grasp-ros2/install/robotiq_controllers/include
[7.478s] -- Installing: /home/maya/Documents/projects/agri-grasp-ros2/install/robotiq_controllers/include/robotiq_controllers
[7.478s] -- Installing: /home/maya/Documents/projects/agri-grasp-ros2/install/robotiq_controllers/include/robotiq_controllers/robotiq_activation_controller.hpp
[7.478s] -- Installing: /home/maya/Documents/projects/agri-grasp-ros2/install/robotiq_controllers/share/robotiq_controllers/environment/library_path.sh
[7.478s] -- Installing: /home/maya/Documents/projects/agri-grasp-ros2/install/robotiq_controllers/share/robotiq_controllers/environment/library_path.dsv
[7.478s] -- Installing: /home/maya/Documents/projects/agri-grasp-ros2/install/robotiq_controllers/share/ament_index/resource_index/package_run_dependencies/robotiq_controllers
[7.479s] -- Installing: /home/maya/Documents/projects/agri-grasp-ros2/install/robotiq_controllers/share/ament_index/resource_index/parent_prefix_path/robotiq_controllers
[7.479s] -- Installing: /home/maya/Documents/projects/agri-grasp-ros2/install/robotiq_controllers/share/robotiq_controllers/environment/ament_prefix_path.sh
[7.479s] -- Installing: /home/maya/Documents/projects/agri-grasp-ros2/install/robotiq_controllers/share/robotiq_controllers/environment/ament_prefix_path.dsv
[7.479s] -- Installing: /home/maya/Documents/projects/agri-grasp-ros2/install/robotiq_controllers/share/robotiq_controllers/environment/path.sh
[7.479s] -- Installing: /home/maya/Documents/projects/agri-grasp-ros2/install/robotiq_controllers/share/robotiq_controllers/environment/path.dsv
[7.479s] -- Installing: /home/maya/Documents/projects/agri-grasp-ros2/install/robotiq_controllers/share/robotiq_controllers/local_setup.bash
[7.479s] -- Installing: /home/maya/Documents/projects/agri-grasp-ros2/install/robotiq_controllers/share/robotiq_controllers/local_setup.sh
[7.479s] -- Installing: /home/maya/Documents/projects/agri-grasp-ros2/install/robotiq_controllers/share/robotiq_controllers/local_setup.zsh
[7.480s] -- Installing: /home/maya/Documents/projects/agri-grasp-ros2/install/robotiq_controllers/share/robotiq_controllers/local_setup.dsv
[7.480s] -- Installing: /home/maya/Documents/projects/agri-grasp-ros2/install/robotiq_controllers/share/robotiq_controllers/package.dsv
[7.480s] -- Installing: /home/maya/Documents/projects/agri-grasp-ros2/install/robotiq_controllers/share/ament_index/resource_index/packages/robotiq_controllers
[7.480s] -- Installing: /home/maya/Documents/projects/agri-grasp-ros2/install/robotiq_controllers/share/ament_index/resource_index/controller_interface__pluginlib__plugin/robotiq_controllers
[7.480s] -- Installing: /home/maya/Documents/projects/agri-grasp-ros2/install/robotiq_controllers/share/robotiq_controllers/cmake/export_robotiq_controllersExport.cmake
[7.480s] -- Installing: /home/maya/Documents/projects/agri-grasp-ros2/install/robotiq_controllers/share/robotiq_controllers/cmake/export_robotiq_controllersExport-noconfig.cmake
[7.480s] -- Installing: /home/maya/Documents/projects/agri-grasp-ros2/install/robotiq_controllers/share/robotiq_controllers/cmake/ament_cmake_export_include_directories-extras.cmake
[7.480s] -- Installing: /home/maya/Documents/projects/agri-grasp-ros2/install/robotiq_controllers/share/robotiq_controllers/cmake/ament_cmake_export_libraries-extras.cmake
[7.480s] -- Installing: /home/maya/Documents/projects/agri-grasp-ros2/install/robotiq_controllers/share/robotiq_controllers/cmake/ament_cmake_export_targets-extras.cmake
[7.481s] -- Installing: /home/maya/Documents/projects/agri-grasp-ros2/install/robotiq_controllers/share/robotiq_controllers/cmake/ament_cmake_export_dependencies-extras.cmake
[7.481s] -- Installing: /home/maya/Documents/projects/agri-grasp-ros2/install/robotiq_controllers/share/robotiq_controllers/cmake/robotiq_controllersConfig.cmake
[7.481s] -- Installing: /home/maya/Documents/projects/agri-grasp-ros2/install/robotiq_controllers/share/robotiq_controllers/cmake/robotiq_controllersConfig-version.cmake
[7.481s] -- Installing: /home/maya/Documents/projects/agri-grasp-ros2/install/robotiq_controllers/share/robotiq_controllers/package.xml
[7.483s] Invoked command in '/home/maya/Documents/projects/agri-grasp-ros2/build/robotiq_controllers' returned '0': CMAKE_PREFIX_PATH=${CMAKE_PREFIX_PATH}:/opt/ros/jazzy DEBUGINFOD_URLS=https://debuginfod.ubuntu.com /usr/bin/cmake --install /home/maya/Documents/projects/agri-grasp-ros2/build/robotiq_controllers
