[0.118s] DEBUG:colcon:Command line arguments: ['/usr/bin/colcon', 'build', '--symlink-install']
[0.118s] DEBUG:colcon:Parsed command line arguments: Namespace(log_base=None, log_level=None, verb_name='build', build_base='build', install_base='install', merge_install=False, symlink_install=True, test_result_base=None, continue_on_error=False, executor='parallel', parallel_workers=22, event_handlers=None, ignore_user_meta=False, metas=['./colcon.meta'], base_paths=['.'], packages_ignore=None, packages_ignore_regex=None, paths=None, packages_up_to=None, packages_up_to_regex=None, packages_above=None, packages_above_and_dependencies=None, packages_above_depth=None, packages_select_by_dep=None, packages_skip_by_dep=None, packages_skip_up_to=None, packages_select_build_failed=False, packages_skip_build_finished=False, packages_select_test_failures=False, packages_skip_test_passed=False, packages_select=None, packages_skip=None, packages_select_regex=None, packages_skip_regex=None, packages_start=None, packages_end=None, allow_overriding=[], cmake_args=None, cmake_target=None, cmake_target_skip_unavailable=False, cmake_clean_cache=False, cmake_clean_first=False, cmake_force_configure=False, ament_cmake_args=None, catkin_cmake_args=None, catkin_skip_building_tests=False, mixin_files=None, mixin=None, verb_parser=<colcon_mixin.mixin.mixin_argument.MixinArgumentDecorator object at 0x76de960544d0>, verb_extension=<colcon_core.verb.build.BuildVerb object at 0x76de961f7c50>, main=<bound method BuildVerb.main of <colcon_core.verb.build.BuildVerb object at 0x76de961f7c50>>, mixin_verb=('build',))
[0.157s] Level 1:colcon.colcon_core.package_discovery:discover_packages(colcon_meta) check parameters
[0.157s] Level 1:colcon.colcon_core.package_discovery:discover_packages(recursive) check parameters
[0.157s] Level 1:colcon.colcon_core.package_discovery:discover_packages(ignore) check parameters
[0.157s] Level 1:colcon.colcon_core.package_discovery:discover_packages(path) check parameters
[0.157s] Level 1:colcon.colcon_core.package_discovery:discover_packages(colcon_meta) discover
[0.157s] Level 1:colcon.colcon_core.package_discovery:discover_packages(recursive) discover
[0.157s] INFO:colcon.colcon_core.package_discovery:Crawling recursively for packages in '/home/maya/Documents/projects/agri-grasp-ros2'
[0.158s] Level 1:colcon.colcon_core.package_identification:_identify(.) by extensions ['ignore', 'ignore_ament_install']
[0.158s] Level 1:colcon.colcon_core.package_identification:_identify(.) by extension 'ignore'
[0.158s] Level 1:colcon.colcon_core.package_identification:_identify(.) by extension 'ignore_ament_install'
[0.158s] Level 1:colcon.colcon_core.package_identification:_identify(.) by extensions ['colcon_pkg']
[0.158s] Level 1:colcon.colcon_core.package_identification:_identify(.) by extension 'colcon_pkg'
[0.158s] Level 1:colcon.colcon_core.package_identification:_identify(.) by extensions ['colcon_meta']
[0.158s] Level 1:colcon.colcon_core.package_identification:_identify(.) by extension 'colcon_meta'
[0.158s] Level 1:colcon.colcon_core.package_identification:_identify(.) by extensions ['ros']
[0.158s] Level 1:colcon.colcon_core.package_identification:_identify(.) by extension 'ros'
[0.185s] Level 1:colcon.colcon_core.package_identification:_identify(.) by extensions ['cmake', 'python']
[0.185s] Level 1:colcon.colcon_core.package_identification:_identify(.) by extension 'cmake'
[0.185s] Level 1:colcon.colcon_core.package_identification:_identify(.) by extension 'python'
[0.185s] Level 1:colcon.colcon_core.package_identification:_identify(.) by extensions ['python_setup_py']
[0.185s] Level 1:colcon.colcon_core.package_identification:_identify(.) by extension 'python_setup_py'
[0.186s] Level 1:colcon.colcon_core.package_identification:_identify(build) by extensions ['ignore', 'ignore_ament_install']
[0.186s] Level 1:colcon.colcon_core.package_identification:_identify(build) by extension 'ignore'
[0.186s] Level 1:colcon.colcon_core.package_identification:_identify(build) ignored
[0.186s] Level 1:colcon.colcon_core.package_identification:_identify(docs) by extensions ['ignore', 'ignore_ament_install']
[0.186s] Level 1:colcon.colcon_core.package_identification:_identify(docs) by extension 'ignore'
[0.186s] Level 1:colcon.colcon_core.package_identification:_identify(docs) by extension 'ignore_ament_install'
[0.186s] Level 1:colcon.colcon_core.package_identification:_identify(docs) by extensions ['colcon_pkg']
[0.186s] Level 1:colcon.colcon_core.package_identification:_identify(docs) by extension 'colcon_pkg'
[0.186s] Level 1:colcon.colcon_core.package_identification:_identify(docs) by extensions ['colcon_meta']
[0.186s] Level 1:colcon.colcon_core.package_identification:_identify(docs) by extension 'colcon_meta'
[0.186s] Level 1:colcon.colcon_core.package_identification:_identify(docs) by extensions ['ros']
[0.186s] Level 1:colcon.colcon_core.package_identification:_identify(docs) by extension 'ros'
[0.186s] Level 1:colcon.colcon_core.package_identification:_identify(docs) by extensions ['cmake', 'python']
[0.186s] Level 1:colcon.colcon_core.package_identification:_identify(docs) by extension 'cmake'
[0.186s] Level 1:colcon.colcon_core.package_identification:_identify(docs) by extension 'python'
[0.186s] Level 1:colcon.colcon_core.package_identification:_identify(docs) by extensions ['python_setup_py']
[0.186s] Level 1:colcon.colcon_core.package_identification:_identify(docs) by extension 'python_setup_py'
[0.186s] Level 1:colcon.colcon_core.package_identification:_identify(install) by extensions ['ignore', 'ignore_ament_install']
[0.186s] Level 1:colcon.colcon_core.package_identification:_identify(install) by extension 'ignore'
[0.187s] Level 1:colcon.colcon_core.package_identification:_identify(install) ignored
[0.187s] Level 1:colcon.colcon_core.package_identification:_identify(log) by extensions ['ignore', 'ignore_ament_install']
[0.187s] Level 1:colcon.colcon_core.package_identification:_identify(log) by extension 'ignore'
[0.187s] Level 1:colcon.colcon_core.package_identification:_identify(log) ignored
[0.187s] Level 1:colcon.colcon_core.package_identification:_identify(matlab) by extensions ['ignore', 'ignore_ament_install']
[0.187s] Level 1:colcon.colcon_core.package_identification:_identify(matlab) by extension 'ignore'
[0.187s] Level 1:colcon.colcon_core.package_identification:_identify(matlab) by extension 'ignore_ament_install'
[0.187s] Level 1:colcon.colcon_core.package_identification:_identify(matlab) by extensions ['colcon_pkg']
[0.187s] Level 1:colcon.colcon_core.package_identification:_identify(matlab) by extension 'colcon_pkg'
[0.187s] Level 1:colcon.colcon_core.package_identification:_identify(matlab) by extensions ['colcon_meta']
[0.187s] Level 1:colcon.colcon_core.package_identification:_identify(matlab) by extension 'colcon_meta'
[0.187s] Level 1:colcon.colcon_core.package_identification:_identify(matlab) by extensions ['ros']
[0.187s] Level 1:colcon.colcon_core.package_identification:_identify(matlab) by extension 'ros'
[0.187s] Level 1:colcon.colcon_core.package_identification:_identify(matlab) by extensions ['cmake', 'python']
[0.187s] Level 1:colcon.colcon_core.package_identification:_identify(matlab) by extension 'cmake'
[0.187s] Level 1:colcon.colcon_core.package_identification:_identify(matlab) by extension 'python'
[0.187s] Level 1:colcon.colcon_core.package_identification:_identify(matlab) by extensions ['python_setup_py']
[0.187s] Level 1:colcon.colcon_core.package_identification:_identify(matlab) by extension 'python_setup_py'
[0.187s] Level 1:colcon.colcon_core.package_identification:_identify(src) by extensions ['ignore', 'ignore_ament_install']
[0.187s] Level 1:colcon.colcon_core.package_identification:_identify(src) by extension 'ignore'
[0.187s] Level 1:colcon.colcon_core.package_identification:_identify(src) by extension 'ignore_ament_install'
[0.188s] Level 1:colcon.colcon_core.package_identification:_identify(src) by extensions ['colcon_pkg']
[0.188s] Level 1:colcon.colcon_core.package_identification:_identify(src) by extension 'colcon_pkg'
[0.188s] Level 1:colcon.colcon_core.package_identification:_identify(src) by extensions ['colcon_meta']
[0.188s] Level 1:colcon.colcon_core.package_identification:_identify(src) by extension 'colcon_meta'
[0.188s] Level 1:colcon.colcon_core.package_identification:_identify(src) by extensions ['ros']
[0.188s] Level 1:colcon.colcon_core.package_identification:_identify(src) by extension 'ros'
[0.188s] Level 1:colcon.colcon_core.package_identification:_identify(src) by extensions ['cmake', 'python']
[0.188s] Level 1:colcon.colcon_core.package_identification:_identify(src) by extension 'cmake'
[0.188s] Level 1:colcon.colcon_core.package_identification:_identify(src) by extension 'python'
[0.188s] Level 1:colcon.colcon_core.package_identification:_identify(src) by extensions ['python_setup_py']
[0.188s] Level 1:colcon.colcon_core.package_identification:_identify(src) by extension 'python_setup_py'
[0.188s] Level 1:colcon.colcon_core.package_identification:_identify(src/fruit_models) by extensions ['ignore', 'ignore_ament_install']
[0.188s] Level 1:colcon.colcon_core.package_identification:_identify(src/fruit_models) by extension 'ignore'
[0.188s] Level 1:colcon.colcon_core.package_identification:_identify(src/fruit_models) by extension 'ignore_ament_install'
[0.188s] Level 1:colcon.colcon_core.package_identification:_identify(src/fruit_models) by extensions ['colcon_pkg']
[0.188s] Level 1:colcon.colcon_core.package_identification:_identify(src/fruit_models) by extension 'colcon_pkg'
[0.188s] Level 1:colcon.colcon_core.package_identification:_identify(src/fruit_models) by extensions ['colcon_meta']
[0.188s] Level 1:colcon.colcon_core.package_identification:_identify(src/fruit_models) by extension 'colcon_meta'
[0.188s] Level 1:colcon.colcon_core.package_identification:_identify(src/fruit_models) by extensions ['ros']
[0.188s] Level 1:colcon.colcon_core.package_identification:_identify(src/fruit_models) by extension 'ros'
[0.191s] DEBUG:colcon.colcon_core.package_identification:Package 'src/fruit_models' with type 'ros.ament_cmake' and name 'fruit_models'
[0.191s] Level 1:colcon.colcon_core.package_identification:_identify(src/ros2_robotiq_gripper) by extensions ['ignore', 'ignore_ament_install']
[0.191s] Level 1:colcon.colcon_core.package_identification:_identify(src/ros2_robotiq_gripper) by extension 'ignore'
[0.191s] Level 1:colcon.colcon_core.package_identification:_identify(src/ros2_robotiq_gripper) by extension 'ignore_ament_install'
[0.191s] Level 1:colcon.colcon_core.package_identification:_identify(src/ros2_robotiq_gripper) by extensions ['colcon_pkg']
[0.191s] Level 1:colcon.colcon_core.package_identification:_identify(src/ros2_robotiq_gripper) by extension 'colcon_pkg'
[0.191s] Level 1:colcon.colcon_core.package_identification:_identify(src/ros2_robotiq_gripper) by extensions ['colcon_meta']
[0.191s] Level 1:colcon.colcon_core.package_identification:_identify(src/ros2_robotiq_gripper) by extension 'colcon_meta'
[0.191s] Level 1:colcon.colcon_core.package_identification:_identify(src/ros2_robotiq_gripper) by extensions ['ros']
[0.191s] Level 1:colcon.colcon_core.package_identification:_identify(src/ros2_robotiq_gripper) by extension 'ros'
[0.191s] Level 1:colcon.colcon_core.package_identification:_identify(src/ros2_robotiq_gripper) by extensions ['cmake', 'python']
[0.191s] Level 1:colcon.colcon_core.package_identification:_identify(src/ros2_robotiq_gripper) by extension 'cmake'
[0.191s] Level 1:colcon.colcon_core.package_identification:_identify(src/ros2_robotiq_gripper) by extension 'python'
[0.191s] Level 1:colcon.colcon_core.package_identification:_identify(src/ros2_robotiq_gripper) by extensions ['python_setup_py']
[0.191s] Level 1:colcon.colcon_core.package_identification:_identify(src/ros2_robotiq_gripper) by extension 'python_setup_py'
[0.191s] Level 1:colcon.colcon_core.package_identification:_identify(src/ros2_robotiq_gripper/robotiq_controllers) by extensions ['ignore', 'ignore_ament_install']
[0.191s] Level 1:colcon.colcon_core.package_identification:_identify(src/ros2_robotiq_gripper/robotiq_controllers) by extension 'ignore'
[0.191s] Level 1:colcon.colcon_core.package_identification:_identify(src/ros2_robotiq_gripper/robotiq_controllers) by extension 'ignore_ament_install'
[0.192s] Level 1:colcon.colcon_core.package_identification:_identify(src/ros2_robotiq_gripper/robotiq_controllers) by extensions ['colcon_pkg']
[0.192s] Level 1:colcon.colcon_core.package_identification:_identify(src/ros2_robotiq_gripper/robotiq_controllers) by extension 'colcon_pkg'
[0.192s] Level 1:colcon.colcon_core.package_identification:_identify(src/ros2_robotiq_gripper/robotiq_controllers) by extensions ['colcon_meta']
[0.192s] Level 1:colcon.colcon_core.package_identification:_identify(src/ros2_robotiq_gripper/robotiq_controllers) by extension 'colcon_meta'
[0.192s] Level 1:colcon.colcon_core.package_identification:_identify(src/ros2_robotiq_gripper/robotiq_controllers) by extensions ['ros']
[0.192s] Level 1:colcon.colcon_core.package_identification:_identify(src/ros2_robotiq_gripper/robotiq_controllers) by extension 'ros'
[0.192s] DEBUG:colcon.colcon_core.package_identification:Package 'src/ros2_robotiq_gripper/robotiq_controllers' with type 'ros.ament_cmake' and name 'robotiq_controllers'
[0.192s] Level 1:colcon.colcon_core.package_identification:_identify(src/ros2_robotiq_gripper/robotiq_description) by extensions ['ignore', 'ignore_ament_install']
[0.192s] Level 1:colcon.colcon_core.package_identification:_identify(src/ros2_robotiq_gripper/robotiq_description) by extension 'ignore'
[0.193s] Level 1:colcon.colcon_core.package_identification:_identify(src/ros2_robotiq_gripper/robotiq_description) by extension 'ignore_ament_install'
[0.193s] Level 1:colcon.colcon_core.package_identification:_identify(src/ros2_robotiq_gripper/robotiq_description) by extensions ['colcon_pkg']
[0.193s] Level 1:colcon.colcon_core.package_identification:_identify(src/ros2_robotiq_gripper/robotiq_description) by extension 'colcon_pkg'
[0.193s] Level 1:colcon.colcon_core.package_identification:_identify(src/ros2_robotiq_gripper/robotiq_description) by extensions ['colcon_meta']
[0.193s] Level 1:colcon.colcon_core.package_identification:_identify(src/ros2_robotiq_gripper/robotiq_description) by extension 'colcon_meta'
[0.193s] Level 1:colcon.colcon_core.package_identification:_identify(src/ros2_robotiq_gripper/robotiq_description) by extensions ['ros']
[0.193s] Level 1:colcon.colcon_core.package_identification:_identify(src/ros2_robotiq_gripper/robotiq_description) by extension 'ros'
[0.193s] DEBUG:colcon.colcon_core.package_identification:Package 'src/ros2_robotiq_gripper/robotiq_description' with type 'ros.ament_cmake' and name 'robotiq_description'
[0.193s] Level 1:colcon.colcon_core.package_identification:_identify(src/ros2_robotiq_gripper/robotiq_driver) by extensions ['ignore', 'ignore_ament_install']
[0.193s] Level 1:colcon.colcon_core.package_identification:_identify(src/ros2_robotiq_gripper/robotiq_driver) by extension 'ignore'
[0.193s] Level 1:colcon.colcon_core.package_identification:_identify(src/ros2_robotiq_gripper/robotiq_driver) ignored
[0.194s] Level 1:colcon.colcon_core.package_identification:_identify(src/ros2_robotiq_gripper/robotiq_hardware_tests) by extensions ['ignore', 'ignore_ament_install']
[0.194s] Level 1:colcon.colcon_core.package_identification:_identify(src/ros2_robotiq_gripper/robotiq_hardware_tests) by extension 'ignore'
[0.194s] Level 1:colcon.colcon_core.package_identification:_identify(src/ros2_robotiq_gripper/robotiq_hardware_tests) ignored
[0.194s] Level 1:colcon.colcon_core.package_identification:_identify(stl) by extensions ['ignore', 'ignore_ament_install']
[0.194s] Level 1:colcon.colcon_core.package_identification:_identify(stl) by extension 'ignore'
[0.194s] Level 1:colcon.colcon_core.package_identification:_identify(stl) by extension 'ignore_ament_install'
[0.194s] Level 1:colcon.colcon_core.package_identification:_identify(stl) by extensions ['colcon_pkg']
[0.194s] Level 1:colcon.colcon_core.package_identification:_identify(stl) by extension 'colcon_pkg'
[0.194s] Level 1:colcon.colcon_core.package_identification:_identify(stl) by extensions ['colcon_meta']
[0.194s] Level 1:colcon.colcon_core.package_identification:_identify(stl) by extension 'colcon_meta'
[0.194s] Level 1:colcon.colcon_core.package_identification:_identify(stl) by extensions ['ros']
[0.194s] Level 1:colcon.colcon_core.package_identification:_identify(stl) by extension 'ros'
[0.194s] Level 1:colcon.colcon_core.package_identification:_identify(stl) by extensions ['cmake', 'python']
[0.194s] Level 1:colcon.colcon_core.package_identification:_identify(stl) by extension 'cmake'
[0.194s] Level 1:colcon.colcon_core.package_identification:_identify(stl) by extension 'python'
[0.194s] Level 1:colcon.colcon_core.package_identification:_identify(stl) by extensions ['python_setup_py']
[0.194s] Level 1:colcon.colcon_core.package_identification:_identify(stl) by extension 'python_setup_py'
[0.194s] Level 1:colcon.colcon_core.package_discovery:discover_packages(recursive) using defaults
[0.194s] Level 1:colcon.colcon_core.package_discovery:discover_packages(ignore) discover
[0.194s] Level 1:colcon.colcon_core.package_discovery:discover_packages(ignore) using defaults
[0.194s] Level 1:colcon.colcon_core.package_discovery:discover_packages(path) discover
[0.194s] Level 1:colcon.colcon_core.package_discovery:discover_packages(path) using defaults
[0.213s] Level 1:colcon.colcon_core.package_discovery:discover_packages(prefix_path) check parameters
[0.213s] Level 1:colcon.colcon_core.package_discovery:discover_packages(prefix_path) discover
[0.214s] WARNING:colcon.colcon_ros.prefix_path.ament:The path '/home/maya/Documents/projects/agri-grasp-ros2/install/robotiq_description' in the environment variable AMENT_PREFIX_PATH doesn't exist
[0.214s] WARNING:colcon.colcon_ros.prefix_path.ament:The path '/home/maya/Documents/projects/agri-grasp-ros2/install/robotiq_controllers' in the environment variable AMENT_PREFIX_PATH doesn't exist
[0.214s] WARNING:colcon.colcon_ros.prefix_path.ament:The path '/home/maya/Documents/projects/agri-grasp-ros2/install/fruit_models' in the environment variable AMENT_PREFIX_PATH doesn't exist
[0.214s] WARNING:colcon.colcon_ros.prefix_path.catkin:The path '/home/maya/Documents/projects/agri-grasp-ros2/install/robotiq_description' in the environment variable CMAKE_PREFIX_PATH doesn't exist
[0.214s] WARNING:colcon.colcon_ros.prefix_path.catkin:The path '/home/maya/Documents/projects/agri-grasp-ros2/install/robotiq_controllers' in the environment variable CMAKE_PREFIX_PATH doesn't exist
[0.215s] WARNING:colcon.colcon_ros.prefix_path.catkin:The path '/home/maya/Documents/projects/agri-grasp-ros2/install/fruit_models' in the environment variable CMAKE_PREFIX_PATH doesn't exist
[0.215s] DEBUG:colcon.colcon_installed_package_information.package_discovery:Found 0 installed packages in /home/maya/Documents/projects/agri-grasp-ros2/install
[0.217s] DEBUG:colcon.colcon_installed_package_information.package_discovery:Found 364 installed packages in /opt/ros/jazzy
[0.218s] Level 1:colcon.colcon_core.package_discovery:discover_packages(prefix_path) using defaults
[0.268s] Level 5:colcon.colcon_core.verb:set package 'fruit_models' build argument 'cmake_args' from command line to 'None'
[0.268s] Level 5:colcon.colcon_core.verb:set package 'fruit_models' build argument 'cmake_target' from command line to 'None'
[0.268s] Level 5:colcon.colcon_core.verb:set package 'fruit_models' build argument 'cmake_target_skip_unavailable' from command line to 'False'
[0.269s] Level 5:colcon.colcon_core.verb:set package 'fruit_models' build argument 'cmake_clean_cache' from command line to 'False'
[0.269s] Level 5:colcon.colcon_core.verb:set package 'fruit_models' build argument 'cmake_clean_first' from command line to 'False'
[0.269s] Level 5:colcon.colcon_core.verb:set package 'fruit_models' build argument 'cmake_force_configure' from command line to 'False'
[0.269s] Level 5:colcon.colcon_core.verb:set package 'fruit_models' build argument 'ament_cmake_args' from command line to 'None'
[0.269s] Level 5:colcon.colcon_core.verb:set package 'fruit_models' build argument 'catkin_cmake_args' from command line to 'None'
[0.269s] Level 5:colcon.colcon_core.verb:set package 'fruit_models' build argument 'catkin_skip_building_tests' from command line to 'False'
[0.269s] DEBUG:colcon.colcon_core.verb:Building package 'fruit_models' with the following arguments: {'ament_cmake_args': None, 'build_base': '/home/maya/Documents/projects/agri-grasp-ros2/build/fruit_models', 'catkin_cmake_args': None, 'catkin_skip_building_tests': False, 'cmake_args': None, 'cmake_clean_cache': False, 'cmake_clean_first': False, 'cmake_force_configure': False, 'cmake_target': None, 'cmake_target_skip_unavailable': False, 'install_base': '/home/maya/Documents/projects/agri-grasp-ros2/install/fruit_models', 'merge_install': False, 'path': '/home/maya/Documents/projects/agri-grasp-ros2/src/fruit_models', 'symlink_install': True, 'test_result_base': None}
[0.269s] Level 5:colcon.colcon_core.verb:set package 'robotiq_controllers' build argument 'cmake_args' from command line to 'None'
[0.269s] Level 5:colcon.colcon_core.verb:set package 'robotiq_controllers' build argument 'cmake_target' from command line to 'None'
[0.269s] Level 5:colcon.colcon_core.verb:set package 'robotiq_controllers' build argument 'cmake_target_skip_unavailable' from command line to 'False'
[0.269s] Level 5:colcon.colcon_core.verb:set package 'robotiq_controllers' build argument 'cmake_clean_cache' from command line to 'False'
[0.269s] Level 5:colcon.colcon_core.verb:set package 'robotiq_controllers' build argument 'cmake_clean_first' from command line to 'False'
[0.269s] Level 5:colcon.colcon_core.verb:set package 'robotiq_controllers' build argument 'cmake_force_configure' from command line to 'False'
[0.269s] Level 5:colcon.colcon_core.verb:set package 'robotiq_controllers' build argument 'ament_cmake_args' from command line to 'None'
[0.269s] Level 5:colcon.colcon_core.verb:set package 'robotiq_controllers' build argument 'catkin_cmake_args' from command line to 'None'
[0.269s] Level 5:colcon.colcon_core.verb:set package 'robotiq_controllers' build argument 'catkin_skip_building_tests' from command line to 'False'
[0.269s] DEBUG:colcon.colcon_core.verb:Building package 'robotiq_controllers' with the following arguments: {'ament_cmake_args': None, 'build_base': '/home/maya/Documents/projects/agri-grasp-ros2/build/robotiq_controllers', 'catkin_cmake_args': None, 'catkin_skip_building_tests': False, 'cmake_args': None, 'cmake_clean_cache': False, 'cmake_clean_first': False, 'cmake_force_configure': False, 'cmake_target': None, 'cmake_target_skip_unavailable': False, 'install_base': '/home/maya/Documents/projects/agri-grasp-ros2/install/robotiq_controllers', 'merge_install': False, 'path': '/home/maya/Documents/projects/agri-grasp-ros2/src/ros2_robotiq_gripper/robotiq_controllers', 'symlink_install': True, 'test_result_base': None}
[0.269s] Level 5:colcon.colcon_core.verb:set package 'robotiq_description' build argument 'cmake_args' from command line to 'None'
[0.269s] Level 5:colcon.colcon_core.verb:set package 'robotiq_description' build argument 'cmake_target' from command line to 'None'
[0.269s] Level 5:colcon.colcon_core.verb:set package 'robotiq_description' build argument 'cmake_target_skip_unavailable' from command line to 'False'
[0.269s] Level 5:colcon.colcon_core.verb:set package 'robotiq_description' build argument 'cmake_clean_cache' from command line to 'False'
[0.269s] Level 5:colcon.colcon_core.verb:set package 'robotiq_description' build argument 'cmake_clean_first' from command line to 'False'
[0.269s] Level 5:colcon.colcon_core.verb:set package 'robotiq_description' build argument 'cmake_force_configure' from command line to 'False'
[0.269s] Level 5:colcon.colcon_core.verb:set package 'robotiq_description' build argument 'ament_cmake_args' from command line to 'None'
[0.270s] Level 5:colcon.colcon_core.verb:set package 'robotiq_description' build argument 'catkin_cmake_args' from command line to 'None'
[0.270s] Level 5:colcon.colcon_core.verb:set package 'robotiq_description' build argument 'catkin_skip_building_tests' from command line to 'False'
[0.270s] DEBUG:colcon.colcon_core.verb:Building package 'robotiq_description' with the following arguments: {'ament_cmake_args': None, 'build_base': '/home/maya/Documents/projects/agri-grasp-ros2/build/robotiq_description', 'catkin_cmake_args': None, 'catkin_skip_building_tests': False, 'cmake_args': None, 'cmake_clean_cache': False, 'cmake_clean_first': False, 'cmake_force_configure': False, 'cmake_target': None, 'cmake_target_skip_unavailable': False, 'install_base': '/home/maya/Documents/projects/agri-grasp-ros2/install/robotiq_description', 'merge_install': False, 'path': '/home/maya/Documents/projects/agri-grasp-ros2/src/ros2_robotiq_gripper/robotiq_description', 'symlink_install': True, 'test_result_base': None}
[0.270s] INFO:colcon.colcon_core.executor:Executing jobs using 'parallel' executor
[0.271s] DEBUG:colcon.colcon_parallel_executor.executor.parallel:run_until_complete
[0.271s] INFO:colcon.colcon_ros.task.ament_cmake.build:Building ROS package in '/home/maya/Documents/projects/agri-grasp-ros2/src/fruit_models' with build type 'ament_cmake'
[0.271s] INFO:colcon.colcon_cmake.task.cmake.build:Building CMake package in '/home/maya/Documents/projects/agri-grasp-ros2/src/fruit_models'
[0.273s] INFO:colcon.colcon_core.plugin_system:Skipping extension 'colcon_core.shell.bat': Not used on non-Windows systems
[0.274s] INFO:colcon.colcon_core.shell:Skip shell extension 'powershell' for command environment: Not usable outside of PowerShell
[0.274s] DEBUG:colcon.colcon_core.shell:Skip shell extension 'dsv' for command environment
[0.278s] INFO:colcon.colcon_ros.task.ament_cmake.build:Building ROS package in '/home/maya/Documents/projects/agri-grasp-ros2/src/ros2_robotiq_gripper/robotiq_controllers' with build type 'ament_cmake'
[0.278s] INFO:colcon.colcon_cmake.task.cmake.build:Building CMake package in '/home/maya/Documents/projects/agri-grasp-ros2/src/ros2_robotiq_gripper/robotiq_controllers'
[0.278s] INFO:colcon.colcon_core.shell:Skip shell extension 'powershell' for command environment: Not usable outside of PowerShell
[0.278s] DEBUG:colcon.colcon_core.shell:Skip shell extension 'dsv' for command environment
[0.285s] INFO:colcon.colcon_ros.task.ament_cmake.build:Building ROS package in '/home/maya/Documents/projects/agri-grasp-ros2/src/ros2_robotiq_gripper/robotiq_description' with build type 'ament_cmake'
[0.285s] INFO:colcon.colcon_cmake.task.cmake.build:Building CMake package in '/home/maya/Documents/projects/agri-grasp-ros2/src/ros2_robotiq_gripper/robotiq_description'
[0.285s] INFO:colcon.colcon_core.shell:Skip shell extension 'powershell' for command environment: Not usable outside of PowerShell
[0.285s] DEBUG:colcon.colcon_core.shell:Skip shell extension 'dsv' for command environment
[0.294s] DEBUG:colcon.colcon_core.event_handler.log_command:Invoking command in '/home/maya/Documents/projects/agri-grasp-ros2/build/fruit_models': CMAKE_PREFIX_PATH=${CMAKE_PREFIX_PATH}:/opt/ros/jazzy DEBUGINFOD_URLS=https://debuginfod.ubuntu.com PS1=\[\e]0;\u@\h: \w\a\]${debian_chroot:+($debian_chroot)}\[\033[01;32m\]\u@\h\[\033[00m\]:\[\033[01;34m\]\w\[\033[00m\]\$ /usr/bin/cmake /home/maya/Documents/projects/agri-grasp-ros2/src/fruit_models -DAMENT_CMAKE_SYMLINK_INSTALL=1 -DCMAKE_INSTALL_PREFIX=/home/maya/Documents/projects/agri-grasp-ros2/install/fruit_models
[0.299s] DEBUG:colcon.colcon_core.event_handler.log_command:Invoking command in '/home/maya/Documents/projects/agri-grasp-ros2/build/robotiq_controllers': CMAKE_PREFIX_PATH=${CMAKE_PREFIX_PATH}:/opt/ros/jazzy DEBUGINFOD_URLS=https://debuginfod.ubuntu.com PS1=\[\e]0;\u@\h: \w\a\]${debian_chroot:+($debian_chroot)}\[\033[01;32m\]\u@\h\[\033[00m\]:\[\033[01;34m\]\w\[\033[00m\]\$ /usr/bin/cmake /home/maya/Documents/projects/agri-grasp-ros2/src/ros2_robotiq_gripper/robotiq_controllers -DAMENT_CMAKE_SYMLINK_INSTALL=1 -DCMAKE_INSTALL_PREFIX=/home/maya/Documents/projects/agri-grasp-ros2/install/robotiq_controllers
[0.303s] DEBUG:colcon.colcon_core.event_handler.log_command:Invoking command in '/home/maya/Documents/projects/agri-grasp-ros2/build/robotiq_description': CMAKE_PREFIX_PATH=${CMAKE_PREFIX_PATH}:/opt/ros/jazzy DEBUGINFOD_URLS=https://debuginfod.ubuntu.com PS1=\[\e]0;\u@\h: \w\a\]${debian_chroot:+($debian_chroot)}\[\033[01;32m\]\u@\h\[\033[00m\]:\[\033[01;34m\]\w\[\033[00m\]\$ /usr/bin/cmake /home/maya/Documents/projects/agri-grasp-ros2/src/ros2_robotiq_gripper/robotiq_description -DAMENT_CMAKE_SYMLINK_INSTALL=1 -DCMAKE_INSTALL_PREFIX=/home/maya/Documents/projects/agri-grasp-ros2/install/robotiq_description
[1.236s] DEBUG:colcon.colcon_core.event_handler.log_command:Invoked command in '/home/maya/Documents/projects/agri-grasp-ros2/build/fruit_models' returned '0': CMAKE_PREFIX_PATH=${CMAKE_PREFIX_PATH}:/opt/ros/jazzy DEBUGINFOD_URLS=https://debuginfod.ubuntu.com PS1=\[\e]0;\u@\h: \w\a\]${debian_chroot:+($debian_chroot)}\[\033[01;32m\]\u@\h\[\033[00m\]:\[\033[01;34m\]\w\[\033[00m\]\$ /usr/bin/cmake /home/maya/Documents/projects/agri-grasp-ros2/src/fruit_models -DAMENT_CMAKE_SYMLINK_INSTALL=1 -DCMAKE_INSTALL_PREFIX=/home/maya/Documents/projects/agri-grasp-ros2/install/fruit_models
[1.238s] DEBUG:colcon.colcon_core.event_handler.log_command:Invoking command in '/home/maya/Documents/projects/agri-grasp-ros2/build/fruit_models': CMAKE_PREFIX_PATH=${CMAKE_PREFIX_PATH}:/opt/ros/jazzy DEBUGINFOD_URLS=https://debuginfod.ubuntu.com PS1=\[\e]0;\u@\h: \w\a\]${debian_chroot:+($debian_chroot)}\[\033[01;32m\]\u@\h\[\033[00m\]:\[\033[01;34m\]\w\[\033[00m\]\$ /usr/bin/cmake --build /home/maya/Documents/projects/agri-grasp-ros2/build/fruit_models -- -j22 -l22
[1.239s] DEBUG:colcon.colcon_core.event_handler.log_command:Invoked command in '/home/maya/Documents/projects/agri-grasp-ros2/build/robotiq_description' returned '0': CMAKE_PREFIX_PATH=${CMAKE_PREFIX_PATH}:/opt/ros/jazzy DEBUGINFOD_URLS=https://debuginfod.ubuntu.com PS1=\[\e]0;\u@\h: \w\a\]${debian_chroot:+($debian_chroot)}\[\033[01;32m\]\u@\h\[\033[00m\]:\[\033[01;34m\]\w\[\033[00m\]\$ /usr/bin/cmake /home/maya/Documents/projects/agri-grasp-ros2/src/ros2_robotiq_gripper/robotiq_description -DAMENT_CMAKE_SYMLINK_INSTALL=1 -DCMAKE_INSTALL_PREFIX=/home/maya/Documents/projects/agri-grasp-ros2/install/robotiq_description
[1.239s] DEBUG:colcon.colcon_core.event_handler.log_command:Invoking command in '/home/maya/Documents/projects/agri-grasp-ros2/build/robotiq_description': CMAKE_PREFIX_PATH=${CMAKE_PREFIX_PATH}:/opt/ros/jazzy DEBUGINFOD_URLS=https://debuginfod.ubuntu.com PS1=\[\e]0;\u@\h: \w\a\]${debian_chroot:+($debian_chroot)}\[\033[01;32m\]\u@\h\[\033[00m\]:\[\033[01;34m\]\w\[\033[00m\]\$ /usr/bin/cmake --build /home/maya/Documents/projects/agri-grasp-ros2/build/robotiq_description -- -j22 -l22
[1.285s] DEBUG:colcon.colcon_core.event_handler.log_command:Invoked command in '/home/maya/Documents/projects/agri-grasp-ros2/build/robotiq_description' returned '0': CMAKE_PREFIX_PATH=${CMAKE_PREFIX_PATH}:/opt/ros/jazzy DEBUGINFOD_URLS=https://debuginfod.ubuntu.com PS1=\[\e]0;\u@\h: \w\a\]${debian_chroot:+($debian_chroot)}\[\033[01;32m\]\u@\h\[\033[00m\]:\[\033[01;34m\]\w\[\033[00m\]\$ /usr/bin/cmake --build /home/maya/Documents/projects/agri-grasp-ros2/build/robotiq_description -- -j22 -l22
[1.296s] DEBUG:colcon.colcon_core.event_handler.log_command:Invoking command in '/home/maya/Documents/projects/agri-grasp-ros2/build/robotiq_description': CMAKE_PREFIX_PATH=${CMAKE_PREFIX_PATH}:/opt/ros/jazzy DEBUGINFOD_URLS=https://debuginfod.ubuntu.com PS1=\[\e]0;\u@\h: \w\a\]${debian_chroot:+($debian_chroot)}\[\033[01;32m\]\u@\h\[\033[00m\]:\[\033[01;34m\]\w\[\033[00m\]\$ /usr/bin/cmake --install /home/maya/Documents/projects/agri-grasp-ros2/build/robotiq_description
[1.298s] DEBUG:colcon.colcon_core.event_handler.log_command:Invoked command in '/home/maya/Documents/projects/agri-grasp-ros2/build/fruit_models' returned '0': CMAKE_PREFIX_PATH=${CMAKE_PREFIX_PATH}:/opt/ros/jazzy DEBUGINFOD_URLS=https://debuginfod.ubuntu.com PS1=\[\e]0;\u@\h: \w\a\]${debian_chroot:+($debian_chroot)}\[\033[01;32m\]\u@\h\[\033[00m\]:\[\033[01;34m\]\w\[\033[00m\]\$ /usr/bin/cmake --build /home/maya/Documents/projects/agri-grasp-ros2/build/fruit_models -- -j22 -l22
[1.299s] DEBUG:colcon.colcon_core.event_handler.log_command:Invoking command in '/home/maya/Documents/projects/agri-grasp-ros2/build/fruit_models': CMAKE_PREFIX_PATH=${CMAKE_PREFIX_PATH}:/opt/ros/jazzy DEBUGINFOD_URLS=https://debuginfod.ubuntu.com PS1=\[\e]0;\u@\h: \w\a\]${debian_chroot:+($debian_chroot)}\[\033[01;32m\]\u@\h\[\033[00m\]:\[\033[01;34m\]\w\[\033[00m\]\$ /usr/bin/cmake --install /home/maya/Documents/projects/agri-grasp-ros2/build/fruit_models
[1.628s] Level 1:colcon.colcon_core.environment:create_environment_scripts_only(fruit_models)
[1.629s] DEBUG:colcon.colcon_core.event_handler.log_command:Invoked command in '/home/maya/Documents/projects/agri-grasp-ros2/build/fruit_models' returned '0': CMAKE_PREFIX_PATH=${CMAKE_PREFIX_PATH}:/opt/ros/jazzy DEBUGINFOD_URLS=https://debuginfod.ubuntu.com PS1=\[\e]0;\u@\h: \w\a\]${debian_chroot:+($debian_chroot)}\[\033[01;32m\]\u@\h\[\033[00m\]:\[\033[01;34m\]\w\[\033[00m\]\$ /usr/bin/cmake --install /home/maya/Documents/projects/agri-grasp-ros2/build/fruit_models
[1.632s] Level 1:colcon.colcon_core.environment:checking '/home/maya/Documents/projects/agri-grasp-ros2/install/fruit_models' for CMake module files
[1.632s] Level 1:colcon.colcon_core.environment:checking '/home/maya/Documents/projects/agri-grasp-ros2/install/fruit_models' for CMake config files
[1.632s] Level 1:colcon.colcon_core.shell:create_environment_hook('fruit_models', 'cmake_prefix_path')
[1.632s] INFO:colcon.colcon_core.shell:Creating environment hook '/home/maya/Documents/projects/agri-grasp-ros2/install/fruit_models/share/fruit_models/hook/cmake_prefix_path.ps1'
[1.633s] INFO:colcon.colcon_core.shell:Creating environment descriptor '/home/maya/Documents/projects/agri-grasp-ros2/install/fruit_models/share/fruit_models/hook/cmake_prefix_path.dsv'
[1.633s] INFO:colcon.colcon_core.shell:Creating environment hook '/home/maya/Documents/projects/agri-grasp-ros2/install/fruit_models/share/fruit_models/hook/cmake_prefix_path.sh'
[1.634s] Level 1:colcon.colcon_core.environment:checking '/home/maya/Documents/projects/agri-grasp-ros2/install/fruit_models/bin'
[1.634s] Level 1:colcon.colcon_core.environment:checking '/home/maya/Documents/projects/agri-grasp-ros2/install/fruit_models/lib/pkgconfig/fruit_models.pc'
[1.635s] Level 1:colcon.colcon_core.environment:checking '/home/maya/Documents/projects/agri-grasp-ros2/install/fruit_models/lib/python3.12/site-packages'
[1.635s] Level 1:colcon.colcon_core.environment:checking '/home/maya/Documents/projects/agri-grasp-ros2/install/fruit_models/bin'
[1.635s] INFO:colcon.colcon_core.shell:Creating package script '/home/maya/Documents/projects/agri-grasp-ros2/install/fruit_models/share/fruit_models/package.ps1'
[1.636s] INFO:colcon.colcon_core.shell:Creating package descriptor '/home/maya/Documents/projects/agri-grasp-ros2/install/fruit_models/share/fruit_models/package.dsv'
[1.637s] INFO:colcon.colcon_core.shell:Creating package script '/home/maya/Documents/projects/agri-grasp-ros2/install/fruit_models/share/fruit_models/package.sh'
[1.637s] INFO:colcon.colcon_core.shell:Creating package script '/home/maya/Documents/projects/agri-grasp-ros2/install/fruit_models/share/fruit_models/package.bash'
[1.638s] INFO:colcon.colcon_core.shell:Creating package script '/home/maya/Documents/projects/agri-grasp-ros2/install/fruit_models/share/fruit_models/package.zsh'
[1.638s] Level 1:colcon.colcon_core.environment:create_file_with_runtime_dependencies(/home/maya/Documents/projects/agri-grasp-ros2/install/fruit_models/share/colcon-core/packages/fruit_models)
[1.639s] Level 1:colcon.colcon_core.environment:create_environment_scripts_only(fruit_models)
[1.639s] Level 1:colcon.colcon_core.environment:checking '/home/maya/Documents/projects/agri-grasp-ros2/install/fruit_models' for CMake module files
[1.640s] Level 1:colcon.colcon_core.environment:checking '/home/maya/Documents/projects/agri-grasp-ros2/install/fruit_models' for CMake config files
[1.640s] Level 1:colcon.colcon_core.shell:create_environment_hook('fruit_models', 'cmake_prefix_path')
[1.640s] INFO:colcon.colcon_core.shell:Creating environment hook '/home/maya/Documents/projects/agri-grasp-ros2/install/fruit_models/share/fruit_models/hook/cmake_prefix_path.ps1'
[1.640s] INFO:colcon.colcon_core.shell:Creating environment descriptor '/home/maya/Documents/projects/agri-grasp-ros2/install/fruit_models/share/fruit_models/hook/cmake_prefix_path.dsv'
[1.641s] INFO:colcon.colcon_core.shell:Creating environment hook '/home/maya/Documents/projects/agri-grasp-ros2/install/fruit_models/share/fruit_models/hook/cmake_prefix_path.sh'
[1.641s] Level 1:colcon.colcon_core.environment:checking '/home/maya/Documents/projects/agri-grasp-ros2/install/fruit_models/bin'
[1.641s] Level 1:colcon.colcon_core.environment:checking '/home/maya/Documents/projects/agri-grasp-ros2/install/fruit_models/lib/pkgconfig/fruit_models.pc'
[1.642s] Level 1:colcon.colcon_core.environment:checking '/home/maya/Documents/projects/agri-grasp-ros2/install/fruit_models/lib/python3.12/site-packages'
[1.642s] Level 1:colcon.colcon_core.environment:checking '/home/maya/Documents/projects/agri-grasp-ros2/install/fruit_models/bin'
[1.642s] INFO:colcon.colcon_core.shell:Creating package script '/home/maya/Documents/projects/agri-grasp-ros2/install/fruit_models/share/fruit_models/package.ps1'
[1.643s] INFO:colcon.colcon_core.shell:Creating package descriptor '/home/maya/Documents/projects/agri-grasp-ros2/install/fruit_models/share/fruit_models/package.dsv'
[1.643s] INFO:colcon.colcon_core.shell:Creating package script '/home/maya/Documents/projects/agri-grasp-ros2/install/fruit_models/share/fruit_models/package.sh'
[1.644s] INFO:colcon.colcon_core.shell:Creating package script '/home/maya/Documents/projects/agri-grasp-ros2/install/fruit_models/share/fruit_models/package.bash'
[1.644s] INFO:colcon.colcon_core.shell:Creating package script '/home/maya/Documents/projects/agri-grasp-ros2/install/fruit_models/share/fruit_models/package.zsh'
[1.644s] Level 1:colcon.colcon_core.environment:create_file_with_runtime_dependencies(/home/maya/Documents/projects/agri-grasp-ros2/install/fruit_models/share/colcon-core/packages/fruit_models)
[1.993s] Level 1:colcon.colcon_core.environment:create_environment_scripts_only(robotiq_description)
[1.994s] Level 1:colcon.colcon_core.environment:checking '/home/maya/Documents/projects/agri-grasp-ros2/install/robotiq_description' for CMake module files
[1.995s] DEBUG:colcon.colcon_core.event_handler.log_command:Invoked command in '/home/maya/Documents/projects/agri-grasp-ros2/build/robotiq_description' returned '0': CMAKE_PREFIX_PATH=${CMAKE_PREFIX_PATH}:/opt/ros/jazzy DEBUGINFOD_URLS=https://debuginfod.ubuntu.com PS1=\[\e]0;\u@\h: \w\a\]${debian_chroot:+($debian_chroot)}\[\033[01;32m\]\u@\h\[\033[00m\]:\[\033[01;34m\]\w\[\033[00m\]\$ /usr/bin/cmake --install /home/maya/Documents/projects/agri-grasp-ros2/build/robotiq_description
[1.995s] Level 1:colcon.colcon_core.environment:checking '/home/maya/Documents/projects/agri-grasp-ros2/install/robotiq_description' for CMake config files
[1.995s] Level 1:colcon.colcon_core.shell:create_environment_hook('robotiq_description', 'cmake_prefix_path')
[1.996s] INFO:colcon.colcon_core.shell:Creating environment hook '/home/maya/Documents/projects/agri-grasp-ros2/install/robotiq_description/share/robotiq_description/hook/cmake_prefix_path.ps1'
[1.997s] INFO:colcon.colcon_core.shell:Creating environment descriptor '/home/maya/Documents/projects/agri-grasp-ros2/install/robotiq_description/share/robotiq_description/hook/cmake_prefix_path.dsv'
[1.997s] INFO:colcon.colcon_core.shell:Creating environment hook '/home/maya/Documents/projects/agri-grasp-ros2/install/robotiq_description/share/robotiq_description/hook/cmake_prefix_path.sh'
[1.998s] Level 1:colcon.colcon_core.environment:checking '/home/maya/Documents/projects/agri-grasp-ros2/install/robotiq_description/bin'
[1.998s] Level 1:colcon.colcon_core.environment:checking '/home/maya/Documents/projects/agri-grasp-ros2/install/robotiq_description/lib/pkgconfig/robotiq_description.pc'
[1.998s] Level 1:colcon.colcon_core.environment:checking '/home/maya/Documents/projects/agri-grasp-ros2/install/robotiq_description/lib/python3.12/site-packages'
[1.999s] Level 1:colcon.colcon_core.environment:checking '/home/maya/Documents/projects/agri-grasp-ros2/install/robotiq_description/bin'
[1.999s] INFO:colcon.colcon_core.shell:Creating package script '/home/maya/Documents/projects/agri-grasp-ros2/install/robotiq_description/share/robotiq_description/package.ps1'
[2.000s] INFO:colcon.colcon_core.shell:Creating package descriptor '/home/maya/Documents/projects/agri-grasp-ros2/install/robotiq_description/share/robotiq_description/package.dsv'
[2.000s] INFO:colcon.colcon_core.shell:Creating package script '/home/maya/Documents/projects/agri-grasp-ros2/install/robotiq_description/share/robotiq_description/package.sh'
[2.000s] INFO:colcon.colcon_core.shell:Creating package script '/home/maya/Documents/projects/agri-grasp-ros2/install/robotiq_description/share/robotiq_description/package.bash'
[2.001s] INFO:colcon.colcon_core.shell:Creating package script '/home/maya/Documents/projects/agri-grasp-ros2/install/robotiq_description/share/robotiq_description/package.zsh'
[2.001s] Level 1:colcon.colcon_core.environment:create_file_with_runtime_dependencies(/home/maya/Documents/projects/agri-grasp-ros2/install/robotiq_description/share/colcon-core/packages/robotiq_description)
[2.002s] Level 1:colcon.colcon_core.environment:create_environment_scripts_only(robotiq_description)
[2.002s] Level 1:colcon.colcon_core.environment:checking '/home/maya/Documents/projects/agri-grasp-ros2/install/robotiq_description' for CMake module files
[2.002s] Level 1:colcon.colcon_core.environment:checking '/home/maya/Documents/projects/agri-grasp-ros2/install/robotiq_description' for CMake config files
[2.003s] Level 1:colcon.colcon_core.shell:create_environment_hook('robotiq_description', 'cmake_prefix_path')
[2.003s] INFO:colcon.colcon_core.shell:Creating environment hook '/home/maya/Documents/projects/agri-grasp-ros2/install/robotiq_description/share/robotiq_description/hook/cmake_prefix_path.ps1'
[2.003s] INFO:colcon.colcon_core.shell:Creating environment descriptor '/home/maya/Documents/projects/agri-grasp-ros2/install/robotiq_description/share/robotiq_description/hook/cmake_prefix_path.dsv'
[2.004s] INFO:colcon.colcon_core.shell:Creating environment hook '/home/maya/Documents/projects/agri-grasp-ros2/install/robotiq_description/share/robotiq_description/hook/cmake_prefix_path.sh'
[2.004s] Level 1:colcon.colcon_core.environment:checking '/home/maya/Documents/projects/agri-grasp-ros2/install/robotiq_description/bin'
[2.005s] Level 1:colcon.colcon_core.environment:checking '/home/maya/Documents/projects/agri-grasp-ros2/install/robotiq_description/lib/pkgconfig/robotiq_description.pc'
[2.005s] Level 1:colcon.colcon_core.environment:checking '/home/maya/Documents/projects/agri-grasp-ros2/install/robotiq_description/lib/python3.12/site-packages'
[2.005s] Level 1:colcon.colcon_core.environment:checking '/home/maya/Documents/projects/agri-grasp-ros2/install/robotiq_description/bin'
[2.005s] INFO:colcon.colcon_core.shell:Creating package script '/home/maya/Documents/projects/agri-grasp-ros2/install/robotiq_description/share/robotiq_description/package.ps1'
[2.006s] INFO:colcon.colcon_core.shell:Creating package descriptor '/home/maya/Documents/projects/agri-grasp-ros2/install/robotiq_description/share/robotiq_description/package.dsv'
[2.007s] INFO:colcon.colcon_core.shell:Creating package script '/home/maya/Documents/projects/agri-grasp-ros2/install/robotiq_description/share/robotiq_description/package.sh'
[2.007s] INFO:colcon.colcon_core.shell:Creating package script '/home/maya/Documents/projects/agri-grasp-ros2/install/robotiq_description/share/robotiq_description/package.bash'
[2.007s] INFO:colcon.colcon_core.shell:Creating package script '/home/maya/Documents/projects/agri-grasp-ros2/install/robotiq_description/share/robotiq_description/package.zsh'
[2.008s] Level 1:colcon.colcon_core.environment:create_file_with_runtime_dependencies(/home/maya/Documents/projects/agri-grasp-ros2/install/robotiq_description/share/colcon-core/packages/robotiq_description)
[2.213s] DEBUG:colcon.colcon_core.event_handler.log_command:Invoked command in '/home/maya/Documents/projects/agri-grasp-ros2/build/robotiq_controllers' returned '0': CMAKE_PREFIX_PATH=${CMAKE_PREFIX_PATH}:/opt/ros/jazzy DEBUGINFOD_URLS=https://debuginfod.ubuntu.com PS1=\[\e]0;\u@\h: \w\a\]${debian_chroot:+($debian_chroot)}\[\033[01;32m\]\u@\h\[\033[00m\]:\[\033[01;34m\]\w\[\033[00m\]\$ /usr/bin/cmake /home/maya/Documents/projects/agri-grasp-ros2/src/ros2_robotiq_gripper/robotiq_controllers -DAMENT_CMAKE_SYMLINK_INSTALL=1 -DCMAKE_INSTALL_PREFIX=/home/maya/Documents/projects/agri-grasp-ros2/install/robotiq_controllers
[2.214s] DEBUG:colcon.colcon_core.event_handler.log_command:Invoking command in '/home/maya/Documents/projects/agri-grasp-ros2/build/robotiq_controllers': CMAKE_PREFIX_PATH=${CMAKE_PREFIX_PATH}:/opt/ros/jazzy DEBUGINFOD_URLS=https://debuginfod.ubuntu.com PS1=\[\e]0;\u@\h: \w\a\]${debian_chroot:+($debian_chroot)}\[\033[01;32m\]\u@\h\[\033[00m\]:\[\033[01;34m\]\w\[\033[00m\]\$ /usr/bin/cmake --build /home/maya/Documents/projects/agri-grasp-ros2/build/robotiq_controllers -- -j22 -l22
[6.423s] DEBUG:colcon.colcon_core.event_handler.log_command:Invoked command in '/home/maya/Documents/projects/agri-grasp-ros2/build/robotiq_controllers' returned '0': CMAKE_PREFIX_PATH=${CMAKE_PREFIX_PATH}:/opt/ros/jazzy DEBUGINFOD_URLS=https://debuginfod.ubuntu.com PS1=\[\e]0;\u@\h: \w\a\]${debian_chroot:+($debian_chroot)}\[\033[01;32m\]\u@\h\[\033[00m\]:\[\033[01;34m\]\w\[\033[00m\]\$ /usr/bin/cmake --build /home/maya/Documents/projects/agri-grasp-ros2/build/robotiq_controllers -- -j22 -l22
[6.425s] DEBUG:colcon.colcon_core.event_handler.log_command:Invoking command in '/home/maya/Documents/projects/agri-grasp-ros2/build/robotiq_controllers': CMAKE_PREFIX_PATH=${CMAKE_PREFIX_PATH}:/opt/ros/jazzy DEBUGINFOD_URLS=https://debuginfod.ubuntu.com PS1=\[\e]0;\u@\h: \w\a\]${debian_chroot:+($debian_chroot)}\[\033[01;32m\]\u@\h\[\033[00m\]:\[\033[01;34m\]\w\[\033[00m\]\$ /usr/bin/cmake --install /home/maya/Documents/projects/agri-grasp-ros2/build/robotiq_controllers
[6.729s] Level 1:colcon.colcon_core.environment:create_environment_scripts_only(robotiq_controllers)
[6.729s] Level 1:colcon.colcon_core.environment:checking '/home/maya/Documents/projects/agri-grasp-ros2/install/robotiq_controllers' for CMake module files
[6.730s] DEBUG:colcon.colcon_core.event_handler.log_command:Invoked command in '/home/maya/Documents/projects/agri-grasp-ros2/build/robotiq_controllers' returned '0': CMAKE_PREFIX_PATH=${CMAKE_PREFIX_PATH}:/opt/ros/jazzy DEBUGINFOD_URLS=https://debuginfod.ubuntu.com PS1=\[\e]0;\u@\h: \w\a\]${debian_chroot:+($debian_chroot)}\[\033[01;32m\]\u@\h\[\033[00m\]:\[\033[01;34m\]\w\[\033[00m\]\$ /usr/bin/cmake --install /home/maya/Documents/projects/agri-grasp-ros2/build/robotiq_controllers
[6.730s] Level 1:colcon.colcon_core.environment:checking '/home/maya/Documents/projects/agri-grasp-ros2/install/robotiq_controllers' for CMake config files
[6.731s] Level 1:colcon.colcon_core.shell:create_environment_hook('robotiq_controllers', 'cmake_prefix_path')
[6.731s] INFO:colcon.colcon_core.shell:Creating environment hook '/home/maya/Documents/projects/agri-grasp-ros2/install/robotiq_controllers/share/robotiq_controllers/hook/cmake_prefix_path.ps1'
[6.731s] INFO:colcon.colcon_core.shell:Creating environment descriptor '/home/maya/Documents/projects/agri-grasp-ros2/install/robotiq_controllers/share/robotiq_controllers/hook/cmake_prefix_path.dsv'
[6.732s] INFO:colcon.colcon_core.shell:Creating environment hook '/home/maya/Documents/projects/agri-grasp-ros2/install/robotiq_controllers/share/robotiq_controllers/hook/cmake_prefix_path.sh'
[6.733s] Level 1:colcon.colcon_core.environment:checking '/home/maya/Documents/projects/agri-grasp-ros2/install/robotiq_controllers/lib'
[6.733s] Level 1:colcon.colcon_core.shell:create_environment_hook('robotiq_controllers', 'ld_library_path_lib')
[6.733s] INFO:colcon.colcon_core.shell:Creating environment hook '/home/maya/Documents/projects/agri-grasp-ros2/install/robotiq_controllers/share/robotiq_controllers/hook/ld_library_path_lib.ps1'
[6.734s] INFO:colcon.colcon_core.shell:Creating environment descriptor '/home/maya/Documents/projects/agri-grasp-ros2/install/robotiq_controllers/share/robotiq_controllers/hook/ld_library_path_lib.dsv'
[6.734s] INFO:colcon.colcon_core.shell:Creating environment hook '/home/maya/Documents/projects/agri-grasp-ros2/install/robotiq_controllers/share/robotiq_controllers/hook/ld_library_path_lib.sh'
[6.734s] Level 1:colcon.colcon_core.environment:checking '/home/maya/Documents/projects/agri-grasp-ros2/install/robotiq_controllers/bin'
[6.735s] Level 1:colcon.colcon_core.environment:checking '/home/maya/Documents/projects/agri-grasp-ros2/install/robotiq_controllers/lib/pkgconfig/robotiq_controllers.pc'
[6.735s] Level 1:colcon.colcon_core.environment:checking '/home/maya/Documents/projects/agri-grasp-ros2/install/robotiq_controllers/lib/python3.12/site-packages'
[6.735s] Level 1:colcon.colcon_core.environment:checking '/home/maya/Documents/projects/agri-grasp-ros2/install/robotiq_controllers/bin'
[6.736s] INFO:colcon.colcon_core.shell:Creating package script '/home/maya/Documents/projects/agri-grasp-ros2/install/robotiq_controllers/share/robotiq_controllers/package.ps1'
[6.737s] INFO:colcon.colcon_core.shell:Creating package descriptor '/home/maya/Documents/projects/agri-grasp-ros2/install/robotiq_controllers/share/robotiq_controllers/package.dsv'
[6.737s] INFO:colcon.colcon_core.shell:Creating package script '/home/maya/Documents/projects/agri-grasp-ros2/install/robotiq_controllers/share/robotiq_controllers/package.sh'
[6.738s] INFO:colcon.colcon_core.shell:Creating package script '/home/maya/Documents/projects/agri-grasp-ros2/install/robotiq_controllers/share/robotiq_controllers/package.bash'
[6.738s] INFO:colcon.colcon_core.shell:Creating package script '/home/maya/Documents/projects/agri-grasp-ros2/install/robotiq_controllers/share/robotiq_controllers/package.zsh'
[6.738s] Level 1:colcon.colcon_core.environment:create_file_with_runtime_dependencies(/home/maya/Documents/projects/agri-grasp-ros2/install/robotiq_controllers/share/colcon-core/packages/robotiq_controllers)
[6.739s] Level 1:colcon.colcon_core.environment:create_environment_scripts_only(robotiq_controllers)
[6.739s] Level 1:colcon.colcon_core.environment:checking '/home/maya/Documents/projects/agri-grasp-ros2/install/robotiq_controllers' for CMake module files
[6.740s] Level 1:colcon.colcon_core.environment:checking '/home/maya/Documents/projects/agri-grasp-ros2/install/robotiq_controllers' for CMake config files
[6.740s] Level 1:colcon.colcon_core.shell:create_environment_hook('robotiq_controllers', 'cmake_prefix_path')
[6.740s] INFO:colcon.colcon_core.shell:Creating environment hook '/home/maya/Documents/projects/agri-grasp-ros2/install/robotiq_controllers/share/robotiq_controllers/hook/cmake_prefix_path.ps1'
[6.741s] INFO:colcon.colcon_core.shell:Creating environment descriptor '/home/maya/Documents/projects/agri-grasp-ros2/install/robotiq_controllers/share/robotiq_controllers/hook/cmake_prefix_path.dsv'
[6.741s] INFO:colcon.colcon_core.shell:Creating environment hook '/home/maya/Documents/projects/agri-grasp-ros2/install/robotiq_controllers/share/robotiq_controllers/hook/cmake_prefix_path.sh'
[6.742s] Level 1:colcon.colcon_core.environment:checking '/home/maya/Documents/projects/agri-grasp-ros2/install/robotiq_controllers/lib'
[6.742s] Level 1:colcon.colcon_core.shell:create_environment_hook('robotiq_controllers', 'ld_library_path_lib')
[6.742s] INFO:colcon.colcon_core.shell:Creating environment hook '/home/maya/Documents/projects/agri-grasp-ros2/install/robotiq_controllers/share/robotiq_controllers/hook/ld_library_path_lib.ps1'
[6.743s] INFO:colcon.colcon_core.shell:Creating environment descriptor '/home/maya/Documents/projects/agri-grasp-ros2/install/robotiq_controllers/share/robotiq_controllers/hook/ld_library_path_lib.dsv'
[6.743s] INFO:colcon.colcon_core.shell:Creating environment hook '/home/maya/Documents/projects/agri-grasp-ros2/install/robotiq_controllers/share/robotiq_controllers/hook/ld_library_path_lib.sh'
[6.744s] Level 1:colcon.colcon_core.environment:checking '/home/maya/Documents/projects/agri-grasp-ros2/install/robotiq_controllers/bin'
[6.744s] Level 1:colcon.colcon_core.environment:checking '/home/maya/Documents/projects/agri-grasp-ros2/install/robotiq_controllers/lib/pkgconfig/robotiq_controllers.pc'
[6.744s] Level 1:colcon.colcon_core.environment:checking '/home/maya/Documents/projects/agri-grasp-ros2/install/robotiq_controllers/lib/python3.12/site-packages'
[6.744s] Level 1:colcon.colcon_core.environment:checking '/home/maya/Documents/projects/agri-grasp-ros2/install/robotiq_controllers/bin'
[6.745s] INFO:colcon.colcon_core.shell:Creating package script '/home/maya/Documents/projects/agri-grasp-ros2/install/robotiq_controllers/share/robotiq_controllers/package.ps1'
[6.745s] INFO:colcon.colcon_core.shell:Creating package descriptor '/home/maya/Documents/projects/agri-grasp-ros2/install/robotiq_controllers/share/robotiq_controllers/package.dsv'
[6.746s] INFO:colcon.colcon_core.shell:Creating package script '/home/maya/Documents/projects/agri-grasp-ros2/install/robotiq_controllers/share/robotiq_controllers/package.sh'
[6.746s] INFO:colcon.colcon_core.shell:Creating package script '/home/maya/Documents/projects/agri-grasp-ros2/install/robotiq_controllers/share/robotiq_controllers/package.bash'
[6.747s] INFO:colcon.colcon_core.shell:Creating package script '/home/maya/Documents/projects/agri-grasp-ros2/install/robotiq_controllers/share/robotiq_controllers/package.zsh'
[6.747s] Level 1:colcon.colcon_core.environment:create_file_with_runtime_dependencies(/home/maya/Documents/projects/agri-grasp-ros2/install/robotiq_controllers/share/colcon-core/packages/robotiq_controllers)
[6.747s] DEBUG:colcon.colcon_parallel_executor.executor.parallel:closing loop
[6.748s] DEBUG:colcon.colcon_parallel_executor.executor.parallel:loop closed
[6.748s] DEBUG:colcon.colcon_parallel_executor.executor.parallel:run_until_complete finished with '0'
[6.748s] DEBUG:colcon.colcon_core.event_reactor:joining thread
[6.756s] INFO:colcon.colcon_core.plugin_system:Skipping extension 'colcon_notification.desktop_notification.terminal_notifier': Not used on non-Darwin systems
[6.757s] INFO:colcon.colcon_core.plugin_system:Skipping extension 'colcon_notification.desktop_notification.win32': Not used on non-Windows systems
[6.757s] INFO:colcon.colcon_notification.desktop_notification:Sending desktop notification using 'notify2'
[6.777s] DEBUG:colcon.colcon_core.event_reactor:joined thread
[6.777s] INFO:colcon.colcon_core.shell:Creating prefix script '/home/maya/Documents/projects/agri-grasp-ros2/install/local_setup.ps1'
[6.778s] INFO:colcon.colcon_core.shell:Creating prefix util module '/home/maya/Documents/projects/agri-grasp-ros2/install/_local_setup_util_ps1.py'
[6.780s] INFO:colcon.colcon_core.shell:Creating prefix chain script '/home/maya/Documents/projects/agri-grasp-ros2/install/setup.ps1'
[6.781s] INFO:colcon.colcon_core.shell:Creating prefix script '/home/maya/Documents/projects/agri-grasp-ros2/install/local_setup.sh'
[6.782s] INFO:colcon.colcon_core.shell:Creating prefix util module '/home/maya/Documents/projects/agri-grasp-ros2/install/_local_setup_util_sh.py'
[6.782s] INFO:colcon.colcon_core.shell:Creating prefix chain script '/home/maya/Documents/projects/agri-grasp-ros2/install/setup.sh'
[6.784s] INFO:colcon.colcon_core.shell:Creating prefix script '/home/maya/Documents/projects/agri-grasp-ros2/install/local_setup.bash'
[6.784s] INFO:colcon.colcon_core.shell:Creating prefix chain script '/home/maya/Documents/projects/agri-grasp-ros2/install/setup.bash'
[6.785s] INFO:colcon.colcon_core.shell:Creating prefix script '/home/maya/Documents/projects/agri-grasp-ros2/install/local_setup.zsh'
[6.785s] INFO:colcon.colcon_core.shell:Creating prefix chain script '/home/maya/Documents/projects/agri-grasp-ros2/install/setup.zsh'
