[0.017s] Invoking command in '/home/maya/Documents/projects/agri-grasp-ros2/build/robotiq_description': CMAKE_PREFIX_PATH=${CMAKE_PREFIX_PATH}:/opt/ros/jazzy DEBUGINFOD_URLS=https://debuginfod.ubuntu.com PS1=\[\e]0;\u@\h: \w\a\]${debian_chroot:+($debian_chroot)}\[\033[01;32m\]\u@\h\[\033[00m\]:\[\033[01;34m\]\w\[\033[00m\]\$ /usr/bin/cmake /home/maya/Documents/projects/agri-grasp-ros2/src/ros2_robotiq_gripper/robotiq_description -DAMENT_CMAKE_SYMLINK_INSTALL=1 -DCMAKE_INSTALL_PREFIX=/home/maya/Documents/projects/agri-grasp-ros2/install/robotiq_description
[0.085s] -- The C compiler identification is GNU 13.3.0
[0.155s] -- The CXX compiler identification is GNU 13.3.0
[0.178s] -- Detecting C compiler ABI info
[0.319s] -- Detecting C compiler ABI info - done
[0.334s] -- Check for working C compiler: /usr/bin/cc - skipped
[0.335s] -- Detecting C compile features
[0.336s] -- Detecting C compile features - done
[0.347s] -- Detecting CXX compiler ABI info
[0.479s] -- Detecting CXX compiler ABI info - done
[0.489s] -- Check for working CXX compiler: /usr/bin/c++ - skipped
[0.489s] -- Detecting CXX compile features
[0.490s] -- Detecting CXX compile features - done
[0.494s] -- Found ament_cmake: 2.5.6 (/opt/ros/jazzy/share/ament_cmake/cmake)
[0.697s] -- Found Python3: /usr/bin/python3 (found version "3.12.3") found components: Interpreter 
[0.782s] -- Override CMake install command with custom implementation using symlinks instead of copying resources
[0.940s] -- Configuring done (0.9s)
[0.942s] -- Generating done (0.0s)
[0.944s] -- Build files have been written to: /home/maya/Documents/projects/agri-grasp-ros2/build/robotiq_description
[0.953s] Invoked command in '/home/maya/Documents/projects/agri-grasp-ros2/build/robotiq_description' returned '0': CMAKE_PREFIX_PATH=${CMAKE_PREFIX_PATH}:/opt/ros/jazzy DEBUGINFOD_URLS=https://debuginfod.ubuntu.com PS1=\[\e]0;\u@\h: \w\a\]${debian_chroot:+($debian_chroot)}\[\033[01;32m\]\u@\h\[\033[00m\]:\[\033[01;34m\]\w\[\033[00m\]\$ /usr/bin/cmake /home/maya/Documents/projects/agri-grasp-ros2/src/ros2_robotiq_gripper/robotiq_description -DAMENT_CMAKE_SYMLINK_INSTALL=1 -DCMAKE_INSTALL_PREFIX=/home/maya/Documents/projects/agri-grasp-ros2/install/robotiq_description
[0.954s] Invoking command in '/home/maya/Documents/projects/agri-grasp-ros2/build/robotiq_description': CMAKE_PREFIX_PATH=${CMAKE_PREFIX_PATH}:/opt/ros/jazzy DEBUGINFOD_URLS=https://debuginfod.ubuntu.com PS1=\[\e]0;\u@\h: \w\a\]${debian_chroot:+($debian_chroot)}\[\033[01;32m\]\u@\h\[\033[00m\]:\[\033[01;34m\]\w\[\033[00m\]\$ /usr/bin/cmake --build /home/maya/Documents/projects/agri-grasp-ros2/build/robotiq_description -- -j22 -l22
[1.000s] Invoked command in '/home/maya/Documents/projects/agri-grasp-ros2/build/robotiq_description' returned '0': CMAKE_PREFIX_PATH=${CMAKE_PREFIX_PATH}:/opt/ros/jazzy DEBUGINFOD_URLS=https://debuginfod.ubuntu.com PS1=\[\e]0;\u@\h: \w\a\]${debian_chroot:+($debian_chroot)}\[\033[01;32m\]\u@\h\[\033[00m\]:\[\033[01;34m\]\w\[\033[00m\]\$ /usr/bin/cmake --build /home/maya/Documents/projects/agri-grasp-ros2/build/robotiq_description -- -j22 -l22
[1.011s] Invoking command in '/home/maya/Documents/projects/agri-grasp-ros2/build/robotiq_description': CMAKE_PREFIX_PATH=${CMAKE_PREFIX_PATH}:/opt/ros/jazzy DEBUGINFOD_URLS=https://debuginfod.ubuntu.com PS1=\[\e]0;\u@\h: \w\a\]${debian_chroot:+($debian_chroot)}\[\033[01;32m\]\u@\h\[\033[00m\]:\[\033[01;34m\]\w\[\033[00m\]\$ /usr/bin/cmake --install /home/maya/Documents/projects/agri-grasp-ros2/build/robotiq_description
[1.019s] -- Install configuration: ""
[1.019s] -- Execute custom install script
[1.019s] -- Symlinking: /home/maya/Documents/projects/agri-grasp-ros2/install/robotiq_description/share/robotiq_description/config/robotiq_controllers.yaml
[1.029s] -- Symlinking: /home/maya/Documents/projects/agri-grasp-ros2/install/robotiq_description/share/robotiq_description/launch/gazebo.launch.py
[1.038s] -- Symlinking: /home/maya/Documents/projects/agri-grasp-ros2/install/robotiq_description/share/robotiq_description/launch/robotiq_control.launch.py
[1.050s] -- Symlinking: /home/maya/Documents/projects/agri-grasp-ros2/install/robotiq_description/share/robotiq_description/launch/view_gripper.launch.py
[1.060s] -- Symlinking: /home/maya/Documents/projects/agri-grasp-ros2/install/robotiq_description/share/robotiq_description/meshes/collision/2f_140/robotiq_2f_140_base_link.stl
[1.069s] -- Symlinking: /home/maya/Documents/projects/agri-grasp-ros2/install/robotiq_description/share/robotiq_description/meshes/collision/2f_140/robotiq_2f_140_coupling.stl
[1.080s] -- Symlinking: /home/maya/Documents/projects/agri-grasp-ros2/install/robotiq_description/share/robotiq_description/meshes/collision/2f_140/robotiq_2f_140_inner_finger.stl
[1.090s] -- Symlinking: /home/maya/Documents/projects/agri-grasp-ros2/install/robotiq_description/share/robotiq_description/meshes/collision/2f_140/robotiq_2f_140_inner_knuckle.stl
[1.101s] -- Symlinking: /home/maya/Documents/projects/agri-grasp-ros2/install/robotiq_description/share/robotiq_description/meshes/collision/2f_140/robotiq_2f_140_outer_finger.stl
[1.111s] -- Symlinking: /home/maya/Documents/projects/agri-grasp-ros2/install/robotiq_description/share/robotiq_description/meshes/collision/2f_140/robotiq_2f_140_outer_knuckle.stl
[1.121s] -- Symlinking: /home/maya/Documents/projects/agri-grasp-ros2/install/robotiq_description/share/robotiq_description/meshes/collision/2f_85/left_finger.stl
[1.131s] -- Symlinking: /home/maya/Documents/projects/agri-grasp-ros2/install/robotiq_description/share/robotiq_description/meshes/collision/2f_85/left_finger_tip.stl
[1.141s] -- Symlinking: /home/maya/Documents/projects/agri-grasp-ros2/install/robotiq_description/share/robotiq_description/meshes/collision/2f_85/left_inner_knuckle.stl
[1.150s] -- Symlinking: /home/maya/Documents/projects/agri-grasp-ros2/install/robotiq_description/share/robotiq_description/meshes/collision/2f_85/left_knuckle.stl
[1.161s] -- Symlinking: /home/maya/Documents/projects/agri-grasp-ros2/install/robotiq_description/share/robotiq_description/meshes/collision/2f_85/right_finger.stl
[1.170s] -- Symlinking: /home/maya/Documents/projects/agri-grasp-ros2/install/robotiq_description/share/robotiq_description/meshes/collision/2f_85/right_finger_tip.stl
[1.181s] -- Symlinking: /home/maya/Documents/projects/agri-grasp-ros2/install/robotiq_description/share/robotiq_description/meshes/collision/2f_85/right_inner_knuckle.stl
[1.192s] -- Symlinking: /home/maya/Documents/projects/agri-grasp-ros2/install/robotiq_description/share/robotiq_description/meshes/collision/2f_85/right_knuckle.stl
[1.203s] -- Symlinking: /home/maya/Documents/projects/agri-grasp-ros2/install/robotiq_description/share/robotiq_description/meshes/collision/2f_85/robotiq_base.stl
[1.213s] -- Symlinking: /home/maya/Documents/projects/agri-grasp-ros2/install/robotiq_description/share/robotiq_description/meshes/collision/2f_85/ur_to_robotiq_adapter.stl
[1.224s] -- Symlinking: /home/maya/Documents/projects/agri-grasp-ros2/install/robotiq_description/share/robotiq_description/meshes/visual/2f_140/robotiq_2f_140_base_link.stl
[1.236s] -- Symlinking: /home/maya/Documents/projects/agri-grasp-ros2/install/robotiq_description/share/robotiq_description/meshes/visual/2f_140/robotiq_2f_140_coupling.stl
[1.247s] -- Symlinking: /home/maya/Documents/projects/agri-grasp-ros2/install/robotiq_description/share/robotiq_description/meshes/visual/2f_140/robotiq_2f_140_inner_finger.stl
[1.257s] -- Symlinking: /home/maya/Documents/projects/agri-grasp-ros2/install/robotiq_description/share/robotiq_description/meshes/visual/2f_140/robotiq_2f_140_inner_knuckle.stl
[1.265s] -- Symlinking: /home/maya/Documents/projects/agri-grasp-ros2/install/robotiq_description/share/robotiq_description/meshes/visual/2f_140/robotiq_2f_140_outer_finger.stl
[1.275s] -- Symlinking: /home/maya/Documents/projects/agri-grasp-ros2/install/robotiq_description/share/robotiq_description/meshes/visual/2f_140/robotiq_2f_140_outer_knuckle.stl
[1.285s] -- Symlinking: /home/maya/Documents/projects/agri-grasp-ros2/install/robotiq_description/share/robotiq_description/meshes/visual/2f_85/left_finger.dae
[1.294s] -- Symlinking: /home/maya/Documents/projects/agri-grasp-ros2/install/robotiq_description/share/robotiq_description/meshes/visual/2f_85/left_finger_tip.dae
[1.305s] -- Symlinking: /home/maya/Documents/projects/agri-grasp-ros2/install/robotiq_description/share/robotiq_description/meshes/visual/2f_85/left_inner_knuckle.dae
[1.316s] -- Symlinking: /home/maya/Documents/projects/agri-grasp-ros2/install/robotiq_description/share/robotiq_description/meshes/visual/2f_85/left_knuckle.dae
[1.325s] -- Symlinking: /home/maya/Documents/projects/agri-grasp-ros2/install/robotiq_description/share/robotiq_description/meshes/visual/2f_85/right_finger.dae
[1.335s] -- Symlinking: /home/maya/Documents/projects/agri-grasp-ros2/install/robotiq_description/share/robotiq_description/meshes/visual/2f_85/right_finger_tip.dae
[1.345s] -- Symlinking: /home/maya/Documents/projects/agri-grasp-ros2/install/robotiq_description/share/robotiq_description/meshes/visual/2f_85/right_inner_knuckle.dae
[1.355s] -- Symlinking: /home/maya/Documents/projects/agri-grasp-ros2/install/robotiq_description/share/robotiq_description/meshes/visual/2f_85/right_knuckle.dae
[1.366s] -- Symlinking: /home/maya/Documents/projects/agri-grasp-ros2/install/robotiq_description/share/robotiq_description/meshes/visual/2f_85/robotiq_base.dae
[1.378s] -- Symlinking: /home/maya/Documents/projects/agri-grasp-ros2/install/robotiq_description/share/robotiq_description/meshes/visual/2f_85/ur_to_robotiq_adapter.dae
[1.387s] -- Symlinking: /home/maya/Documents/projects/agri-grasp-ros2/install/robotiq_description/share/robotiq_description/models/tree_branch/model.config
[1.401s] -- Symlinking: /home/maya/Documents/projects/agri-grasp-ros2/install/robotiq_description/share/robotiq_description/models/tree_branch/model.sdf
[1.412s] -- Symlinking: /home/maya/Documents/projects/agri-grasp-ros2/install/robotiq_description/share/robotiq_description/models/tree_branch/tree_branch.stl
[1.423s] -- Symlinking: /home/maya/Documents/projects/agri-grasp-ros2/install/robotiq_description/share/robotiq_description/rviz/view_urdf.rviz
[1.434s] -- Symlinking: /home/maya/Documents/projects/agri-grasp-ros2/install/robotiq_description/share/robotiq_description/urdf/2f_140.ros2_control.xacro
[1.445s] -- Symlinking: /home/maya/Documents/projects/agri-grasp-ros2/install/robotiq_description/share/robotiq_description/urdf/2f_85.ros2_control.xacro
[1.455s] -- Symlinking: /home/maya/Documents/projects/agri-grasp-ros2/install/robotiq_description/share/robotiq_description/urdf/robotiq_2f_140.xacro
[1.466s] -- Symlinking: /home/maya/Documents/projects/agri-grasp-ros2/install/robotiq_description/share/robotiq_description/urdf/robotiq_2f_140_gripper.urdf.xacro
[1.478s] -- Symlinking: /home/maya/Documents/projects/agri-grasp-ros2/install/robotiq_description/share/robotiq_description/urdf/robotiq_2f_140_macro.urdf.xacro
[1.490s] -- Symlinking: /home/maya/Documents/projects/agri-grasp-ros2/install/robotiq_description/share/robotiq_description/urdf/robotiq_2f_85_gripper.urdf.xacro
[1.501s] -- Symlinking: /home/maya/Documents/projects/agri-grasp-ros2/install/robotiq_description/share/robotiq_description/urdf/robotiq_2f_85_macro.urdf.xacro
[1.511s] -- Symlinking: /home/maya/Documents/projects/agri-grasp-ros2/install/robotiq_description/share/robotiq_description/urdf/ur_to_robotiq_adapter.urdf.xacro
[1.522s] -- Symlinking: /home/maya/Documents/projects/agri-grasp-ros2/install/robotiq_description/share/robotiq_description/worlds/agri_grasp.world
[1.532s] -- Symlinking: /home/maya/Documents/projects/agri-grasp-ros2/install/robotiq_description/share/ament_index/resource_index/package_run_dependencies/robotiq_description
[1.542s] -- Symlinking: /home/maya/Documents/projects/agri-grasp-ros2/install/robotiq_description/share/ament_index/resource_index/parent_prefix_path/robotiq_description
[1.552s] -- Symlinking: /home/maya/Documents/projects/agri-grasp-ros2/install/robotiq_description/share/robotiq_description/environment/ament_prefix_path.sh
[1.565s] -- Symlinking: /home/maya/Documents/projects/agri-grasp-ros2/install/robotiq_description/share/robotiq_description/environment/ament_prefix_path.dsv
[1.576s] -- Symlinking: /home/maya/Documents/projects/agri-grasp-ros2/install/robotiq_description/share/robotiq_description/environment/path.sh
[1.591s] -- Symlinking: /home/maya/Documents/projects/agri-grasp-ros2/install/robotiq_description/share/robotiq_description/environment/path.dsv
[1.603s] -- Symlinking: /home/maya/Documents/projects/agri-grasp-ros2/install/robotiq_description/share/robotiq_description/local_setup.bash
[1.611s] -- Symlinking: /home/maya/Documents/projects/agri-grasp-ros2/install/robotiq_description/share/robotiq_description/local_setup.sh
[1.620s] -- Symlinking: /home/maya/Documents/projects/agri-grasp-ros2/install/robotiq_description/share/robotiq_description/local_setup.zsh
[1.632s] -- Symlinking: /home/maya/Documents/projects/agri-grasp-ros2/install/robotiq_description/share/robotiq_description/local_setup.dsv
[1.644s] -- Symlinking: /home/maya/Documents/projects/agri-grasp-ros2/install/robotiq_description/share/robotiq_description/package.dsv
[1.658s] -- Symlinking: /home/maya/Documents/projects/agri-grasp-ros2/install/robotiq_description/share/ament_index/resource_index/packages/robotiq_description
[1.673s] -- Symlinking: /home/maya/Documents/projects/agri-grasp-ros2/install/robotiq_description/share/robotiq_description/cmake/robotiq_descriptionConfig.cmake
[1.684s] -- Symlinking: /home/maya/Documents/projects/agri-grasp-ros2/install/robotiq_description/share/robotiq_description/cmake/robotiq_descriptionConfig-version.cmake
[1.695s] -- Symlinking: /home/maya/Documents/projects/agri-grasp-ros2/install/robotiq_description/share/robotiq_description/package.xml
[1.709s] Invoked command in '/home/maya/Documents/projects/agri-grasp-ros2/build/robotiq_description' returned '0': CMAKE_PREFIX_PATH=${CMAKE_PREFIX_PATH}:/opt/ros/jazzy DEBUGINFOD_URLS=https://debuginfod.ubuntu.com PS1=\[\e]0;\u@\h: \w\a\]${debian_chroot:+($debian_chroot)}\[\033[01;32m\]\u@\h\[\033[00m\]:\[\033[01;34m\]\w\[\033[00m\]\$ /usr/bin/cmake --install /home/maya/Documents/projects/agri-grasp-ros2/build/robotiq_description
