[0.141s] Invoking command in '/home/maya/Documents/projects/agri-grasp-ros2/build/fruit_models': CMAKE_PREFIX_PATH=${CMAKE_PREFIX_PATH}:/opt/ros/jazzy DEBUGINFOD_URLS=https://debuginfod.ubuntu.com /usr/bin/cmake /home/maya/Documents/projects/agri-grasp-ros2/src/fruit_models -DCMAKE_INSTALL_PREFIX=/home/maya/Documents/projects/agri-grasp-ros2/install/fruit_models
[0.160s] -- Found ament_cmake: 2.5.6 (/opt/ros/jazzy/share/ament_cmake/cmake)
[0.306s] -- Override CMake install command with custom implementation using symlinks instead of copying resources
[0.379s] -- Configuring done (0.2s)
[0.383s] -- Generating done (0.0s)
[0.384s] -- Build files have been written to: /home/maya/Documents/projects/agri-grasp-ros2/build/fruit_models
[0.390s] Invoked command in '/home/maya/Documents/projects/agri-grasp-ros2/build/fruit_models' returned '0': CMAKE_PREFIX_PATH=${CMAKE_PREFIX_PATH}:/opt/ros/jazzy DEBUGINFOD_URLS=https://debuginfod.ubuntu.com /usr/bin/cmake /home/maya/Documents/projects/agri-grasp-ros2/src/fruit_models -DCMAKE_INSTALL_PREFIX=/home/maya/Documents/projects/agri-grasp-ros2/install/fruit_models
[0.391s] Invoking command in '/home/maya/Documents/projects/agri-grasp-ros2/build/fruit_models': CMAKE_PREFIX_PATH=${CMAKE_PREFIX_PATH}:/opt/ros/jazzy DEBUGINFOD_URLS=https://debuginfod.ubuntu.com /usr/bin/cmake --build /home/maya/Documents/projects/agri-grasp-ros2/build/fruit_models -- -j22 -l22
[0.436s] Invoked command in '/home/maya/Documents/projects/agri-grasp-ros2/build/fruit_models' returned '0': CMAKE_PREFIX_PATH=${CMAKE_PREFIX_PATH}:/opt/ros/jazzy DEBUGINFOD_URLS=https://debuginfod.ubuntu.com /usr/bin/cmake --build /home/maya/Documents/projects/agri-grasp-ros2/build/fruit_models -- -j22 -l22
[0.437s] Invoking command in '/home/maya/Documents/projects/agri-grasp-ros2/build/fruit_models': CMAKE_PREFIX_PATH=${CMAKE_PREFIX_PATH}:/opt/ros/jazzy DEBUGINFOD_URLS=https://debuginfod.ubuntu.com /usr/bin/cmake --install /home/maya/Documents/projects/agri-grasp-ros2/build/fruit_models
[0.445s] -- Install configuration: ""
[0.446s] -- Execute custom install script
[0.447s] -- Up-to-date symlink: /home/maya/Documents/projects/agri-grasp-ros2/install/fruit_models/share/fruit_models/models/apple/apple.stl
[0.447s] -- Up-to-date symlink: /home/maya/Documents/projects/agri-grasp-ros2/install/fruit_models/share/fruit_models/models/apple/apple_config.xml
[0.447s] -- Up-to-date symlink: /home/maya/Documents/projects/agri-grasp-ros2/install/fruit_models/share/fruit_models/models/apple/apple_model.sdf
[0.447s] -- Up-to-date symlink: /home/maya/Documents/projects/agri-grasp-ros2/install/fruit_models/share/fruit_models/models/orange/model.config
[0.448s] -- Up-to-date symlink: /home/maya/Documents/projects/agri-grasp-ros2/install/fruit_models/share/fruit_models/models/orange/model.sdf
[0.448s] -- Up-to-date symlink: /home/maya/Documents/projects/agri-grasp-ros2/install/fruit_models/share/fruit_models/models/orange/orange.stl
[0.448s] -- Up-to-date symlink: /home/maya/Documents/projects/agri-grasp-ros2/install/fruit_models/share/fruit_models/models/peach/peach.stl
[0.448s] -- Up-to-date symlink: /home/maya/Documents/projects/agri-grasp-ros2/install/fruit_models/share/fruit_models/models/peach/peach_config.xml
[0.448s] -- Up-to-date symlink: /home/maya/Documents/projects/agri-grasp-ros2/install/fruit_models/share/fruit_models/models/peach/peach_model.sdf
[0.449s] -- Up-to-date symlink: /home/maya/Documents/projects/agri-grasp-ros2/install/fruit_models/share/fruit_models/models/pear/pear.stl
[0.449s] -- Up-to-date symlink: /home/maya/Documents/projects/agri-grasp-ros2/install/fruit_models/share/fruit_models/models/pear/pear_config.xml
[0.449s] -- Up-to-date symlink: /home/maya/Documents/projects/agri-grasp-ros2/install/fruit_models/share/fruit_models/models/pear/pear_model.sdf
[0.449s] -- Up-to-date symlink: /home/maya/Documents/projects/agri-grasp-ros2/install/fruit_models/share/fruit_models/models/tree_branch/model.config
[0.449s] -- Up-to-date symlink: /home/maya/Documents/projects/agri-grasp-ros2/install/fruit_models/share/fruit_models/models/tree_branch/model.sdf
[0.449s] -- Up-to-date symlink: /home/maya/Documents/projects/agri-grasp-ros2/install/fruit_models/share/fruit_models/models/tree_branch/tree_branch.stl
[0.449s] -- Up-to-date symlink: /home/maya/Documents/projects/agri-grasp-ros2/install/fruit_models/share/ament_index/resource_index/package_run_dependencies/fruit_models
[0.449s] -- Up-to-date symlink: /home/maya/Documents/projects/agri-grasp-ros2/install/fruit_models/share/ament_index/resource_index/parent_prefix_path/fruit_models
[0.449s] -- Up-to-date symlink: /home/maya/Documents/projects/agri-grasp-ros2/install/fruit_models/share/fruit_models/environment/ament_prefix_path.sh
[0.449s] -- Up-to-date symlink: /home/maya/Documents/projects/agri-grasp-ros2/install/fruit_models/share/fruit_models/environment/ament_prefix_path.dsv
[0.449s] -- Up-to-date symlink: /home/maya/Documents/projects/agri-grasp-ros2/install/fruit_models/share/fruit_models/environment/path.sh
[0.449s] -- Up-to-date symlink: /home/maya/Documents/projects/agri-grasp-ros2/install/fruit_models/share/fruit_models/environment/path.dsv
[0.450s] -- Up-to-date symlink: /home/maya/Documents/projects/agri-grasp-ros2/install/fruit_models/share/fruit_models/local_setup.bash
[0.450s] -- Up-to-date symlink: /home/maya/Documents/projects/agri-grasp-ros2/install/fruit_models/share/fruit_models/local_setup.sh
[0.450s] -- Up-to-date symlink: /home/maya/Documents/projects/agri-grasp-ros2/install/fruit_models/share/fruit_models/local_setup.zsh
[0.450s] -- Up-to-date symlink: /home/maya/Documents/projects/agri-grasp-ros2/install/fruit_models/share/fruit_models/local_setup.dsv
[0.450s] -- Symlinking: /home/maya/Documents/projects/agri-grasp-ros2/install/fruit_models/share/fruit_models/package.dsv
[0.455s] -- Up-to-date symlink: /home/maya/Documents/projects/agri-grasp-ros2/install/fruit_models/share/ament_index/resource_index/packages/fruit_models
[0.455s] -- Up-to-date symlink: /home/maya/Documents/projects/agri-grasp-ros2/install/fruit_models/share/fruit_models/cmake/fruit_modelsConfig.cmake
[0.455s] -- Up-to-date symlink: /home/maya/Documents/projects/agri-grasp-ros2/install/fruit_models/share/fruit_models/cmake/fruit_modelsConfig-version.cmake
[0.455s] -- Up-to-date symlink: /home/maya/Documents/projects/agri-grasp-ros2/install/fruit_models/share/fruit_models/package.xml
[0.457s] Invoked command in '/home/maya/Documents/projects/agri-grasp-ros2/build/fruit_models' returned '0': CMAKE_PREFIX_PATH=${CMAKE_PREFIX_PATH}:/opt/ros/jazzy DEBUGINFOD_URLS=https://debuginfod.ubuntu.com /usr/bin/cmake --install /home/maya/Documents/projects/agri-grasp-ros2/build/fruit_models
