[0.009s] Invoking command in '/home/maya/Documents/projects/agri-grasp-ros2/build/fruit_models': CMAKE_PREFIX_PATH=${CMAKE_PREFIX_PATH}:/opt/ros/jazzy DEBUGINFOD_URLS=https://debuginfod.ubuntu.com /usr/bin/cmake /home/maya/Documents/projects/agri-grasp-ros2/src/fruit_models -DAMENT_CMAKE_SYMLINK_INSTALL=1 -DCMAKE_INSTALL_PREFIX=/home/maya/Documents/projects/agri-grasp-ros2/install/fruit_models
[0.095s] -- The C compiler identification is GNU 13.3.0
[0.163s] -- The CXX compiler identification is GNU 13.3.0
[0.178s] -- Detecting C compiler ABI info
[0.259s] -- Detecting C compiler ABI info - done
[0.265s] -- Check for working C compiler: /usr/bin/cc - skipped
[0.265s] -- Detecting C compile features
[0.266s] -- Detecting C compile features - done
[0.273s] -- Detecting CXX compiler ABI info
[0.352s] -- Detecting CXX compiler ABI info - done
[0.358s] -- Check for working CXX compiler: /usr/bin/c++ - skipped
[0.358s] -- Detecting CXX compile features
[0.358s] -- Detecting CXX compile features - done
[0.363s] -- Found ament_cmake: 2.5.6 (/opt/ros/jazzy/share/ament_cmake/cmake)
[0.483s] -- Found Python3: /usr/bin/python3 (found version "3.12.3") found components: Interpreter 
[0.536s] -- Override CMake install command with custom implementation using symlinks instead of copying resources
[0.621s] -- Configuring done (0.6s)
[0.622s] -- Generating done (0.0s)
[0.623s] -- Build files have been written to: /home/maya/Documents/projects/agri-grasp-ros2/build/fruit_models
[0.628s] Invoked command in '/home/maya/Documents/projects/agri-grasp-ros2/build/fruit_models' returned '0': CMAKE_PREFIX_PATH=${CMAKE_PREFIX_PATH}:/opt/ros/jazzy DEBUGINFOD_URLS=https://debuginfod.ubuntu.com /usr/bin/cmake /home/maya/Documents/projects/agri-grasp-ros2/src/fruit_models -DAMENT_CMAKE_SYMLINK_INSTALL=1 -DCMAKE_INSTALL_PREFIX=/home/maya/Documents/projects/agri-grasp-ros2/install/fruit_models
[0.629s] Invoking command in '/home/maya/Documents/projects/agri-grasp-ros2/build/fruit_models': CMAKE_PREFIX_PATH=${CMAKE_PREFIX_PATH}:/opt/ros/jazzy DEBUGINFOD_URLS=https://debuginfod.ubuntu.com /usr/bin/cmake --build /home/maya/Documents/projects/agri-grasp-ros2/build/fruit_models -- -j22 -l22
[0.662s] Invoked command in '/home/maya/Documents/projects/agri-grasp-ros2/build/fruit_models' returned '0': CMAKE_PREFIX_PATH=${CMAKE_PREFIX_PATH}:/opt/ros/jazzy DEBUGINFOD_URLS=https://debuginfod.ubuntu.com /usr/bin/cmake --build /home/maya/Documents/projects/agri-grasp-ros2/build/fruit_models -- -j22 -l22
[0.672s] Invoking command in '/home/maya/Documents/projects/agri-grasp-ros2/build/fruit_models': CMAKE_PREFIX_PATH=${CMAKE_PREFIX_PATH}:/opt/ros/jazzy DEBUGINFOD_URLS=https://debuginfod.ubuntu.com /usr/bin/cmake --install /home/maya/Documents/projects/agri-grasp-ros2/build/fruit_models
[0.678s] -- Install configuration: ""
[0.678s] -- Execute custom install script
[0.679s] -- Symlinking: /home/maya/Documents/projects/agri-grasp-ros2/install/fruit_models/share/fruit_models/models/apple/apple.stl
[0.687s] -- Symlinking: /home/maya/Documents/projects/agri-grasp-ros2/install/fruit_models/share/fruit_models/models/apple/apple_config.xml
[0.694s] -- Symlinking: /home/maya/Documents/projects/agri-grasp-ros2/install/fruit_models/share/fruit_models/models/apple/apple_model.sdf
[0.701s] -- Symlinking: /home/maya/Documents/projects/agri-grasp-ros2/install/fruit_models/share/fruit_models/models/orange/model.config
[0.709s] -- Symlinking: /home/maya/Documents/projects/agri-grasp-ros2/install/fruit_models/share/fruit_models/models/orange/model.sdf
[0.713s] -- Symlinking: /home/maya/Documents/projects/agri-grasp-ros2/install/fruit_models/share/fruit_models/models/orange/orange.stl
[0.721s] -- Symlinking: /home/maya/Documents/projects/agri-grasp-ros2/install/fruit_models/share/fruit_models/models/peach/peach.stl
[0.729s] -- Symlinking: /home/maya/Documents/projects/agri-grasp-ros2/install/fruit_models/share/fruit_models/models/peach/peach_config.xml
[0.737s] -- Symlinking: /home/maya/Documents/projects/agri-grasp-ros2/install/fruit_models/share/fruit_models/models/peach/peach_model.sdf
[0.743s] -- Symlinking: /home/maya/Documents/projects/agri-grasp-ros2/install/fruit_models/share/fruit_models/models/pear/pear.stl
[0.750s] -- Symlinking: /home/maya/Documents/projects/agri-grasp-ros2/install/fruit_models/share/fruit_models/models/pear/pear_config.xml
[0.756s] -- Symlinking: /home/maya/Documents/projects/agri-grasp-ros2/install/fruit_models/share/fruit_models/models/pear/pear_model.sdf
[0.762s] -- Symlinking: /home/maya/Documents/projects/agri-grasp-ros2/install/fruit_models/share/fruit_models/models/tree_branch/model.config
[0.770s] -- Symlinking: /home/maya/Documents/projects/agri-grasp-ros2/install/fruit_models/share/fruit_models/models/tree_branch/model.sdf
[0.778s] -- Symlinking: /home/maya/Documents/projects/agri-grasp-ros2/install/fruit_models/share/fruit_models/models/tree_branch/tree_branch.stl
[0.786s] -- Symlinking: /home/maya/Documents/projects/agri-grasp-ros2/install/fruit_models/share/ament_index/resource_index/package_run_dependencies/fruit_models
[0.793s] -- Symlinking: /home/maya/Documents/projects/agri-grasp-ros2/install/fruit_models/share/ament_index/resource_index/parent_prefix_path/fruit_models
[0.802s] -- Symlinking: /home/maya/Documents/projects/agri-grasp-ros2/install/fruit_models/share/fruit_models/environment/ament_prefix_path.sh
[0.807s] -- Symlinking: /home/maya/Documents/projects/agri-grasp-ros2/install/fruit_models/share/fruit_models/environment/ament_prefix_path.dsv
[0.815s] -- Symlinking: /home/maya/Documents/projects/agri-grasp-ros2/install/fruit_models/share/fruit_models/environment/path.sh
[0.823s] -- Symlinking: /home/maya/Documents/projects/agri-grasp-ros2/install/fruit_models/share/fruit_models/environment/path.dsv
[0.831s] -- Symlinking: /home/maya/Documents/projects/agri-grasp-ros2/install/fruit_models/share/fruit_models/local_setup.bash
[0.839s] -- Symlinking: /home/maya/Documents/projects/agri-grasp-ros2/install/fruit_models/share/fruit_models/local_setup.sh
[0.847s] -- Symlinking: /home/maya/Documents/projects/agri-grasp-ros2/install/fruit_models/share/fruit_models/local_setup.zsh
[0.855s] -- Symlinking: /home/maya/Documents/projects/agri-grasp-ros2/install/fruit_models/share/fruit_models/local_setup.dsv
[0.863s] -- Symlinking: /home/maya/Documents/projects/agri-grasp-ros2/install/fruit_models/share/fruit_models/package.dsv
[0.872s] -- Symlinking: /home/maya/Documents/projects/agri-grasp-ros2/install/fruit_models/share/ament_index/resource_index/packages/fruit_models
[0.878s] -- Symlinking: /home/maya/Documents/projects/agri-grasp-ros2/install/fruit_models/share/fruit_models/cmake/fruit_modelsConfig.cmake
[0.884s] -- Symlinking: /home/maya/Documents/projects/agri-grasp-ros2/install/fruit_models/share/fruit_models/cmake/fruit_modelsConfig-version.cmake
[0.892s] -- Symlinking: /home/maya/Documents/projects/agri-grasp-ros2/install/fruit_models/share/fruit_models/package.xml
[0.901s] Invoked command in '/home/maya/Documents/projects/agri-grasp-ros2/build/fruit_models' returned '0': CMAKE_PREFIX_PATH=${CMAKE_PREFIX_PATH}:/opt/ros/jazzy DEBUGINFOD_URLS=https://debuginfod.ubuntu.com /usr/bin/cmake --install /home/maya/Documents/projects/agri-grasp-ros2/build/fruit_models
