[0.058s] DEBUG:colcon:Command line arguments: ['/usr/bin/colcon', 'build', '--symlink-install']
[0.058s] DEBUG:colcon:Parsed command line arguments: Namespace(log_base=None, log_level=None, verb_name='build', build_base='build', install_base='install', merge_install=False, symlink_install=True, test_result_base=None, continue_on_error=False, executor='parallel', parallel_workers=22, event_handlers=None, ignore_user_meta=False, metas=['./colcon.meta'], base_paths=['.'], packages_ignore=None, packages_ignore_regex=None, paths=None, packages_up_to=None, packages_up_to_regex=None, packages_above=None, packages_above_and_dependencies=None, packages_above_depth=None, packages_select_by_dep=None, packages_skip_by_dep=None, packages_skip_up_to=None, packages_select_build_failed=False, packages_skip_build_finished=False, packages_select_test_failures=False, packages_skip_test_passed=False, packages_select=None, packages_skip=None, packages_select_regex=None, packages_skip_regex=None, packages_start=None, packages_end=None, allow_overriding=[], cmake_args=None, cmake_target=None, cmake_target_skip_unavailable=False, cmake_clean_cache=False, cmake_clean_first=False, cmake_force_configure=False, ament_cmake_args=None, catkin_cmake_args=None, catkin_skip_building_tests=False, mixin_files=None, mixin=None, verb_parser=<colcon_mixin.mixin.mixin_argument.MixinArgumentDecorator object at 0x7bf36c994560>, verb_extension=<colcon_core.verb.build.BuildVerb object at 0x7bf36d5caf60>, main=<bound method BuildVerb.main of <colcon_core.verb.build.BuildVerb object at 0x7bf36d5caf60>>, mixin_verb=('build',))
[0.080s] Level 1:colcon.colcon_core.package_discovery:discover_packages(colcon_meta) check parameters
[0.080s] Level 1:colcon.colcon_core.package_discovery:discover_packages(recursive) check parameters
[0.080s] Level 1:colcon.colcon_core.package_discovery:discover_packages(ignore) check parameters
[0.080s] Level 1:colcon.colcon_core.package_discovery:discover_packages(path) check parameters
[0.080s] Level 1:colcon.colcon_core.package_discovery:discover_packages(colcon_meta) discover
[0.080s] Level 1:colcon.colcon_core.package_discovery:discover_packages(recursive) discover
[0.080s] INFO:colcon.colcon_core.package_discovery:Crawling recursively for packages in '/home/maya/Documents/projects/agri-grasp-ros2'
[0.080s] Level 1:colcon.colcon_core.package_identification:_identify(.) by extensions ['ignore', 'ignore_ament_install']
[0.080s] Level 1:colcon.colcon_core.package_identification:_identify(.) by extension 'ignore'
[0.080s] Level 1:colcon.colcon_core.package_identification:_identify(.) by extension 'ignore_ament_install'
[0.080s] Level 1:colcon.colcon_core.package_identification:_identify(.) by extensions ['colcon_pkg']
[0.080s] Level 1:colcon.colcon_core.package_identification:_identify(.) by extension 'colcon_pkg'
[0.080s] Level 1:colcon.colcon_core.package_identification:_identify(.) by extensions ['colcon_meta']
[0.080s] Level 1:colcon.colcon_core.package_identification:_identify(.) by extension 'colcon_meta'
[0.080s] Level 1:colcon.colcon_core.package_identification:_identify(.) by extensions ['ros']
[0.080s] Level 1:colcon.colcon_core.package_identification:_identify(.) by extension 'ros'
[0.095s] Level 1:colcon.colcon_core.package_identification:_identify(.) by extensions ['cmake', 'python']
[0.095s] Level 1:colcon.colcon_core.package_identification:_identify(.) by extension 'cmake'
[0.095s] Level 1:colcon.colcon_core.package_identification:_identify(.) by extension 'python'
[0.095s] Level 1:colcon.colcon_core.package_identification:_identify(.) by extensions ['python_setup_py']
[0.095s] Level 1:colcon.colcon_core.package_identification:_identify(.) by extension 'python_setup_py'
[0.095s] Level 1:colcon.colcon_core.package_identification:_identify(build) by extensions ['ignore', 'ignore_ament_install']
[0.095s] Level 1:colcon.colcon_core.package_identification:_identify(build) by extension 'ignore'
[0.095s] Level 1:colcon.colcon_core.package_identification:_identify(build) ignored
[0.095s] Level 1:colcon.colcon_core.package_identification:_identify(docs) by extensions ['ignore', 'ignore_ament_install']
[0.095s] Level 1:colcon.colcon_core.package_identification:_identify(docs) by extension 'ignore'
[0.095s] Level 1:colcon.colcon_core.package_identification:_identify(docs) by extension 'ignore_ament_install'
[0.095s] Level 1:colcon.colcon_core.package_identification:_identify(docs) by extensions ['colcon_pkg']
[0.095s] Level 1:colcon.colcon_core.package_identification:_identify(docs) by extension 'colcon_pkg'
[0.095s] Level 1:colcon.colcon_core.package_identification:_identify(docs) by extensions ['colcon_meta']
[0.095s] Level 1:colcon.colcon_core.package_identification:_identify(docs) by extension 'colcon_meta'
[0.095s] Level 1:colcon.colcon_core.package_identification:_identify(docs) by extensions ['ros']
[0.095s] Level 1:colcon.colcon_core.package_identification:_identify(docs) by extension 'ros'
[0.095s] Level 1:colcon.colcon_core.package_identification:_identify(docs) by extensions ['cmake', 'python']
[0.095s] Level 1:colcon.colcon_core.package_identification:_identify(docs) by extension 'cmake'
[0.095s] Level 1:colcon.colcon_core.package_identification:_identify(docs) by extension 'python'
[0.095s] Level 1:colcon.colcon_core.package_identification:_identify(docs) by extensions ['python_setup_py']
[0.095s] Level 1:colcon.colcon_core.package_identification:_identify(docs) by extension 'python_setup_py'
[0.095s] Level 1:colcon.colcon_core.package_identification:_identify(install) by extensions ['ignore', 'ignore_ament_install']
[0.095s] Level 1:colcon.colcon_core.package_identification:_identify(install) by extension 'ignore'
[0.095s] Level 1:colcon.colcon_core.package_identification:_identify(install) ignored
[0.096s] Level 1:colcon.colcon_core.package_identification:_identify(log) by extensions ['ignore', 'ignore_ament_install']
[0.096s] Level 1:colcon.colcon_core.package_identification:_identify(log) by extension 'ignore'
[0.096s] Level 1:colcon.colcon_core.package_identification:_identify(log) ignored
[0.096s] Level 1:colcon.colcon_core.package_identification:_identify(matlab) by extensions ['ignore', 'ignore_ament_install']
[0.096s] Level 1:colcon.colcon_core.package_identification:_identify(matlab) by extension 'ignore'
[0.096s] Level 1:colcon.colcon_core.package_identification:_identify(matlab) by extension 'ignore_ament_install'
[0.096s] Level 1:colcon.colcon_core.package_identification:_identify(matlab) by extensions ['colcon_pkg']
[0.096s] Level 1:colcon.colcon_core.package_identification:_identify(matlab) by extension 'colcon_pkg'
[0.096s] Level 1:colcon.colcon_core.package_identification:_identify(matlab) by extensions ['colcon_meta']
[0.096s] Level 1:colcon.colcon_core.package_identification:_identify(matlab) by extension 'colcon_meta'
[0.096s] Level 1:colcon.colcon_core.package_identification:_identify(matlab) by extensions ['ros']
[0.096s] Level 1:colcon.colcon_core.package_identification:_identify(matlab) by extension 'ros'
[0.096s] Level 1:colcon.colcon_core.package_identification:_identify(matlab) by extensions ['cmake', 'python']
[0.096s] Level 1:colcon.colcon_core.package_identification:_identify(matlab) by extension 'cmake'
[0.096s] Level 1:colcon.colcon_core.package_identification:_identify(matlab) by extension 'python'
[0.096s] Level 1:colcon.colcon_core.package_identification:_identify(matlab) by extensions ['python_setup_py']
[0.096s] Level 1:colcon.colcon_core.package_identification:_identify(matlab) by extension 'python_setup_py'
[0.096s] Level 1:colcon.colcon_core.package_identification:_identify(src) by extensions ['ignore', 'ignore_ament_install']
[0.096s] Level 1:colcon.colcon_core.package_identification:_identify(src) by extension 'ignore'
[0.096s] Level 1:colcon.colcon_core.package_identification:_identify(src) by extension 'ignore_ament_install'
[0.096s] Level 1:colcon.colcon_core.package_identification:_identify(src) by extensions ['colcon_pkg']
[0.096s] Level 1:colcon.colcon_core.package_identification:_identify(src) by extension 'colcon_pkg'
[0.096s] Level 1:colcon.colcon_core.package_identification:_identify(src) by extensions ['colcon_meta']
[0.096s] Level 1:colcon.colcon_core.package_identification:_identify(src) by extension 'colcon_meta'
[0.096s] Level 1:colcon.colcon_core.package_identification:_identify(src) by extensions ['ros']
[0.096s] Level 1:colcon.colcon_core.package_identification:_identify(src) by extension 'ros'
[0.096s] Level 1:colcon.colcon_core.package_identification:_identify(src) by extensions ['cmake', 'python']
[0.096s] Level 1:colcon.colcon_core.package_identification:_identify(src) by extension 'cmake'
[0.096s] Level 1:colcon.colcon_core.package_identification:_identify(src) by extension 'python'
[0.096s] Level 1:colcon.colcon_core.package_identification:_identify(src) by extensions ['python_setup_py']
[0.096s] Level 1:colcon.colcon_core.package_identification:_identify(src) by extension 'python_setup_py'
[0.096s] Level 1:colcon.colcon_core.package_identification:_identify(src/fruit_models) by extensions ['ignore', 'ignore_ament_install']
[0.096s] Level 1:colcon.colcon_core.package_identification:_identify(src/fruit_models) by extension 'ignore'
[0.096s] Level 1:colcon.colcon_core.package_identification:_identify(src/fruit_models) by extension 'ignore_ament_install'
[0.096s] Level 1:colcon.colcon_core.package_identification:_identify(src/fruit_models) by extensions ['colcon_pkg']
[0.096s] Level 1:colcon.colcon_core.package_identification:_identify(src/fruit_models) by extension 'colcon_pkg'
[0.096s] Level 1:colcon.colcon_core.package_identification:_identify(src/fruit_models) by extensions ['colcon_meta']
[0.096s] Level 1:colcon.colcon_core.package_identification:_identify(src/fruit_models) by extension 'colcon_meta'
[0.096s] Level 1:colcon.colcon_core.package_identification:_identify(src/fruit_models) by extensions ['ros']
[0.096s] Level 1:colcon.colcon_core.package_identification:_identify(src/fruit_models) by extension 'ros'
[0.098s] DEBUG:colcon.colcon_core.package_identification:Package 'src/fruit_models' with type 'ros.ament_cmake' and name 'fruit_models'
[0.098s] Level 1:colcon.colcon_core.package_identification:_identify(src/ros2_robotiq_gripper) by extensions ['ignore', 'ignore_ament_install']
[0.098s] Level 1:colcon.colcon_core.package_identification:_identify(src/ros2_robotiq_gripper) by extension 'ignore'
[0.098s] Level 1:colcon.colcon_core.package_identification:_identify(src/ros2_robotiq_gripper) by extension 'ignore_ament_install'
[0.098s] Level 1:colcon.colcon_core.package_identification:_identify(src/ros2_robotiq_gripper) by extensions ['colcon_pkg']
[0.098s] Level 1:colcon.colcon_core.package_identification:_identify(src/ros2_robotiq_gripper) by extension 'colcon_pkg'
[0.098s] Level 1:colcon.colcon_core.package_identification:_identify(src/ros2_robotiq_gripper) by extensions ['colcon_meta']
[0.098s] Level 1:colcon.colcon_core.package_identification:_identify(src/ros2_robotiq_gripper) by extension 'colcon_meta'
[0.098s] Level 1:colcon.colcon_core.package_identification:_identify(src/ros2_robotiq_gripper) by extensions ['ros']
[0.098s] Level 1:colcon.colcon_core.package_identification:_identify(src/ros2_robotiq_gripper) by extension 'ros'
[0.098s] Level 1:colcon.colcon_core.package_identification:_identify(src/ros2_robotiq_gripper) by extensions ['cmake', 'python']
[0.098s] Level 1:colcon.colcon_core.package_identification:_identify(src/ros2_robotiq_gripper) by extension 'cmake'
[0.098s] Level 1:colcon.colcon_core.package_identification:_identify(src/ros2_robotiq_gripper) by extension 'python'
[0.098s] Level 1:colcon.colcon_core.package_identification:_identify(src/ros2_robotiq_gripper) by extensions ['python_setup_py']
[0.098s] Level 1:colcon.colcon_core.package_identification:_identify(src/ros2_robotiq_gripper) by extension 'python_setup_py'
[0.098s] Level 1:colcon.colcon_core.package_identification:_identify(src/ros2_robotiq_gripper/robotiq_controllers) by extensions ['ignore', 'ignore_ament_install']
[0.098s] Level 1:colcon.colcon_core.package_identification:_identify(src/ros2_robotiq_gripper/robotiq_controllers) by extension 'ignore'
[0.098s] Level 1:colcon.colcon_core.package_identification:_identify(src/ros2_robotiq_gripper/robotiq_controllers) by extension 'ignore_ament_install'
[0.098s] Level 1:colcon.colcon_core.package_identification:_identify(src/ros2_robotiq_gripper/robotiq_controllers) by extensions ['colcon_pkg']
[0.098s] Level 1:colcon.colcon_core.package_identification:_identify(src/ros2_robotiq_gripper/robotiq_controllers) by extension 'colcon_pkg'
[0.098s] Level 1:colcon.colcon_core.package_identification:_identify(src/ros2_robotiq_gripper/robotiq_controllers) by extensions ['colcon_meta']
[0.098s] Level 1:colcon.colcon_core.package_identification:_identify(src/ros2_robotiq_gripper/robotiq_controllers) by extension 'colcon_meta'
[0.098s] Level 1:colcon.colcon_core.package_identification:_identify(src/ros2_robotiq_gripper/robotiq_controllers) by extensions ['ros']
[0.098s] Level 1:colcon.colcon_core.package_identification:_identify(src/ros2_robotiq_gripper/robotiq_controllers) by extension 'ros'
[0.099s] DEBUG:colcon.colcon_core.package_identification:Package 'src/ros2_robotiq_gripper/robotiq_controllers' with type 'ros.ament_cmake' and name 'robotiq_controllers'
[0.099s] Level 1:colcon.colcon_core.package_identification:_identify(src/ros2_robotiq_gripper/robotiq_description) by extensions ['ignore', 'ignore_ament_install']
[0.099s] Level 1:colcon.colcon_core.package_identification:_identify(src/ros2_robotiq_gripper/robotiq_description) by extension 'ignore'
[0.099s] Level 1:colcon.colcon_core.package_identification:_identify(src/ros2_robotiq_gripper/robotiq_description) by extension 'ignore_ament_install'
[0.099s] Level 1:colcon.colcon_core.package_identification:_identify(src/ros2_robotiq_gripper/robotiq_description) by extensions ['colcon_pkg']
[0.099s] Level 1:colcon.colcon_core.package_identification:_identify(src/ros2_robotiq_gripper/robotiq_description) by extension 'colcon_pkg'
[0.099s] Level 1:colcon.colcon_core.package_identification:_identify(src/ros2_robotiq_gripper/robotiq_description) by extensions ['colcon_meta']
[0.099s] Level 1:colcon.colcon_core.package_identification:_identify(src/ros2_robotiq_gripper/robotiq_description) by extension 'colcon_meta'
[0.099s] Level 1:colcon.colcon_core.package_identification:_identify(src/ros2_robotiq_gripper/robotiq_description) by extensions ['ros']
[0.099s] Level 1:colcon.colcon_core.package_identification:_identify(src/ros2_robotiq_gripper/robotiq_description) by extension 'ros'
[0.099s] DEBUG:colcon.colcon_core.package_identification:Package 'src/ros2_robotiq_gripper/robotiq_description' with type 'ros.ament_cmake' and name 'robotiq_description'
[0.099s] Level 1:colcon.colcon_core.package_identification:_identify(src/ros2_robotiq_gripper/robotiq_driver) by extensions ['ignore', 'ignore_ament_install']
[0.099s] Level 1:colcon.colcon_core.package_identification:_identify(src/ros2_robotiq_gripper/robotiq_driver) by extension 'ignore'
[0.099s] Level 1:colcon.colcon_core.package_identification:_identify(src/ros2_robotiq_gripper/robotiq_driver) ignored
[0.099s] Level 1:colcon.colcon_core.package_identification:_identify(src/ros2_robotiq_gripper/robotiq_hardware_tests) by extensions ['ignore', 'ignore_ament_install']
[0.099s] Level 1:colcon.colcon_core.package_identification:_identify(src/ros2_robotiq_gripper/robotiq_hardware_tests) by extension 'ignore'
[0.099s] Level 1:colcon.colcon_core.package_identification:_identify(src/ros2_robotiq_gripper/robotiq_hardware_tests) ignored
[0.099s] Level 1:colcon.colcon_core.package_identification:_identify(stl) by extensions ['ignore', 'ignore_ament_install']
[0.099s] Level 1:colcon.colcon_core.package_identification:_identify(stl) by extension 'ignore'
[0.099s] Level 1:colcon.colcon_core.package_identification:_identify(stl) by extension 'ignore_ament_install'
[0.099s] Level 1:colcon.colcon_core.package_identification:_identify(stl) by extensions ['colcon_pkg']
[0.099s] Level 1:colcon.colcon_core.package_identification:_identify(stl) by extension 'colcon_pkg'
[0.099s] Level 1:colcon.colcon_core.package_identification:_identify(stl) by extensions ['colcon_meta']
[0.099s] Level 1:colcon.colcon_core.package_identification:_identify(stl) by extension 'colcon_meta'
[0.099s] Level 1:colcon.colcon_core.package_identification:_identify(stl) by extensions ['ros']
[0.099s] Level 1:colcon.colcon_core.package_identification:_identify(stl) by extension 'ros'
[0.100s] Level 1:colcon.colcon_core.package_identification:_identify(stl) by extensions ['cmake', 'python']
[0.100s] Level 1:colcon.colcon_core.package_identification:_identify(stl) by extension 'cmake'
[0.100s] Level 1:colcon.colcon_core.package_identification:_identify(stl) by extension 'python'
[0.100s] Level 1:colcon.colcon_core.package_identification:_identify(stl) by extensions ['python_setup_py']
[0.100s] Level 1:colcon.colcon_core.package_identification:_identify(stl) by extension 'python_setup_py'
[0.100s] Level 1:colcon.colcon_core.package_discovery:discover_packages(recursive) using defaults
[0.100s] Level 1:colcon.colcon_core.package_discovery:discover_packages(ignore) discover
[0.100s] Level 1:colcon.colcon_core.package_discovery:discover_packages(ignore) using defaults
[0.100s] Level 1:colcon.colcon_core.package_discovery:discover_packages(path) discover
[0.100s] Level 1:colcon.colcon_core.package_discovery:discover_packages(path) using defaults
[0.110s] Level 1:colcon.colcon_core.package_discovery:discover_packages(prefix_path) check parameters
[0.110s] Level 1:colcon.colcon_core.package_discovery:discover_packages(prefix_path) discover
[0.110s] WARNING:colcon.colcon_ros.prefix_path.ament:The path '/home/maya/Documents/projects/agri-grasp-ros2/install/robotiq_description' in the environment variable AMENT_PREFIX_PATH doesn't exist
[0.110s] WARNING:colcon.colcon_ros.prefix_path.ament:The path '/home/maya/Documents/projects/agri-grasp-ros2/install/robotiq_controllers' in the environment variable AMENT_PREFIX_PATH doesn't exist
[0.110s] WARNING:colcon.colcon_ros.prefix_path.ament:The path '/home/maya/Documents/projects/agri-grasp-ros2/install/fruit_models' in the environment variable AMENT_PREFIX_PATH doesn't exist
[0.110s] WARNING:colcon.colcon_ros.prefix_path.catkin:The path '/home/maya/Documents/projects/agri-grasp-ros2/install/robotiq_description' in the environment variable CMAKE_PREFIX_PATH doesn't exist
[0.110s] WARNING:colcon.colcon_ros.prefix_path.catkin:The path '/home/maya/Documents/projects/agri-grasp-ros2/install/robotiq_controllers' in the environment variable CMAKE_PREFIX_PATH doesn't exist
[0.110s] WARNING:colcon.colcon_ros.prefix_path.catkin:The path '/home/maya/Documents/projects/agri-grasp-ros2/install/fruit_models' in the environment variable CMAKE_PREFIX_PATH doesn't exist
[0.111s] DEBUG:colcon.colcon_installed_package_information.package_discovery:Found 0 installed packages in /home/maya/Documents/projects/agri-grasp-ros2/install
[0.112s] DEBUG:colcon.colcon_installed_package_information.package_discovery:Found 364 installed packages in /opt/ros/jazzy
[0.113s] Level 1:colcon.colcon_core.package_discovery:discover_packages(prefix_path) using defaults
[0.137s] Level 5:colcon.colcon_core.verb:set package 'fruit_models' build argument 'cmake_args' from command line to 'None'
[0.137s] Level 5:colcon.colcon_core.verb:set package 'fruit_models' build argument 'cmake_target' from command line to 'None'
[0.137s] Level 5:colcon.colcon_core.verb:set package 'fruit_models' build argument 'cmake_target_skip_unavailable' from command line to 'False'
[0.137s] Level 5:colcon.colcon_core.verb:set package 'fruit_models' build argument 'cmake_clean_cache' from command line to 'False'
[0.137s] Level 5:colcon.colcon_core.verb:set package 'fruit_models' build argument 'cmake_clean_first' from command line to 'False'
[0.137s] Level 5:colcon.colcon_core.verb:set package 'fruit_models' build argument 'cmake_force_configure' from command line to 'False'
[0.137s] Level 5:colcon.colcon_core.verb:set package 'fruit_models' build argument 'ament_cmake_args' from command line to 'None'
[0.138s] Level 5:colcon.colcon_core.verb:set package 'fruit_models' build argument 'catkin_cmake_args' from command line to 'None'
[0.138s] Level 5:colcon.colcon_core.verb:set package 'fruit_models' build argument 'catkin_skip_building_tests' from command line to 'False'
[0.138s] DEBUG:colcon.colcon_core.verb:Building package 'fruit_models' with the following arguments: {'ament_cmake_args': None, 'build_base': '/home/maya/Documents/projects/agri-grasp-ros2/build/fruit_models', 'catkin_cmake_args': None, 'catkin_skip_building_tests': False, 'cmake_args': None, 'cmake_clean_cache': False, 'cmake_clean_first': False, 'cmake_force_configure': False, 'cmake_target': None, 'cmake_target_skip_unavailable': False, 'install_base': '/home/maya/Documents/projects/agri-grasp-ros2/install/fruit_models', 'merge_install': False, 'path': '/home/maya/Documents/projects/agri-grasp-ros2/src/fruit_models', 'symlink_install': True, 'test_result_base': None}
[0.138s] Level 5:colcon.colcon_core.verb:set package 'robotiq_controllers' build argument 'cmake_args' from command line to 'None'
[0.138s] Level 5:colcon.colcon_core.verb:set package 'robotiq_controllers' build argument 'cmake_target' from command line to 'None'
[0.138s] Level 5:colcon.colcon_core.verb:set package 'robotiq_controllers' build argument 'cmake_target_skip_unavailable' from command line to 'False'
[0.138s] Level 5:colcon.colcon_core.verb:set package 'robotiq_controllers' build argument 'cmake_clean_cache' from command line to 'False'
[0.138s] Level 5:colcon.colcon_core.verb:set package 'robotiq_controllers' build argument 'cmake_clean_first' from command line to 'False'
[0.138s] Level 5:colcon.colcon_core.verb:set package 'robotiq_controllers' build argument 'cmake_force_configure' from command line to 'False'
[0.138s] Level 5:colcon.colcon_core.verb:set package 'robotiq_controllers' build argument 'ament_cmake_args' from command line to 'None'
[0.138s] Level 5:colcon.colcon_core.verb:set package 'robotiq_controllers' build argument 'catkin_cmake_args' from command line to 'None'
[0.138s] Level 5:colcon.colcon_core.verb:set package 'robotiq_controllers' build argument 'catkin_skip_building_tests' from command line to 'False'
[0.138s] DEBUG:colcon.colcon_core.verb:Building package 'robotiq_controllers' with the following arguments: {'ament_cmake_args': None, 'build_base': '/home/maya/Documents/projects/agri-grasp-ros2/build/robotiq_controllers', 'catkin_cmake_args': None, 'catkin_skip_building_tests': False, 'cmake_args': None, 'cmake_clean_cache': False, 'cmake_clean_first': False, 'cmake_force_configure': False, 'cmake_target': None, 'cmake_target_skip_unavailable': False, 'install_base': '/home/maya/Documents/projects/agri-grasp-ros2/install/robotiq_controllers', 'merge_install': False, 'path': '/home/maya/Documents/projects/agri-grasp-ros2/src/ros2_robotiq_gripper/robotiq_controllers', 'symlink_install': True, 'test_result_base': None}
[0.138s] Level 5:colcon.colcon_core.verb:set package 'robotiq_description' build argument 'cmake_args' from command line to 'None'
[0.138s] Level 5:colcon.colcon_core.verb:set package 'robotiq_description' build argument 'cmake_target' from command line to 'None'
[0.138s] Level 5:colcon.colcon_core.verb:set package 'robotiq_description' build argument 'cmake_target_skip_unavailable' from command line to 'False'
[0.138s] Level 5:colcon.colcon_core.verb:set package 'robotiq_description' build argument 'cmake_clean_cache' from command line to 'False'
[0.138s] Level 5:colcon.colcon_core.verb:set package 'robotiq_description' build argument 'cmake_clean_first' from command line to 'False'
[0.138s] Level 5:colcon.colcon_core.verb:set package 'robotiq_description' build argument 'cmake_force_configure' from command line to 'False'
[0.138s] Level 5:colcon.colcon_core.verb:set package 'robotiq_description' build argument 'ament_cmake_args' from command line to 'None'
[0.138s] Level 5:colcon.colcon_core.verb:set package 'robotiq_description' build argument 'catkin_cmake_args' from command line to 'None'
[0.138s] Level 5:colcon.colcon_core.verb:set package 'robotiq_description' build argument 'catkin_skip_building_tests' from command line to 'False'
[0.138s] DEBUG:colcon.colcon_core.verb:Building package 'robotiq_description' with the following arguments: {'ament_cmake_args': None, 'build_base': '/home/maya/Documents/projects/agri-grasp-ros2/build/robotiq_description', 'catkin_cmake_args': None, 'catkin_skip_building_tests': False, 'cmake_args': None, 'cmake_clean_cache': False, 'cmake_clean_first': False, 'cmake_force_configure': False, 'cmake_target': None, 'cmake_target_skip_unavailable': False, 'install_base': '/home/maya/Documents/projects/agri-grasp-ros2/install/robotiq_description', 'merge_install': False, 'path': '/home/maya/Documents/projects/agri-grasp-ros2/src/ros2_robotiq_gripper/robotiq_description', 'symlink_install': True, 'test_result_base': None}
[0.138s] INFO:colcon.colcon_core.executor:Executing jobs using 'parallel' executor
[0.139s] DEBUG:colcon.colcon_parallel_executor.executor.parallel:run_until_complete
[0.139s] INFO:colcon.colcon_ros.task.ament_cmake.build:Building ROS package in '/home/maya/Documents/projects/agri-grasp-ros2/src/fruit_models' with build type 'ament_cmake'
[0.139s] INFO:colcon.colcon_cmake.task.cmake.build:Building CMake package in '/home/maya/Documents/projects/agri-grasp-ros2/src/fruit_models'
[0.141s] INFO:colcon.colcon_core.plugin_system:Skipping extension 'colcon_core.shell.bat': Not used on non-Windows systems
[0.141s] INFO:colcon.colcon_core.shell:Skip shell extension 'powershell' for command environment: Not usable outside of PowerShell
[0.141s] DEBUG:colcon.colcon_core.shell:Skip shell extension 'dsv' for command environment
[0.144s] INFO:colcon.colcon_ros.task.ament_cmake.build:Building ROS package in '/home/maya/Documents/projects/agri-grasp-ros2/src/ros2_robotiq_gripper/robotiq_controllers' with build type 'ament_cmake'
[0.144s] INFO:colcon.colcon_cmake.task.cmake.build:Building CMake package in '/home/maya/Documents/projects/agri-grasp-ros2/src/ros2_robotiq_gripper/robotiq_controllers'
[0.144s] INFO:colcon.colcon_core.shell:Skip shell extension 'powershell' for command environment: Not usable outside of PowerShell
[0.144s] DEBUG:colcon.colcon_core.shell:Skip shell extension 'dsv' for command environment
[0.146s] INFO:colcon.colcon_ros.task.ament_cmake.build:Building ROS package in '/home/maya/Documents/projects/agri-grasp-ros2/src/ros2_robotiq_gripper/robotiq_description' with build type 'ament_cmake'
[0.146s] INFO:colcon.colcon_cmake.task.cmake.build:Building CMake package in '/home/maya/Documents/projects/agri-grasp-ros2/src/ros2_robotiq_gripper/robotiq_description'
[0.146s] INFO:colcon.colcon_core.shell:Skip shell extension 'powershell' for command environment: Not usable outside of PowerShell
[0.146s] DEBUG:colcon.colcon_core.shell:Skip shell extension 'dsv' for command environment
[0.149s] DEBUG:colcon.colcon_core.event_handler.log_command:Invoking command in '/home/maya/Documents/projects/agri-grasp-ros2/build/fruit_models': CMAKE_PREFIX_PATH=${CMAKE_PREFIX_PATH}:/opt/ros/jazzy DEBUGINFOD_URLS=https://debuginfod.ubuntu.com /usr/bin/cmake /home/maya/Documents/projects/agri-grasp-ros2/src/fruit_models -DAMENT_CMAKE_SYMLINK_INSTALL=1 -DCMAKE_INSTALL_PREFIX=/home/maya/Documents/projects/agri-grasp-ros2/install/fruit_models
[0.150s] DEBUG:colcon.colcon_core.event_handler.log_command:Invoking command in '/home/maya/Documents/projects/agri-grasp-ros2/build/robotiq_controllers': CMAKE_PREFIX_PATH=${CMAKE_PREFIX_PATH}:/opt/ros/jazzy DEBUGINFOD_URLS=https://debuginfod.ubuntu.com /usr/bin/cmake /home/maya/Documents/projects/agri-grasp-ros2/src/ros2_robotiq_gripper/robotiq_controllers -DAMENT_CMAKE_SYMLINK_INSTALL=1 -DCMAKE_INSTALL_PREFIX=/home/maya/Documents/projects/agri-grasp-ros2/install/robotiq_controllers
[0.153s] DEBUG:colcon.colcon_core.event_handler.log_command:Invoking command in '/home/maya/Documents/projects/agri-grasp-ros2/build/robotiq_description': CMAKE_PREFIX_PATH=${CMAKE_PREFIX_PATH}:/opt/ros/jazzy DEBUGINFOD_URLS=https://debuginfod.ubuntu.com /usr/bin/cmake /home/maya/Documents/projects/agri-grasp-ros2/src/ros2_robotiq_gripper/robotiq_description -DAMENT_CMAKE_SYMLINK_INSTALL=1 -DCMAKE_INSTALL_PREFIX=/home/maya/Documents/projects/agri-grasp-ros2/install/robotiq_description
[0.768s] DEBUG:colcon.colcon_core.event_handler.log_command:Invoked command in '/home/maya/Documents/projects/agri-grasp-ros2/build/fruit_models' returned '0': CMAKE_PREFIX_PATH=${CMAKE_PREFIX_PATH}:/opt/ros/jazzy DEBUGINFOD_URLS=https://debuginfod.ubuntu.com /usr/bin/cmake /home/maya/Documents/projects/agri-grasp-ros2/src/fruit_models -DAMENT_CMAKE_SYMLINK_INSTALL=1 -DCMAKE_INSTALL_PREFIX=/home/maya/Documents/projects/agri-grasp-ros2/install/fruit_models
[0.768s] DEBUG:colcon.colcon_core.event_handler.log_command:Invoking command in '/home/maya/Documents/projects/agri-grasp-ros2/build/fruit_models': CMAKE_PREFIX_PATH=${CMAKE_PREFIX_PATH}:/opt/ros/jazzy DEBUGINFOD_URLS=https://debuginfod.ubuntu.com /usr/bin/cmake --build /home/maya/Documents/projects/agri-grasp-ros2/build/fruit_models -- -j22 -l22
[0.779s] DEBUG:colcon.colcon_core.event_handler.log_command:Invoked command in '/home/maya/Documents/projects/agri-grasp-ros2/build/robotiq_description' returned '0': CMAKE_PREFIX_PATH=${CMAKE_PREFIX_PATH}:/opt/ros/jazzy DEBUGINFOD_URLS=https://debuginfod.ubuntu.com /usr/bin/cmake /home/maya/Documents/projects/agri-grasp-ros2/src/ros2_robotiq_gripper/robotiq_description -DAMENT_CMAKE_SYMLINK_INSTALL=1 -DCMAKE_INSTALL_PREFIX=/home/maya/Documents/projects/agri-grasp-ros2/install/robotiq_description
[0.780s] DEBUG:colcon.colcon_core.event_handler.log_command:Invoking command in '/home/maya/Documents/projects/agri-grasp-ros2/build/robotiq_description': CMAKE_PREFIX_PATH=${CMAKE_PREFIX_PATH}:/opt/ros/jazzy DEBUGINFOD_URLS=https://debuginfod.ubuntu.com /usr/bin/cmake --build /home/maya/Documents/projects/agri-grasp-ros2/build/robotiq_description -- -j22 -l22
[0.801s] DEBUG:colcon.colcon_core.event_handler.log_command:Invoked command in '/home/maya/Documents/projects/agri-grasp-ros2/build/fruit_models' returned '0': CMAKE_PREFIX_PATH=${CMAKE_PREFIX_PATH}:/opt/ros/jazzy DEBUGINFOD_URLS=https://debuginfod.ubuntu.com /usr/bin/cmake --build /home/maya/Documents/projects/agri-grasp-ros2/build/fruit_models -- -j22 -l22
[0.811s] DEBUG:colcon.colcon_core.event_handler.log_command:Invoking command in '/home/maya/Documents/projects/agri-grasp-ros2/build/fruit_models': CMAKE_PREFIX_PATH=${CMAKE_PREFIX_PATH}:/opt/ros/jazzy DEBUGINFOD_URLS=https://debuginfod.ubuntu.com /usr/bin/cmake --install /home/maya/Documents/projects/agri-grasp-ros2/build/fruit_models
[0.812s] DEBUG:colcon.colcon_core.event_handler.log_command:Invoked command in '/home/maya/Documents/projects/agri-grasp-ros2/build/robotiq_description' returned '0': CMAKE_PREFIX_PATH=${CMAKE_PREFIX_PATH}:/opt/ros/jazzy DEBUGINFOD_URLS=https://debuginfod.ubuntu.com /usr/bin/cmake --build /home/maya/Documents/projects/agri-grasp-ros2/build/robotiq_description -- -j22 -l22
[0.813s] DEBUG:colcon.colcon_core.event_handler.log_command:Invoking command in '/home/maya/Documents/projects/agri-grasp-ros2/build/robotiq_description': CMAKE_PREFIX_PATH=${CMAKE_PREFIX_PATH}:/opt/ros/jazzy DEBUGINFOD_URLS=https://debuginfod.ubuntu.com /usr/bin/cmake --install /home/maya/Documents/projects/agri-grasp-ros2/build/robotiq_description
[1.041s] Level 1:colcon.colcon_core.environment:create_environment_scripts_only(fruit_models)
[1.041s] DEBUG:colcon.colcon_core.event_handler.log_command:Invoked command in '/home/maya/Documents/projects/agri-grasp-ros2/build/fruit_models' returned '0': CMAKE_PREFIX_PATH=${CMAKE_PREFIX_PATH}:/opt/ros/jazzy DEBUGINFOD_URLS=https://debuginfod.ubuntu.com /usr/bin/cmake --install /home/maya/Documents/projects/agri-grasp-ros2/build/fruit_models
[1.042s] Level 1:colcon.colcon_core.environment:checking '/home/maya/Documents/projects/agri-grasp-ros2/install/fruit_models' for CMake module files
[1.043s] Level 1:colcon.colcon_core.environment:checking '/home/maya/Documents/projects/agri-grasp-ros2/install/fruit_models' for CMake config files
[1.043s] Level 1:colcon.colcon_core.shell:create_environment_hook('fruit_models', 'cmake_prefix_path')
[1.043s] INFO:colcon.colcon_core.shell:Creating environment hook '/home/maya/Documents/projects/agri-grasp-ros2/install/fruit_models/share/fruit_models/hook/cmake_prefix_path.ps1'
[1.043s] INFO:colcon.colcon_core.shell:Creating environment descriptor '/home/maya/Documents/projects/agri-grasp-ros2/install/fruit_models/share/fruit_models/hook/cmake_prefix_path.dsv'
[1.043s] INFO:colcon.colcon_core.shell:Creating environment hook '/home/maya/Documents/projects/agri-grasp-ros2/install/fruit_models/share/fruit_models/hook/cmake_prefix_path.sh'
[1.044s] Level 1:colcon.colcon_core.environment:checking '/home/maya/Documents/projects/agri-grasp-ros2/install/fruit_models/bin'
[1.044s] Level 1:colcon.colcon_core.environment:checking '/home/maya/Documents/projects/agri-grasp-ros2/install/fruit_models/lib/pkgconfig/fruit_models.pc'
[1.044s] Level 1:colcon.colcon_core.environment:checking '/home/maya/Documents/projects/agri-grasp-ros2/install/fruit_models/lib/python3.12/site-packages'
[1.044s] Level 1:colcon.colcon_core.environment:checking '/home/maya/Documents/projects/agri-grasp-ros2/install/fruit_models/bin'
[1.044s] INFO:colcon.colcon_core.shell:Creating package script '/home/maya/Documents/projects/agri-grasp-ros2/install/fruit_models/share/fruit_models/package.ps1'
[1.045s] INFO:colcon.colcon_core.shell:Creating package descriptor '/home/maya/Documents/projects/agri-grasp-ros2/install/fruit_models/share/fruit_models/package.dsv'
[1.045s] INFO:colcon.colcon_core.shell:Creating package script '/home/maya/Documents/projects/agri-grasp-ros2/install/fruit_models/share/fruit_models/package.sh'
[1.045s] INFO:colcon.colcon_core.shell:Creating package script '/home/maya/Documents/projects/agri-grasp-ros2/install/fruit_models/share/fruit_models/package.bash'
[1.046s] INFO:colcon.colcon_core.shell:Creating package script '/home/maya/Documents/projects/agri-grasp-ros2/install/fruit_models/share/fruit_models/package.zsh'
[1.046s] Level 1:colcon.colcon_core.environment:create_file_with_runtime_dependencies(/home/maya/Documents/projects/agri-grasp-ros2/install/fruit_models/share/colcon-core/packages/fruit_models)
[1.046s] Level 1:colcon.colcon_core.environment:create_environment_scripts_only(fruit_models)
[1.046s] Level 1:colcon.colcon_core.environment:checking '/home/maya/Documents/projects/agri-grasp-ros2/install/fruit_models' for CMake module files
[1.046s] Level 1:colcon.colcon_core.environment:checking '/home/maya/Documents/projects/agri-grasp-ros2/install/fruit_models' for CMake config files
[1.047s] Level 1:colcon.colcon_core.shell:create_environment_hook('fruit_models', 'cmake_prefix_path')
[1.047s] INFO:colcon.colcon_core.shell:Creating environment hook '/home/maya/Documents/projects/agri-grasp-ros2/install/fruit_models/share/fruit_models/hook/cmake_prefix_path.ps1'
[1.047s] INFO:colcon.colcon_core.shell:Creating environment descriptor '/home/maya/Documents/projects/agri-grasp-ros2/install/fruit_models/share/fruit_models/hook/cmake_prefix_path.dsv'
[1.047s] INFO:colcon.colcon_core.shell:Creating environment hook '/home/maya/Documents/projects/agri-grasp-ros2/install/fruit_models/share/fruit_models/hook/cmake_prefix_path.sh'
[1.047s] Level 1:colcon.colcon_core.environment:checking '/home/maya/Documents/projects/agri-grasp-ros2/install/fruit_models/bin'
[1.047s] Level 1:colcon.colcon_core.environment:checking '/home/maya/Documents/projects/agri-grasp-ros2/install/fruit_models/lib/pkgconfig/fruit_models.pc'
[1.047s] Level 1:colcon.colcon_core.environment:checking '/home/maya/Documents/projects/agri-grasp-ros2/install/fruit_models/lib/python3.12/site-packages'
[1.048s] Level 1:colcon.colcon_core.environment:checking '/home/maya/Documents/projects/agri-grasp-ros2/install/fruit_models/bin'
[1.048s] INFO:colcon.colcon_core.shell:Creating package script '/home/maya/Documents/projects/agri-grasp-ros2/install/fruit_models/share/fruit_models/package.ps1'
[1.048s] INFO:colcon.colcon_core.shell:Creating package descriptor '/home/maya/Documents/projects/agri-grasp-ros2/install/fruit_models/share/fruit_models/package.dsv'
[1.048s] INFO:colcon.colcon_core.shell:Creating package script '/home/maya/Documents/projects/agri-grasp-ros2/install/fruit_models/share/fruit_models/package.sh'
[1.049s] INFO:colcon.colcon_core.shell:Creating package script '/home/maya/Documents/projects/agri-grasp-ros2/install/fruit_models/share/fruit_models/package.bash'
[1.049s] INFO:colcon.colcon_core.shell:Creating package script '/home/maya/Documents/projects/agri-grasp-ros2/install/fruit_models/share/fruit_models/package.zsh'
[1.049s] Level 1:colcon.colcon_core.environment:create_file_with_runtime_dependencies(/home/maya/Documents/projects/agri-grasp-ros2/install/fruit_models/share/colcon-core/packages/fruit_models)
[1.297s] Level 1:colcon.colcon_core.environment:create_environment_scripts_only(robotiq_description)
[1.297s] Level 1:colcon.colcon_core.environment:checking '/home/maya/Documents/projects/agri-grasp-ros2/install/robotiq_description' for CMake module files
[1.297s] DEBUG:colcon.colcon_core.event_handler.log_command:Invoked command in '/home/maya/Documents/projects/agri-grasp-ros2/build/robotiq_description' returned '0': CMAKE_PREFIX_PATH=${CMAKE_PREFIX_PATH}:/opt/ros/jazzy DEBUGINFOD_URLS=https://debuginfod.ubuntu.com /usr/bin/cmake --install /home/maya/Documents/projects/agri-grasp-ros2/build/robotiq_description
[1.298s] Level 1:colcon.colcon_core.environment:checking '/home/maya/Documents/projects/agri-grasp-ros2/install/robotiq_description' for CMake config files
[1.298s] Level 1:colcon.colcon_core.shell:create_environment_hook('robotiq_description', 'cmake_prefix_path')
[1.298s] INFO:colcon.colcon_core.shell:Creating environment hook '/home/maya/Documents/projects/agri-grasp-ros2/install/robotiq_description/share/robotiq_description/hook/cmake_prefix_path.ps1'
[1.299s] INFO:colcon.colcon_core.shell:Creating environment descriptor '/home/maya/Documents/projects/agri-grasp-ros2/install/robotiq_description/share/robotiq_description/hook/cmake_prefix_path.dsv'
[1.299s] INFO:colcon.colcon_core.shell:Creating environment hook '/home/maya/Documents/projects/agri-grasp-ros2/install/robotiq_description/share/robotiq_description/hook/cmake_prefix_path.sh'
[1.300s] Level 1:colcon.colcon_core.environment:checking '/home/maya/Documents/projects/agri-grasp-ros2/install/robotiq_description/bin'
[1.300s] Level 1:colcon.colcon_core.environment:checking '/home/maya/Documents/projects/agri-grasp-ros2/install/robotiq_description/lib/pkgconfig/robotiq_description.pc'
[1.300s] Level 1:colcon.colcon_core.environment:checking '/home/maya/Documents/projects/agri-grasp-ros2/install/robotiq_description/lib/python3.12/site-packages'
[1.300s] Level 1:colcon.colcon_core.environment:checking '/home/maya/Documents/projects/agri-grasp-ros2/install/robotiq_description/bin'
[1.300s] INFO:colcon.colcon_core.shell:Creating package script '/home/maya/Documents/projects/agri-grasp-ros2/install/robotiq_description/share/robotiq_description/package.ps1'
[1.301s] INFO:colcon.colcon_core.shell:Creating package descriptor '/home/maya/Documents/projects/agri-grasp-ros2/install/robotiq_description/share/robotiq_description/package.dsv'
[1.301s] INFO:colcon.colcon_core.shell:Creating package script '/home/maya/Documents/projects/agri-grasp-ros2/install/robotiq_description/share/robotiq_description/package.sh'
[1.301s] INFO:colcon.colcon_core.shell:Creating package script '/home/maya/Documents/projects/agri-grasp-ros2/install/robotiq_description/share/robotiq_description/package.bash'
[1.301s] INFO:colcon.colcon_core.shell:Creating package script '/home/maya/Documents/projects/agri-grasp-ros2/install/robotiq_description/share/robotiq_description/package.zsh'
[1.301s] Level 1:colcon.colcon_core.environment:create_file_with_runtime_dependencies(/home/maya/Documents/projects/agri-grasp-ros2/install/robotiq_description/share/colcon-core/packages/robotiq_description)
[1.302s] Level 1:colcon.colcon_core.environment:create_environment_scripts_only(robotiq_description)
[1.302s] Level 1:colcon.colcon_core.environment:checking '/home/maya/Documents/projects/agri-grasp-ros2/install/robotiq_description' for CMake module files
[1.302s] Level 1:colcon.colcon_core.environment:checking '/home/maya/Documents/projects/agri-grasp-ros2/install/robotiq_description' for CMake config files
[1.302s] Level 1:colcon.colcon_core.shell:create_environment_hook('robotiq_description', 'cmake_prefix_path')
[1.302s] INFO:colcon.colcon_core.shell:Creating environment hook '/home/maya/Documents/projects/agri-grasp-ros2/install/robotiq_description/share/robotiq_description/hook/cmake_prefix_path.ps1'
[1.302s] INFO:colcon.colcon_core.shell:Creating environment descriptor '/home/maya/Documents/projects/agri-grasp-ros2/install/robotiq_description/share/robotiq_description/hook/cmake_prefix_path.dsv'
[1.303s] INFO:colcon.colcon_core.shell:Creating environment hook '/home/maya/Documents/projects/agri-grasp-ros2/install/robotiq_description/share/robotiq_description/hook/cmake_prefix_path.sh'
[1.303s] Level 1:colcon.colcon_core.environment:checking '/home/maya/Documents/projects/agri-grasp-ros2/install/robotiq_description/bin'
[1.303s] Level 1:colcon.colcon_core.environment:checking '/home/maya/Documents/projects/agri-grasp-ros2/install/robotiq_description/lib/pkgconfig/robotiq_description.pc'
[1.303s] Level 1:colcon.colcon_core.environment:checking '/home/maya/Documents/projects/agri-grasp-ros2/install/robotiq_description/lib/python3.12/site-packages'
[1.303s] Level 1:colcon.colcon_core.environment:checking '/home/maya/Documents/projects/agri-grasp-ros2/install/robotiq_description/bin'
[1.303s] INFO:colcon.colcon_core.shell:Creating package script '/home/maya/Documents/projects/agri-grasp-ros2/install/robotiq_description/share/robotiq_description/package.ps1'
[1.304s] INFO:colcon.colcon_core.shell:Creating package descriptor '/home/maya/Documents/projects/agri-grasp-ros2/install/robotiq_description/share/robotiq_description/package.dsv'
[1.304s] INFO:colcon.colcon_core.shell:Creating package script '/home/maya/Documents/projects/agri-grasp-ros2/install/robotiq_description/share/robotiq_description/package.sh'
[1.304s] INFO:colcon.colcon_core.shell:Creating package script '/home/maya/Documents/projects/agri-grasp-ros2/install/robotiq_description/share/robotiq_description/package.bash'
[1.304s] INFO:colcon.colcon_core.shell:Creating package script '/home/maya/Documents/projects/agri-grasp-ros2/install/robotiq_description/share/robotiq_description/package.zsh'
[1.305s] Level 1:colcon.colcon_core.environment:create_file_with_runtime_dependencies(/home/maya/Documents/projects/agri-grasp-ros2/install/robotiq_description/share/colcon-core/packages/robotiq_description)
[1.439s] DEBUG:colcon.colcon_core.event_handler.log_command:Invoked command in '/home/maya/Documents/projects/agri-grasp-ros2/build/robotiq_controllers' returned '0': CMAKE_PREFIX_PATH=${CMAKE_PREFIX_PATH}:/opt/ros/jazzy DEBUGINFOD_URLS=https://debuginfod.ubuntu.com /usr/bin/cmake /home/maya/Documents/projects/agri-grasp-ros2/src/ros2_robotiq_gripper/robotiq_controllers -DAMENT_CMAKE_SYMLINK_INSTALL=1 -DCMAKE_INSTALL_PREFIX=/home/maya/Documents/projects/agri-grasp-ros2/install/robotiq_controllers
[1.441s] DEBUG:colcon.colcon_core.event_handler.log_command:Invoking command in '/home/maya/Documents/projects/agri-grasp-ros2/build/robotiq_controllers': CMAKE_PREFIX_PATH=${CMAKE_PREFIX_PATH}:/opt/ros/jazzy DEBUGINFOD_URLS=https://debuginfod.ubuntu.com /usr/bin/cmake --build /home/maya/Documents/projects/agri-grasp-ros2/build/robotiq_controllers -- -j22 -l22
[4.454s] DEBUG:colcon.colcon_core.event_handler.log_command:Invoked command in '/home/maya/Documents/projects/agri-grasp-ros2/build/robotiq_controllers' returned '0': CMAKE_PREFIX_PATH=${CMAKE_PREFIX_PATH}:/opt/ros/jazzy DEBUGINFOD_URLS=https://debuginfod.ubuntu.com /usr/bin/cmake --build /home/maya/Documents/projects/agri-grasp-ros2/build/robotiq_controllers -- -j22 -l22
[4.455s] DEBUG:colcon.colcon_core.event_handler.log_command:Invoking command in '/home/maya/Documents/projects/agri-grasp-ros2/build/robotiq_controllers': CMAKE_PREFIX_PATH=${CMAKE_PREFIX_PATH}:/opt/ros/jazzy DEBUGINFOD_URLS=https://debuginfod.ubuntu.com /usr/bin/cmake --install /home/maya/Documents/projects/agri-grasp-ros2/build/robotiq_controllers
[4.626s] Level 1:colcon.colcon_core.environment:create_environment_scripts_only(robotiq_controllers)
[4.626s] Level 1:colcon.colcon_core.environment:checking '/home/maya/Documents/projects/agri-grasp-ros2/install/robotiq_controllers' for CMake module files
[4.626s] DEBUG:colcon.colcon_core.event_handler.log_command:Invoked command in '/home/maya/Documents/projects/agri-grasp-ros2/build/robotiq_controllers' returned '0': CMAKE_PREFIX_PATH=${CMAKE_PREFIX_PATH}:/opt/ros/jazzy DEBUGINFOD_URLS=https://debuginfod.ubuntu.com /usr/bin/cmake --install /home/maya/Documents/projects/agri-grasp-ros2/build/robotiq_controllers
[4.627s] Level 1:colcon.colcon_core.environment:checking '/home/maya/Documents/projects/agri-grasp-ros2/install/robotiq_controllers' for CMake config files
[4.627s] Level 1:colcon.colcon_core.shell:create_environment_hook('robotiq_controllers', 'cmake_prefix_path')
[4.627s] INFO:colcon.colcon_core.shell:Creating environment hook '/home/maya/Documents/projects/agri-grasp-ros2/install/robotiq_controllers/share/robotiq_controllers/hook/cmake_prefix_path.ps1'
[4.627s] INFO:colcon.colcon_core.shell:Creating environment descriptor '/home/maya/Documents/projects/agri-grasp-ros2/install/robotiq_controllers/share/robotiq_controllers/hook/cmake_prefix_path.dsv'
[4.627s] INFO:colcon.colcon_core.shell:Creating environment hook '/home/maya/Documents/projects/agri-grasp-ros2/install/robotiq_controllers/share/robotiq_controllers/hook/cmake_prefix_path.sh'
[4.628s] Level 1:colcon.colcon_core.environment:checking '/home/maya/Documents/projects/agri-grasp-ros2/install/robotiq_controllers/lib'
[4.628s] Level 1:colcon.colcon_core.shell:create_environment_hook('robotiq_controllers', 'ld_library_path_lib')
[4.628s] INFO:colcon.colcon_core.shell:Creating environment hook '/home/maya/Documents/projects/agri-grasp-ros2/install/robotiq_controllers/share/robotiq_controllers/hook/ld_library_path_lib.ps1'
[4.628s] INFO:colcon.colcon_core.shell:Creating environment descriptor '/home/maya/Documents/projects/agri-grasp-ros2/install/robotiq_controllers/share/robotiq_controllers/hook/ld_library_path_lib.dsv'
[4.628s] INFO:colcon.colcon_core.shell:Creating environment hook '/home/maya/Documents/projects/agri-grasp-ros2/install/robotiq_controllers/share/robotiq_controllers/hook/ld_library_path_lib.sh'
[4.628s] Level 1:colcon.colcon_core.environment:checking '/home/maya/Documents/projects/agri-grasp-ros2/install/robotiq_controllers/bin'
[4.628s] Level 1:colcon.colcon_core.environment:checking '/home/maya/Documents/projects/agri-grasp-ros2/install/robotiq_controllers/lib/pkgconfig/robotiq_controllers.pc'
[4.629s] Level 1:colcon.colcon_core.environment:checking '/home/maya/Documents/projects/agri-grasp-ros2/install/robotiq_controllers/lib/python3.12/site-packages'
[4.629s] Level 1:colcon.colcon_core.environment:checking '/home/maya/Documents/projects/agri-grasp-ros2/install/robotiq_controllers/bin'
[4.629s] INFO:colcon.colcon_core.shell:Creating package script '/home/maya/Documents/projects/agri-grasp-ros2/install/robotiq_controllers/share/robotiq_controllers/package.ps1'
[4.629s] INFO:colcon.colcon_core.shell:Creating package descriptor '/home/maya/Documents/projects/agri-grasp-ros2/install/robotiq_controllers/share/robotiq_controllers/package.dsv'
[4.629s] INFO:colcon.colcon_core.shell:Creating package script '/home/maya/Documents/projects/agri-grasp-ros2/install/robotiq_controllers/share/robotiq_controllers/package.sh'
[4.630s] INFO:colcon.colcon_core.shell:Creating package script '/home/maya/Documents/projects/agri-grasp-ros2/install/robotiq_controllers/share/robotiq_controllers/package.bash'
[4.630s] INFO:colcon.colcon_core.shell:Creating package script '/home/maya/Documents/projects/agri-grasp-ros2/install/robotiq_controllers/share/robotiq_controllers/package.zsh'
[4.630s] Level 1:colcon.colcon_core.environment:create_file_with_runtime_dependencies(/home/maya/Documents/projects/agri-grasp-ros2/install/robotiq_controllers/share/colcon-core/packages/robotiq_controllers)
[4.630s] Level 1:colcon.colcon_core.environment:create_environment_scripts_only(robotiq_controllers)
[4.630s] Level 1:colcon.colcon_core.environment:checking '/home/maya/Documents/projects/agri-grasp-ros2/install/robotiq_controllers' for CMake module files
[4.630s] Level 1:colcon.colcon_core.environment:checking '/home/maya/Documents/projects/agri-grasp-ros2/install/robotiq_controllers' for CMake config files
[4.631s] Level 1:colcon.colcon_core.shell:create_environment_hook('robotiq_controllers', 'cmake_prefix_path')
[4.631s] INFO:colcon.colcon_core.shell:Creating environment hook '/home/maya/Documents/projects/agri-grasp-ros2/install/robotiq_controllers/share/robotiq_controllers/hook/cmake_prefix_path.ps1'
[4.631s] INFO:colcon.colcon_core.shell:Creating environment descriptor '/home/maya/Documents/projects/agri-grasp-ros2/install/robotiq_controllers/share/robotiq_controllers/hook/cmake_prefix_path.dsv'
[4.631s] INFO:colcon.colcon_core.shell:Creating environment hook '/home/maya/Documents/projects/agri-grasp-ros2/install/robotiq_controllers/share/robotiq_controllers/hook/cmake_prefix_path.sh'
[4.631s] Level 1:colcon.colcon_core.environment:checking '/home/maya/Documents/projects/agri-grasp-ros2/install/robotiq_controllers/lib'
[4.631s] Level 1:colcon.colcon_core.shell:create_environment_hook('robotiq_controllers', 'ld_library_path_lib')
[4.631s] INFO:colcon.colcon_core.shell:Creating environment hook '/home/maya/Documents/projects/agri-grasp-ros2/install/robotiq_controllers/share/robotiq_controllers/hook/ld_library_path_lib.ps1'
[4.632s] INFO:colcon.colcon_core.shell:Creating environment descriptor '/home/maya/Documents/projects/agri-grasp-ros2/install/robotiq_controllers/share/robotiq_controllers/hook/ld_library_path_lib.dsv'
[4.632s] INFO:colcon.colcon_core.shell:Creating environment hook '/home/maya/Documents/projects/agri-grasp-ros2/install/robotiq_controllers/share/robotiq_controllers/hook/ld_library_path_lib.sh'
[4.632s] Level 1:colcon.colcon_core.environment:checking '/home/maya/Documents/projects/agri-grasp-ros2/install/robotiq_controllers/bin'
[4.632s] Level 1:colcon.colcon_core.environment:checking '/home/maya/Documents/projects/agri-grasp-ros2/install/robotiq_controllers/lib/pkgconfig/robotiq_controllers.pc'
[4.632s] Level 1:colcon.colcon_core.environment:checking '/home/maya/Documents/projects/agri-grasp-ros2/install/robotiq_controllers/lib/python3.12/site-packages'
[4.632s] Level 1:colcon.colcon_core.environment:checking '/home/maya/Documents/projects/agri-grasp-ros2/install/robotiq_controllers/bin'
[4.632s] INFO:colcon.colcon_core.shell:Creating package script '/home/maya/Documents/projects/agri-grasp-ros2/install/robotiq_controllers/share/robotiq_controllers/package.ps1'
[4.633s] INFO:colcon.colcon_core.shell:Creating package descriptor '/home/maya/Documents/projects/agri-grasp-ros2/install/robotiq_controllers/share/robotiq_controllers/package.dsv'
[4.633s] INFO:colcon.colcon_core.shell:Creating package script '/home/maya/Documents/projects/agri-grasp-ros2/install/robotiq_controllers/share/robotiq_controllers/package.sh'
[4.633s] INFO:colcon.colcon_core.shell:Creating package script '/home/maya/Documents/projects/agri-grasp-ros2/install/robotiq_controllers/share/robotiq_controllers/package.bash'
[4.633s] INFO:colcon.colcon_core.shell:Creating package script '/home/maya/Documents/projects/agri-grasp-ros2/install/robotiq_controllers/share/robotiq_controllers/package.zsh'
[4.633s] Level 1:colcon.colcon_core.environment:create_file_with_runtime_dependencies(/home/maya/Documents/projects/agri-grasp-ros2/install/robotiq_controllers/share/colcon-core/packages/robotiq_controllers)
[4.633s] DEBUG:colcon.colcon_parallel_executor.executor.parallel:closing loop
[4.634s] DEBUG:colcon.colcon_parallel_executor.executor.parallel:loop closed
[4.634s] DEBUG:colcon.colcon_parallel_executor.executor.parallel:run_until_complete finished with '0'
[4.634s] DEBUG:colcon.colcon_core.event_reactor:joining thread
[4.639s] INFO:colcon.colcon_core.plugin_system:Skipping extension 'colcon_notification.desktop_notification.terminal_notifier': Not used on non-Darwin systems
[4.639s] INFO:colcon.colcon_core.plugin_system:Skipping extension 'colcon_notification.desktop_notification.win32': Not used on non-Windows systems
[4.639s] INFO:colcon.colcon_notification.desktop_notification:Sending desktop notification using 'notify2'
[4.650s] DEBUG:colcon.colcon_core.event_reactor:joined thread
[4.651s] INFO:colcon.colcon_core.shell:Creating prefix script '/home/maya/Documents/projects/agri-grasp-ros2/install/local_setup.ps1'
[4.651s] INFO:colcon.colcon_core.shell:Creating prefix util module '/home/maya/Documents/projects/agri-grasp-ros2/install/_local_setup_util_ps1.py'
[4.652s] INFO:colcon.colcon_core.shell:Creating prefix chain script '/home/maya/Documents/projects/agri-grasp-ros2/install/setup.ps1'
[4.652s] INFO:colcon.colcon_core.shell:Creating prefix script '/home/maya/Documents/projects/agri-grasp-ros2/install/local_setup.sh'
[4.652s] INFO:colcon.colcon_core.shell:Creating prefix util module '/home/maya/Documents/projects/agri-grasp-ros2/install/_local_setup_util_sh.py'
[4.653s] INFO:colcon.colcon_core.shell:Creating prefix chain script '/home/maya/Documents/projects/agri-grasp-ros2/install/setup.sh'
[4.653s] INFO:colcon.colcon_core.shell:Creating prefix script '/home/maya/Documents/projects/agri-grasp-ros2/install/local_setup.bash'
[4.653s] INFO:colcon.colcon_core.shell:Creating prefix chain script '/home/maya/Documents/projects/agri-grasp-ros2/install/setup.bash'
[4.654s] INFO:colcon.colcon_core.shell:Creating prefix script '/home/maya/Documents/projects/agri-grasp-ros2/install/local_setup.zsh'
[4.654s] INFO:colcon.colcon_core.shell:Creating prefix chain script '/home/maya/Documents/projects/agri-grasp-ros2/install/setup.zsh'
